[08/08/2011 11:12:16] /m kakuna
[08/08/2011 11:12:31] /n misty
[10/09/2011 17:27:30] /i lure ball
[10/09/2011 17:27:33] /m totodile
[10/09/2011 17:27:36] /s squirtle
[10/09/2011 17:27:42] /r
[10/09/2011 17:28:02] /m flaafy
[10/09/2011 17:28:07] /m flaffy
[10/09/2011 17:28:11] /m flaaffy
[10/09/2011 17:28:25] /r
[10/09/2011 17:28:27] /r
[10/09/2011 17:29:18] /m bulbasaur
[10/09/2011 17:29:30] /i pokeball
[10/09/2011 17:29:38] /i pokeballs
[10/09/2011 17:29:41] /i poke ball
[10/09/2011 17:29:57] /m magmar
[10/09/2011 17:30:09] /r
[10/09/2011 17:30:11] /m magmar s
[10/09/2011 17:30:27] /n nurse
[10/09/2011 17:30:39] /r
[10/09/2011 17:35:46] /m magmar s
[10/09/2011 17:35:55] /r
[10/09/2011 17:36:24] /m magmar s
[10/09/2011 17:36:35] /r
[10/09/2011 17:37:24] /m magmar s
[10/09/2011 17:57:26] /m totodile s
[10/09/2011 17:57:56] /m venusaur s
[10/09/2011 17:58:08] /r
[10/09/2011 17:58:09] /r
[10/09/2011 17:58:51] /r
[10/09/2011 17:58:56] /i revive
[12/09/2011 11:48:03] /n apelido
[12/09/2011 11:48:18] /s lugia
[12/09/2011 11:48:21] /m charizard
[12/09/2011 11:48:30] /r
[12/09/2011 11:48:34] /s charizard s
[12/09/2011 11:48:44] /r
[12/09/2011 11:50:12] /r
[12/09/2011 11:50:15] /r
[12/09/2011 11:50:16] /r
[12/09/2011 11:54:57] /m squirtle
[12/09/2011 11:55:05] /i ultra ball
[12/09/2011 11:55:14] /i 2220
[12/09/2011 11:55:42] /m blastoise
[12/09/2011 11:55:56] /m blastoise
[12/09/2011 11:56:17] /m caterpie
[12/09/2011 11:56:28] /m caterpie
[12/09/2011 11:57:02] /i 2227
[12/09/2011 11:58:25] /n apelido
[12/09/2011 14:09:02] /s charizard
[12/09/2011 14:09:04] /m charizard
[12/09/2011 14:09:13] /r
[12/09/2011 14:09:20] /n apelido
[12/09/2011 14:09:53] /s charizard
[12/09/2011 14:09:57] /m charizard
[12/09/2011 14:10:03] /r
[12/09/2011 14:10:13] /m caterpie
[12/09/2011 14:10:15] /s charizard
[12/09/2011 14:10:22] /r
[12/09/2011 14:15:36] /s charmander
[12/09/2011 14:15:43] /m caterpie
[12/09/2011 14:15:51] /r
[12/09/2011 14:15:57] /n apelido
[13/09/2011 15:56:37] /n apelido
[13/09/2011 15:56:40] /s charizard
[13/09/2011 15:56:53] /m haunter
[13/09/2011 15:56:58] /i poke ball
[13/09/2011 15:57:04] /r
[13/09/2011 15:57:08] /i box 4
[13/09/2011 15:57:40] /i 7891
[15/09/2011 16:05:39] /s squirtle
[15/09/2011 16:05:55] /r
[15/09/2011 16:05:57] /r
[15/09/2011 16:06:15] /s charizard
[15/09/2011 16:06:26] /r
[15/09/2011 16:11:24] /m charizard
[15/09/2011 16:11:27] /s charizard s
[15/09/2011 16:14:33] /r
[15/09/2011 16:14:37] /n apelido
[15/09/2011 16:16:54] /r
[15/09/2011 16:23:53] /n wilbert
[15/09/2011 18:07:51] /n wilbert
[15/09/2011 18:08:00] /m squirtle
[15/09/2011 18:08:17] /m wartortle
[15/09/2011 18:08:43] /s charizard
[15/09/2011 18:08:49] /r
[15/09/2011 18:09:01] /s charizard
[15/09/2011 18:09:09] /r
[15/09/2011 18:13:49] /n wilbert
[15/09/2011 18:18:53] /m squirtle
[15/09/2011 18:19:13] /m wartortle
[15/09/2011 18:19:22] /m wartortle
[15/09/2011 18:19:34] /m wartortle
[15/09/2011 23:39:08] /n wilbert
[15/09/2011 23:39:19] /m squirtle
[15/09/2011 23:39:34] /m wartortle
[15/09/2011 23:39:47] /m wartortle
[15/09/2011 23:39:48] /m wartortle
[15/09/2011 23:39:48] /m wartortle
[15/09/2011 23:39:49] /m wartortle
[15/09/2011 23:39:49] /m wartortle
[15/09/2011 23:40:03] /s charizard
[15/09/2011 23:40:07] /m wartortle
[15/09/2011 23:40:08] /m wartortle
[15/09/2011 23:40:08] /m wartortle
[15/09/2011 23:40:09] /m wartortle
[15/09/2011 23:40:09] /m wartortle
[15/09/2011 23:40:14] /m wartortle
[15/09/2011 23:40:15] /m wartortle
[15/09/2011 23:40:15] /m wartortle
[15/09/2011 23:40:16] /m wartortle
[15/09/2011 23:40:17] /m wartortle
[15/09/2011 23:40:17] /m wartortle
[15/09/2011 23:40:17] /m wartortle
[15/09/2011 23:40:18] /m wartortle
[15/09/2011 23:40:19] /m wartortle
[15/09/2011 23:40:19] /m wartortle
[15/09/2011 23:40:20] /m wartortle
[15/09/2011 23:40:20] /m wartortle
[15/09/2011 23:40:21] /m wartortle
[15/09/2011 23:40:22] /m wartortle
[15/09/2011 23:40:22] /m wartortle
[15/09/2011 23:40:23] /m wartortle
[15/09/2011 23:40:24] /m wartortle
[15/09/2011 23:40:37] /i potion
[15/09/2011 23:40:43] /i hyperpotion
[15/09/2011 23:40:48] /i hyper potion
[15/09/2011 23:41:13] /m wartortle
[15/09/2011 23:41:13] /m wartortle
[15/09/2011 23:41:14] /m wartortle
[15/09/2011 23:41:14] /m wartortle
[15/09/2011 23:41:15] /m wartortle
[15/09/2011 23:41:15] /m wartortle
[15/09/2011 23:41:16] /m wartortle
[15/09/2011 23:41:21] /m wartortle
[15/09/2011 23:41:21] /m wartortle
[15/09/2011 23:41:22] /m wartortle
[15/09/2011 23:41:22] /m wartortle
[15/09/2011 23:41:23] /m wartortle
[15/09/2011 23:41:24] /m wartortle
[15/09/2011 23:41:24] /m wartortle
[15/09/2011 23:41:25] /m wartortle
[15/09/2011 23:41:30] /m wartortle
[15/09/2011 23:41:31] /m wartortle
[15/09/2011 23:41:31] /m wartortle
[15/09/2011 23:41:32] /m wartortle
[15/09/2011 23:41:32] /m wartortle
[15/09/2011 23:41:33] /m wartortle
[15/09/2011 23:41:33] /m wartortle
[15/09/2011 23:41:34] /m wartortle
[15/09/2011 23:41:45] /m wartortle
[15/09/2011 23:42:11] /m squirtle
[16/09/2011 10:33:53] /n wilbert
[16/09/2011 10:34:03] /s lugia
[16/09/2011 10:34:06] /m squirtle
[16/09/2011 10:34:14] /r
[16/09/2011 10:34:15] /r
[16/09/2011 10:34:17] /s lugia s
[16/09/2011 10:34:21] /m squirtle
[16/09/2011 10:34:29] /m squirtle
[16/09/2011 10:34:29] /m squirtle
[16/09/2011 10:34:29] /m squirtle
[16/09/2011 10:34:30] /m squirtle
[16/09/2011 10:34:30] /m squirtle
[16/09/2011 10:34:31] /m squirtle
[16/09/2011 10:34:31] /m squirtle
[16/09/2011 10:34:32] /m squirtle
[16/09/2011 10:34:32] /m squirtle
[16/09/2011 10:34:33] /m squirtle
[16/09/2011 10:34:33] /m squirtle
[16/09/2011 10:34:34] /m squirtle
[16/09/2011 10:34:34] /m squirtle
[16/09/2011 10:34:35] /m squirtle
[16/09/2011 10:34:35] /m squirtle
[16/09/2011 10:34:36] /m squirtle
[16/09/2011 10:34:36] /m squirtle
[16/09/2011 10:34:37] /m squirtle
[16/09/2011 10:34:39] /s lugia s
[16/09/2011 10:34:39] /s lugia s
[16/09/2011 10:34:42] /m squirtle
[16/09/2011 10:34:54] /m squirtle
[16/09/2011 10:34:55] /m squirtle
[16/09/2011 10:34:55] /m squirtle
[16/09/2011 10:34:56] /m squirtle
[16/09/2011 10:34:56] /m squirtle
[16/09/2011 10:34:57] /m squirtle
[16/09/2011 10:34:57] /m squirtle
[16/09/2011 10:34:58] /m squirtle
[16/09/2011 10:35:16] /r
[16/09/2011 10:35:19] /r
[16/09/2011 10:35:34] /r
[16/09/2011 10:35:38] /r
[16/09/2011 10:35:43] /m squirtle
[16/09/2011 10:35:43] /m squirtle
[16/09/2011 10:35:43] /m squirtle
[16/09/2011 10:35:44] /m squirtle
[16/09/2011 10:35:45] /m squirtle
[16/09/2011 10:35:46] /m squirtle
[16/09/2011 10:35:46] /m squirtle
[16/09/2011 10:35:47] /m squirtle
[16/09/2011 10:35:47] /m squirtle
[16/09/2011 10:35:48] /m squirtle
[16/09/2011 10:35:48] /m squirtle
[16/09/2011 10:35:49] /m squirtle
[16/09/2011 10:35:50] /m squirtle
[16/09/2011 10:35:50] /m squirtle
[16/09/2011 10:35:51] /m squirtle
[16/09/2011 10:35:51] /m squirtle
[16/09/2011 10:35:52] /m squirtle
[16/09/2011 10:35:52] /m squirtle
[16/09/2011 10:35:53] /m squirtle
[16/09/2011 10:35:53] /m squirtle
[16/09/2011 10:35:54] /m squirtle
[16/09/2011 10:35:55] /m squirtle
[16/09/2011 10:36:18] /m wartortle
[16/09/2011 10:36:19] /m wartortle
[16/09/2011 10:36:19] /m wartortle
[16/09/2011 10:36:20] /m wartortle
[16/09/2011 10:36:20] /m wartortle
[16/09/2011 10:36:21] /m wartortle
[16/09/2011 10:36:21] /m wartortle
[16/09/2011 10:36:22] /m wartortle
[16/09/2011 10:36:22] /m wartortle
[16/09/2011 10:36:23] /m wartortle
[16/09/2011 10:36:23] /m wartortle
[16/09/2011 10:36:24] /m wartortle
[16/09/2011 10:36:24] /m wartortle
[16/09/2011 10:36:25] /m wartortle
[16/09/2011 10:36:26] /m wartortle
[16/09/2011 10:36:26] /m wartortle
[16/09/2011 10:36:27] /m wartortle
[16/09/2011 10:36:27] /m wartortle
[16/09/2011 10:36:28] /m wartortle
[16/09/2011 10:36:29] /m wartortle
[16/09/2011 10:36:29] /m wartortle
[16/09/2011 10:36:40] /m wartortle
[16/09/2011 10:36:40] /m wartortle
[16/09/2011 10:36:41] /m wartortle
[16/09/2011 10:36:41] /m wartortle
[16/09/2011 10:36:42] /m wartortle
[16/09/2011 10:36:42] /m wartortle
[16/09/2011 10:36:43] /m wartortle
[16/09/2011 10:36:43] /m wartortle
[16/09/2011 10:36:44] /m wartortle
[16/09/2011 10:36:44] /m wartortle
[16/09/2011 10:36:45] /m wartortle
[16/09/2011 10:36:45] /m wartortle
[16/09/2011 10:36:46] /m wartortle
[16/09/2011 10:36:46] /m wartortle
[16/09/2011 10:36:47] /m wartortle
[16/09/2011 10:36:47] /m wartortle
[16/09/2011 10:36:48] /m wartortle
[16/09/2011 10:36:59] /m wartortle
[16/09/2011 10:37:00] /m wartortle
[16/09/2011 10:37:00] /m wartortle
[16/09/2011 10:37:01] /m wartortle
[16/09/2011 10:37:01] /m wartortle
[16/09/2011 10:37:02] /m wartortle
[16/09/2011 10:37:02] /m wartortle
[16/09/2011 10:37:03] /m wartortle
[16/09/2011 10:37:03] /m wartortle
[16/09/2011 10:37:04] /m wartortle
[16/09/2011 10:37:04] /m wartortle
[16/09/2011 10:37:05] /m wartortle
[16/09/2011 10:37:06] /m wartortle
[16/09/2011 10:37:06] /m wartortle
[16/09/2011 10:37:07] /m wartortle
[16/09/2011 10:37:07] /m wartortle
[16/09/2011 10:37:08] /m wartortle
[16/09/2011 10:37:09] /m wartortle
[16/09/2011 10:37:27] /m wartortle
[16/09/2011 10:37:28] /m wartortle
[16/09/2011 10:37:28] /m wartortle
[16/09/2011 10:37:29] /m wartortle
[16/09/2011 10:37:29] /m wartortle
[16/09/2011 10:37:30] /m wartortle
[16/09/2011 10:37:31] /m wartortle
[16/09/2011 10:37:31] /m wartortle
[16/09/2011 11:13:45] /s lugia
[16/09/2011 11:13:52] /r
[16/09/2011 11:13:54] /r
[16/09/2011 11:13:57] /s lugia s
[16/09/2011 11:14:00] /n wilbert
[16/09/2011 11:23:16] /n wilbert
[16/09/2011 11:23:42] /m wartortle
[16/09/2011 11:23:45] /s lugia
[16/09/2011 11:23:53] /m squirtle
[16/09/2011 11:23:58] /m squirtle
[17/09/2011 23:23:21] /n wilbert
[17/09/2011 23:23:46] /m squirtle
[17/09/2011 23:23:51] /s venusaur
[17/09/2011 23:24:12] /m squirtle
[17/09/2011 23:24:19] /m wartortle
[17/09/2011 23:28:50] /n wilbert
[17/09/2011 23:29:02] /m squirtle
[17/09/2011 23:29:06] /s charizard
[17/09/2011 23:29:12] /m wartortle
[17/09/2011 23:29:55] /m squirtle
[17/09/2011 23:32:14] /n wilbert
[17/09/2011 23:32:24] /m squirtle
[17/09/2011 23:32:28] /s charizard
[17/09/2011 23:32:36] /m wartortle
[17/09/2011 23:33:53] /m squirtle
[17/09/2011 23:34:01] /m wartortle
[17/09/2011 23:36:48] /m squirtle
[17/09/2011 23:36:51] /s charizard
[17/09/2011 23:46:24] /m wilbert
[17/09/2011 23:49:20] /n wilbert
[17/09/2011 23:49:31] /m squirtle
[17/09/2011 23:49:38] /s charizard
[17/09/2011 23:49:44] /m bulbasaur
[18/09/2011 00:55:59] /n wilbert
[18/09/2011 00:56:11] /m squirtle
[18/09/2011 00:56:14] /m wartortle
[18/09/2011 00:56:15] /s venusaur
[18/09/2011 01:29:13] /n wilbert
[18/09/2011 01:29:22] /m squirtle
[18/09/2011 01:29:25] /s charizard
[18/09/2011 01:29:35] /m wartortle
[18/09/2011 01:29:51] /m squirtle
[09/12/2011 12:59:54] /s vulpix
[09/12/2011 12:59:56] /m chikorita
[09/12/2011 13:00:11] /r
[09/12/2011 13:00:31] /m cyndaquil
[09/12/2011 13:00:53] /m quilva
[09/12/2011 13:00:56] /m quilava
[09/12/2011 13:01:32] /m totodilee
[09/12/2011 13:01:35] /m totodile
[09/12/2011 13:02:40] /i fire stone
[09/12/2011 13:02:45] /i fire stone
[09/12/2011 13:05:09] /i revive
[09/12/2011 13:05:14] /m blastoise
[09/12/2011 13:05:23] /s venusaur shiny
[09/12/2011 13:05:30] /s shiny venusaur
[09/12/2011 13:05:42] /s venusaur
[09/12/2011 13:06:06] /r
[09/12/2011 13:06:33] /m venusaur
[09/12/2011 13:06:39] /r
[09/12/2011 13:06:44] /m venusaur s
[09/12/2011 13:09:06] /m squirtle
[09/12/2011 13:09:24] /i lure ball
[09/12/2011 13:09:42] /m venusaur
[09/12/2011 13:09:51] /r
[09/12/2011 13:09:52] /r
[09/12/2011 13:10:21] /i box 4
[09/12/2011 13:10:38] /m chikorita
[09/12/2011 13:10:50] /m cyndaquil s
[09/12/2011 13:11:09] /m typhlosion
[09/12/2011 13:11:37] /i fast ball
[09/12/2011 13:11:46] /i moon ball
[09/12/2011 13:11:50] /i moonball
[09/12/2011 13:11:59] /m chikorita
[09/12/2011 13:12:00] /m chikorita
[09/12/2011 13:12:00] /m chikorita
[09/12/2011 13:12:01] /m chikorita
[09/12/2011 13:12:01] /m chikorita
[09/12/2011 13:12:02] /m chikorita
[09/12/2011 13:12:02] /m chikorita
[09/12/2011 13:14:33] /m cyndaquil
[09/12/2011 13:15:00] /m cyndaquil
[09/12/2011 13:16:29] /clean
[09/12/2011 13:17:39] /m kadabra s
[09/12/2011 13:17:54] /m alakazam s
[09/12/2011 13:20:51] /r
[09/12/2011 13:20:53] /r
[09/12/2011 13:34:27] /s gloom
[09/12/2011 13:34:30] /i leaf sotne
[09/12/2011 13:34:34] /i leaf stone
[09/12/2011 13:34:43] /r
[09/12/2011 13:34:47] /m charizard
[09/12/2011 13:34:51] /m gloom
[09/12/2011 13:34:54] /s mewtwo
[09/12/2011 13:35:06] /i moonball
[09/12/2011 13:35:25] /i 6017
[09/12/2011 13:35:26] /i 6017
[09/12/2011 13:35:26] /i 6017
[09/12/2011 13:35:26] /i 6017
[09/12/2011 13:35:27] /i 6017
[09/12/2011 13:35:27] /i 6017]
[09/12/2011 13:35:40] /i 6017
[09/12/2011 13:35:47] /i 6017
[09/12/2011 13:35:47] /i poke ball
[09/12/2011 13:35:56] /r
[09/12/2011 13:35:58] /r
[09/12/2011 13:36:34] /i sun stone
[09/12/2011 13:37:26] /i 2307
[10/12/2011 11:59:56] /i ultra ball
[10/12/2011 11:59:57] /i super ball
[10/12/2011 12:00:07] /i fast ball
[10/12/2011 12:00:09] /i moonball
[10/12/2011 12:00:13] /i lure ball
[10/12/2011 12:00:15] /i heavyball
[10/12/2011 12:02:07] /i great ball
[10/12/2011 12:02:22] /s mew
[10/12/2011 12:02:30] /m charmander
[10/12/2011 12:02:35] /m charmander
[10/12/2011 12:02:38] /m charmander
[10/12/2011 12:02:59] /m charmander
[10/12/2011 12:03:12] /m charmander
[10/12/2011 12:03:30] /m charmander
[10/12/2011 12:03:42] /m charmander
[10/12/2011 12:04:02] /m charmander
[10/12/2011 12:10:07] /m charmander
[10/12/2011 12:10:33] /m charmander
[10/12/2011 12:14:25] /m charmander
[10/12/2011 12:21:05] /m charmander
[10/12/2011 12:21:17] /r
[10/12/2011 12:29:34] /m charmander
[10/12/2011 12:29:43] /m charmander
[10/12/2011 12:29:48] /m charmander
[10/12/2011 12:29:56] /m bulbasaur
[10/12/2011 12:30:04] /m squirtle
[10/12/2011 12:30:36] /m caterpie
[10/12/2011 12:30:44] /m caterpie s
[10/12/2011 12:30:52] /m rattata
[10/12/2011 12:31:14] /m rattata
[10/12/2011 12:31:36] /m rattata
[10/12/2011 12:31:44] /m rattata
[10/12/2011 12:32:39] /i 2216
[13/12/2011 17:12:39] /i fire stone
[13/12/2011 17:12:44] /i fire stone
[13/12/2011 17:12:45] /i fire stone
[13/12/2011 17:13:22] /m eevee
[13/12/2011 17:13:42] /i fire stone
[13/12/2011 17:14:03] /m eevee
[13/12/2011 17:14:03] /m eevee
[13/12/2011 17:14:04] /m eevee
[13/12/2011 17:14:04] /m eevee
[13/12/2011 17:14:43] /i water stone
[13/12/2011 17:14:56] /i thunder stone
[13/12/2011 17:15:16] /clean
[13/12/2011 17:15:19] /m eevee
[13/12/2011 17:15:19] /m eevee
[13/12/2011 17:15:20] /m eevee
[13/12/2011 17:15:21] /m eevee
[13/12/2011 17:15:22] /m eevee
[13/12/2011 17:15:41] /i poke ball
[13/12/2011 17:15:49] /i 6364
[13/12/2011 17:15:54] /i 6364
[13/12/2011 17:15:55] /i 6364
[13/12/2011 17:16:16] /i fire stone
[13/12/2011 17:16:34] /i fire stone
[13/12/2011 17:17:29] /i fire stone
[13/12/2011 17:17:56] /i 2295
[13/12/2011 17:18:18] /i 2306
[13/12/2011 17:19:14] /m aipom
[13/12/2011 17:19:20] /i ampharos
[13/12/2011 17:19:23] /i ampharos s
[13/12/2011 17:19:55] /m ampharos
[13/12/2011 17:26:53] /m gloom
[13/12/2011 17:27:08] /m venusaur s
[13/12/2011 17:27:30] /m venusaur s
[13/12/2011 17:27:30] /m venusaur s
[13/12/2011 17:27:31] /m venusaur s
[13/12/2011 17:27:32] /m venusaur s
[13/12/2011 17:27:32] /m venusaur s
[13/12/2011 17:27:33] /m venusaur s
[13/12/2011 17:27:33] /m venusaur s
[13/12/2011 17:27:34] /m venusaur s
[13/12/2011 17:27:34] /m venusaur s
[13/12/2011 17:27:35] /m venusaur s
[13/12/2011 17:28:29] /m venusaur s
[13/12/2011 17:28:30] /m venusaur s
[13/12/2011 17:28:30] /m venusaur s
[13/12/2011 17:28:31] /m venusaur s
[13/12/2011 17:28:31] /m venusaur s
[13/12/2011 17:28:32] /m venusaur s
[13/12/2011 17:28:34] /m venusaur s
[13/12/2011 17:28:34] /m venusaur s
[13/12/2011 17:28:35] /m venusaur s
[13/12/2011 17:28:35] /m venusaur s
[13/12/2011 17:28:36] /m venusaur s
[13/12/2011 17:28:37] /m venusaur s
[13/12/2011 17:28:37] /m venusaur s
[13/12/2011 17:28:38] /m venusaur s
[13/12/2011 17:29:14] /m venusaur s
[13/12/2011 17:29:15] /m venusaur s
[13/12/2011 17:29:15] /m venusaur s
[13/12/2011 17:29:16] /m venusaur s
[13/12/2011 17:29:17] /m venusaur s
[13/12/2011 17:29:18] /m venusaur s
[13/12/2011 17:29:38] /i venom stone
[13/12/2011 17:30:28] /i 2297
[13/12/2011 17:30:37] /i 2307
[13/12/2011 17:31:14] /i punch stone
[13/12/2011 17:31:20] /i fight stone
[13/12/2011 17:31:48] /i 2301
[13/12/2011 17:32:00] /m ledyba
[13/12/2011 17:32:09] /m ledyba
[13/12/2011 17:32:11] /m ledyba
[13/12/2011 17:32:23] /i coccon stone
[13/12/2011 17:34:26] /i desk
[13/12/2011 17:34:29] /i table
[13/12/2011 17:34:34] /r
[13/12/2011 17:34:36] /a 50
[13/12/2011 17:34:39] /a 50
[13/12/2011 18:02:46] /m magby
[13/12/2011 18:03:04] /i fire stone
[13/12/2011 18:03:08] /i fire stone
[13/12/2011 18:03:08] /i fire stone
[13/12/2011 18:36:57] /m houndour
[13/12/2011 18:37:14] /m charmander s
[13/12/2011 18:37:25] /i fire stone
[13/12/2011 18:37:29] /i fire stone
[13/12/2011 19:01:53] /s kadabra
[13/12/2011 19:02:04] /r
[13/12/2011 19:02:07] /a 500
