[07/07/2011 12:36:13] /s arcanine
[07/07/2011 12:37:18] /clean
[07/07/2011 12:37:23] /clean
[07/07/2011 12:37:26] /clean
[07/07/2011 12:37:52] /n
[07/07/2011 12:38:33] /s skarmory
[07/07/2011 12:40:28] /m shiny snorlax
[07/07/2011 12:41:11] /goto viridian
[07/07/2011 12:42:16] /s lugia
[07/07/2011 12:42:19] /m skarmory
[07/07/2011 12:42:33] /s lugia
[07/07/2011 12:42:40] /s lugia
[07/07/2011 12:42:43] /s lugia
[07/07/2011 12:43:00] /r
[07/07/2011 12:43:06] /r
[07/07/2011 12:43:10] /r
[07/07/2011 12:43:14] /r
[07/07/2011 12:43:23] /i fast ball
[07/07/2011 13:32:29] /t
[07/07/2011 13:36:16] /s skarmory
[07/07/2011 13:37:01] /a 5
[07/07/2011 13:37:15] /a 20
[07/07/2011 13:37:18] /a 50
[07/07/2011 13:43:59] /s caterpie
[07/07/2011 13:44:25] /s charmander
[07/07/2011 13:45:32] /m bulbasaur
[07/07/2011 13:45:44] /r
[07/07/2011 13:45:45] /r
[07/07/2011 13:46:17] /s charmander
[07/07/2011 13:48:44] /s charmander
[07/07/2011 13:49:09] /s charmander
[07/07/2011 13:49:39] /s charmander
[11/07/2011 10:09:51] /t
[11/07/2011 10:10:40] /s caterpie
[11/07/2011 10:11:46] /r
[11/07/2011 10:16:50] /m caterpie
[11/07/2011 10:16:55] /s caterpie 
[11/07/2011 10:17:59] /m doduo
[11/07/2011 10:18:08] /r
[11/07/2011 10:18:12] /r
[11/07/2011 13:02:28] /s caterpie
[11/07/2011 13:03:48] /s
[11/07/2011 13:03:50] /s caterpie
[11/07/2011 13:04:30] /r
[11/07/2011 13:04:34] /s fly
[11/07/2011 13:04:36] /s mew
[11/07/2011 13:05:09] /a 5
[11/07/2011 13:05:15] /a 5
[11/07/2011 13:05:22] /a 5
[11/07/2011 13:05:26] /a 5
[11/07/2011 13:06:07] /s kadabra
[11/07/2011 13:07:09] /r
[11/07/2011 13:09:07] /t
[11/07/2011 13:09:26] /c lagario test
[11/07/2011 13:09:38] /a 10
[11/07/2011 13:12:37] /s mantine
[11/07/2011 13:12:55] /r
[11/07/2011 13:13:00] /s squirtle
[11/07/2011 13:13:24] /s mantine
[11/07/2011 13:13:30] /r
[11/07/2011 13:13:36] /s octillery
[11/07/2011 13:14:05] /a 15
[11/07/2011 13:14:34] /s charmander
[11/07/2011 13:15:01] /r
[11/07/2011 13:25:22] /a 5
[11/07/2011 13:25:25] /a 5
[11/07/2011 13:31:06] /s mew
[11/07/2011 13:31:33] /a 5
[11/07/2011 13:31:45] /a 1
[11/07/2011 13:31:49] /a 1
[11/07/2011 13:31:51] /a 5
[11/07/2011 13:31:59] /a 5
[11/07/2011 13:32:21] /a 5
[11/07/2011 13:32:28] /a 5
[11/07/2011 13:32:40] /a 5
[11/07/2011 13:33:13] /goto lagario test
[11/07/2011 13:34:07] /c lagario test
[11/07/2011 13:35:11] /c lagario test
[11/07/2011 13:36:49] /c lagario test
[11/07/2011 13:37:57] /c lagario test
[11/07/2011 13:41:58] /s charizard
[11/07/2011 13:42:14] /r
[11/07/2011 13:42:16] /r
[11/07/2011 13:43:50] /goto lagario test
[11/07/2011 13:45:20] /c lagario test
[11/07/2011 13:45:31] /r
[11/07/2011 13:45:36] /r
[11/07/2011 13:45:40] /r
[11/07/2011 13:45:42] /r
[11/07/2011 13:54:59] /s squirtle
[11/07/2011 13:55:37] /r
[11/07/2011 14:02:53] /i punch stone
[11/07/2011 14:02:57] /i fight stone
[11/07/2011 14:03:00] /i water stone
[11/07/2011 14:08:17] /s squirtle
[11/07/2011 14:08:41] /c lagario test
[11/07/2011 14:10:03] /i 4820
[11/07/2011 14:10:08] /i 4825
[11/07/2011 14:10:32] /i 4632
[11/07/2011 14:10:41] /i 4663
[11/07/2011 14:11:08] /i 6128
[11/07/2011 14:11:21] /i 1030
[11/07/2011 14:11:34] /i 1488
[11/07/2011 14:12:06] /i 4828
[11/07/2011 14:12:13] /i 4829
[11/07/2011 14:14:03] /i 6640
[11/07/2011 14:14:06] /i 6641
[11/07/2011 14:14:09] /i 6642
[11/07/2011 14:14:20] /i 6650
[11/07/2011 14:14:23] /i 6660
[11/07/2011 14:14:25] /i 6670
[11/07/2011 14:14:28] /i 6680
[11/07/2011 14:14:30] /i 6690
[11/07/2011 14:14:34] /i 6700
[11/07/2011 14:14:36] /i 6701
[11/07/2011 14:14:40] /i 6695
[11/07/2011 14:14:44] /i 6692
[11/07/2011 14:14:46] /i 6693
[11/07/2011 14:14:47] /i 6694
[11/07/2011 14:14:51] /i 6695
[11/07/2011 14:14:54] /i 6696
[11/07/2011 14:19:35] /s squirtle
[11/07/2011 14:19:41] /r
[11/07/2011 14:19:42] /r
[12/07/2011 14:07:43] /s bulbasaur
[12/07/2011 14:08:23] /s charmander
[12/07/2011 14:08:54] /s venusaur
[12/07/2011 14:08:56] /r
[12/07/2011 14:08:59] /m bulbasaur
[12/07/2011 14:09:08] /m squirtle
[12/07/2011 14:09:28] /r
[12/07/2011 14:09:31] /s gengar
[12/07/2011 14:09:36] /m machamp
[12/07/2011 14:09:56] /m machamp
[12/07/2011 14:10:10] /m machamp
[12/07/2011 14:11:34] /m marowak
[12/07/2011 14:11:42] /m chansey
[12/07/2011 14:12:10] /m rattata
[12/07/2011 14:13:16] /r
[12/07/2011 14:13:26] /s chansey
[12/07/2011 14:13:42] /m marowak
[12/07/2011 14:14:03] /m gengar
[12/07/2011 14:14:18] /m gengar s
[12/07/2011 14:14:23] /m gengar s
[12/07/2011 14:14:33] /m haunter s
[12/07/2011 14:15:26] /m gengar
[12/07/2011 14:16:06] /m haunter s
[12/07/2011 14:16:50] /r
[12/07/2011 14:16:53] /s haunter
[12/07/2011 14:16:56] /r
[12/07/2011 14:16:57] /r
[12/07/2011 14:17:04] /m snorlax s
[12/07/2011 14:17:29] /m gengar
[12/07/2011 14:17:32] /r
[12/07/2011 14:17:33] /r
[12/07/2011 14:17:37] /s gengar
[12/07/2011 14:18:07] /m chansey
[12/07/2011 14:18:30] /m snorlax
[12/07/2011 14:18:36] /m snorlax s
[12/07/2011 14:18:42] /r
[12/07/2011 14:18:50] /m haunter
[12/07/2011 14:18:55] /m haunter s
[12/07/2011 14:19:01] /m chansey
[12/07/2011 14:19:06] /m chansey s
[12/07/2011 14:19:18] /r
[12/07/2011 14:19:23] /r
[12/07/2011 14:22:46] /s gengar s
[12/07/2011 14:22:52] /s gengar
[12/07/2011 14:23:10] /t
[12/07/2011 14:23:13] /s gengar
[12/07/2011 14:23:21] /m chansey s
[12/07/2011 14:23:28] /r
[12/07/2011 14:23:31] /m haunter s
[12/07/2011 14:23:40] /m snorlax
[12/07/2011 14:23:45] /m snorlax s
[12/07/2011 14:23:52] /r
[12/07/2011 14:23:55] /s haunter s
[12/07/2011 14:23:59] /r
[12/07/2011 14:24:02] /r
[12/07/2011 14:26:08] /s gengar
[12/07/2011 14:26:15] /m chansey s
[12/07/2011 14:26:20] /r
[12/07/2011 14:26:22] /r
[12/07/2011 14:26:27] /m chansey
[12/07/2011 14:26:31] /r
[12/07/2011 14:28:28] /s gengar
[12/07/2011 14:28:34] /m chansey
[12/07/2011 14:29:10] /m chansey s
[12/07/2011 14:29:14] /r
[12/07/2011 14:29:16] /m chansey
[12/07/2011 14:33:31] /m chansey
[12/07/2011 14:33:34] /m chansey s
[12/07/2011 14:33:41] /r
[12/07/2011 14:33:44] /r
[12/07/2011 14:33:48] /r
[12/07/2011 14:33:52] /r
[12/07/2011 14:35:50] /s gengar
[12/07/2011 14:36:03] /m chansey
[12/07/2011 14:36:41] /s gengar
[12/07/2011 14:36:49] /m clefairy
[12/07/2011 14:37:20] /r
[12/07/2011 14:37:37] /m clefairy s
[12/07/2011 14:37:48] /m clefable s
[12/07/2011 14:37:51] /r
[12/07/2011 14:37:53] /r
[12/07/2011 14:38:02] /r
[12/07/2011 14:38:41] /r
[12/07/2011 14:38:43] /r
[12/07/2011 14:38:48] /r
[12/07/2011 14:38:51] /s chansey
[12/07/2011 14:38:55] /m gastly
[12/07/2011 14:38:58] /m gastly s
[12/07/2011 14:39:07] /m haunter s
[12/07/2011 14:39:44] /r
[12/07/2011 14:44:24] /s gengar
[12/07/2011 14:44:33] /m lickitung s
[12/07/2011 14:44:39] /r
[12/07/2011 14:44:43] /m lickitung
[12/07/2011 14:48:09] /s gengar
[12/07/2011 14:48:12] /m chansey
[12/07/2011 14:48:17] /r
[12/07/2011 14:48:18] /r
[12/07/2011 14:48:24] /m snorlax
[12/07/2011 14:48:30] /r
[12/07/2011 14:48:33] /r
[12/07/2011 14:48:35] /r
[12/07/2011 14:48:42] /m lickitung
[12/07/2011 14:48:48] /r
[12/07/2011 14:54:28] /s gengar
[12/07/2011 14:54:31] /m snorlax
[12/07/2011 14:54:57] /r
[12/07/2011 14:54:59] /r
[12/07/2011 14:55:05] /r
[12/07/2011 14:55:09] /m chansey
[12/07/2011 14:55:13] /m clefable
[12/07/2011 14:55:15] /m clefairy
[12/07/2011 14:55:20] /m lickitung
[12/07/2011 14:55:30] /m clefable s
[12/07/2011 14:55:41] /m snorlax
[12/07/2011 14:56:00] /m chansey s
[12/07/2011 14:56:02] /m snorlax s
[12/07/2011 14:56:06] /m clefable s
[12/07/2011 14:56:45] /m charizard s
[12/07/2011 14:57:26] /m snorlax
[12/07/2011 14:57:34] /m lickitung s
[12/07/2011 14:57:42] /r
[12/07/2011 14:57:45] /r
[12/07/2011 14:57:48] /m chansey s
[12/07/2011 14:59:55] /s gengar
[12/07/2011 14:59:59] /m chansey s
[12/07/2011 15:00:15] /m chansey
[12/07/2011 15:00:34] /m chansey s
[12/07/2011 15:00:42] /r
[12/07/2011 15:00:48] /m snorlax s
[12/07/2011 15:00:52] /r
[12/07/2011 15:00:55] /r
[12/07/2011 15:00:57] /s snorlax
[12/07/2011 15:00:59] /m gengar s
[12/07/2011 15:01:02] /m haunter
[12/07/2011 15:01:05] /m haunter s
[12/07/2011 15:01:49] /m haunter s
[12/07/2011 15:02:32] /r
[12/07/2011 15:02:33] /r
[12/07/2011 15:02:36] /r
[12/07/2011 15:02:49] /m gengar
[12/07/2011 15:02:52] /r
[12/07/2011 15:02:54] /m chansey
[12/07/2011 15:02:56] /r
[12/07/2011 15:02:58] /m haunter
[12/07/2011 15:12:05] /s chansey
[12/07/2011 15:12:07] /m haunter
[12/07/2011 15:12:10] /m haunter s
[12/07/2011 15:12:25] /r
[12/07/2011 15:12:29] /m gengar s
[12/07/2011 15:32:54] /i 2222
[12/07/2011 15:34:28] /m pidgeot s
[12/07/2011 15:34:32] /s gengar
[12/07/2011 15:34:55] /m snorlax s
[12/07/2011 21:31:19] /s gengar
[12/07/2011 21:31:25] /m caterpie
[12/07/2011 21:31:29] /m caterpie
[12/07/2011 21:31:32] /m squirtle
[12/07/2011 21:31:48] /m squirtle
[12/07/2011 21:32:57] /s fearow
[12/07/2011 21:35:46] /r
[12/07/2011 21:35:49] /r
[12/07/2011 21:36:13] /m chanseu
[12/07/2011 21:36:15] /m chansey
[12/07/2011 21:37:53] /r
[12/07/2011 21:40:11] /r
[12/07/2011 21:40:13] /r
[12/07/2011 21:40:17] /r
[12/07/2011 21:40:28] /s chansey
[12/07/2011 21:41:52] /r
[12/07/2011 21:41:55] /s bulbasaur
[12/07/2011 21:41:58] /s ivysaur
[12/07/2011 21:42:44] /r
[12/07/2011 21:42:50] /m charmander
[12/07/2011 21:43:04] /m charizard
[12/07/2011 21:52:48] /s bulbasaur
[12/07/2011 21:52:55] /m charmander
[12/07/2011 21:53:06] /m charmander
[12/07/2011 21:53:14] /m charmander
[12/07/2011 21:53:19] /m squirtle
[12/07/2011 21:54:01] /m bulbasaur
[12/07/2011 21:54:12] /m bulbasaur
[12/07/2011 21:54:38] /m gengar
[12/07/2011 21:54:58] /m alakazam
[12/07/2011 21:55:18] /m gengar
[12/07/2011 21:55:41] /m charizard
[12/07/2011 21:55:53] /m venusaur
[12/07/2011 21:56:01] /s bulbasaur
[12/07/2011 21:56:12] /m blastoise
[12/07/2011 21:56:52] /r
[12/07/2011 21:57:00] /s weedle
[12/07/2011 21:57:03] /r
[12/07/2011 21:57:04] /r
[12/07/2011 21:57:07] /m weedle
[12/07/2011 21:57:14] /m pidgey
[12/07/2011 23:13:59] /i 2909
[12/07/2011 23:14:02] /i lure ball
[12/07/2011 23:28:40] /clean
[12/07/2011 23:28:52] /s lugia
[12/07/2011 23:28:55] /m bulbasaur
[12/07/2011 23:29:02] /i poke ball
[12/07/2011 23:29:17] /m squirtle
[13/07/2011 09:45:02] /i fast ball
[13/07/2011 09:45:05] /i 2909
[13/07/2011 09:45:49] /r
[13/07/2011 09:50:19] /s bulbasaur
[13/07/2011 09:50:46] /m bellsprout
[13/07/2011 09:51:50] /r
[13/07/2011 09:52:03] /i 6364
[13/07/2011 09:52:15] /i 2906
[13/07/2011 09:52:51] /r
[13/07/2011 09:53:45] /i 2909
[13/07/2011 09:54:12] /m charizard s
[13/07/2011 09:54:23] /m gengar s
[13/07/2011 09:54:26] /m haunter s
[13/07/2011 09:54:29] /m snorlax s
[13/07/2011 09:54:40] /r
[13/07/2011 09:54:44] /m caterpie s
[13/07/2011 09:54:47] /r
[13/07/2011 09:55:05] /r
[13/07/2011 09:55:30] /i poke ball
[13/07/2011 09:55:34] /clean
[13/07/2011 09:55:42] /s alakazam
[13/07/2011 09:56:06] /r
[13/07/2011 09:56:43] /m shiny alakazam 
[13/07/2011 09:57:46] /m shiny alakazam
[13/07/2011 09:58:30] /m shiny snorlax
[13/07/2011 09:58:35] /m snorlax s
[13/07/2011 10:03:10] /m gengar
[13/07/2011 10:23:51] /r
[13/07/2011 10:23:53] /r
[13/07/2011 10:25:58] /m charizard
[13/07/2011 10:28:33] /m entei
[13/07/2011 10:28:46] /s suicune
[13/07/2011 10:29:06] /r
[13/07/2011 10:29:19] /n nurse
[13/07/2011 10:29:30] /r
[13/07/2011 10:29:34] /clean
[13/07/2011 10:29:43] /m aipom
[13/07/2011 10:30:12] /m ampharos
[13/07/2011 10:30:36] /r
[13/07/2011 10:31:02] /clean
[13/07/2011 10:31:07] /i 7889
[13/07/2011 10:31:15] /r
[13/07/2011 10:31:31] /m chikorito
[13/07/2011 10:31:33] /m chikorita
[13/07/2011 10:32:14] /r
[13/07/2011 10:32:26] /m cyndaquil
[13/07/2011 10:33:01] /r
[13/07/2011 10:33:06] /s gengar
[13/07/2011 10:34:48] /i 6336
[13/07/2011 10:35:04] /i 6336
[13/07/2011 10:35:07] /i 6336
[13/07/2011 10:35:08] /i 6336
[13/07/2011 10:35:09] /i 6336
[13/07/2011 10:35:10] /i 6336
[13/07/2011 10:35:11] /i 6336
[13/07/2011 10:35:12] /i 6336
[13/07/2011 10:35:25] /clean
[13/07/2011 10:35:39] /m misdreavous
[13/07/2011 10:35:45] /m misdreavus
[13/07/2011 10:35:57] /m tyranitar
[14/07/2011 11:16:50] /clean
[14/07/2011 11:18:30] /m magikarp
[14/07/2011 11:18:53] /i water stone
[14/07/2011 11:18:55] /i crystal stone
[14/07/2011 11:19:19] /i dead rabbit
[14/07/2011 11:20:02] /r
[14/07/2011 11:20:03] /r
[14/07/2011 11:20:57] /r
[14/07/2011 11:21:31] /r
[14/07/2011 11:21:36] /r
[14/07/2011 11:21:52] /m squirtle
[14/07/2011 11:22:05] /r
[14/07/2011 11:22:19] /i water stone
[14/07/2011 11:22:21] /i water stone
[14/07/2011 11:23:01] /s squirtle
[14/07/2011 11:23:13] /r
[14/07/2011 11:23:26] /m snorlax s
[14/07/2011 11:23:55] /m snorlax
[14/07/2011 11:24:02] /r
[14/07/2011 11:24:03] /r
[14/07/2011 11:24:09] /m alakazam s
[14/07/2011 11:25:11] /r
[14/07/2011 11:26:49] /m weepinbell s
[14/07/2011 11:26:54] /m bulbasaur s
[14/07/2011 11:27:00] /m machop s
[14/07/2011 11:27:04] /m mankey s
[14/07/2011 11:27:07] /m gastly s
[14/07/2011 11:28:00] /i leaf stone
[14/07/2011 11:28:00] /i leaf stone
[14/07/2011 11:28:01] /i leaf stone
[14/07/2011 11:28:01] /i leaf stone
[14/07/2011 11:28:02] /i leaf stone
[14/07/2011 11:28:02] /i leaf stone
[14/07/2011 11:28:23] /i fight stone
[14/07/2011 11:28:24] /i fight stone
[14/07/2011 11:28:24] /i fight stone
[14/07/2011 11:28:47] /i darkness stone
[14/07/2011 11:28:48] /i darkness stone
[14/07/2011 11:28:49] /i darkness stone
[14/07/2011 11:29:14] /i fight stone
[14/07/2011 11:29:35] /clean
[14/07/2011 11:30:19] /t
[14/07/2011 11:30:26] /a 50
[15/07/2011 12:01:33] /t
[15/07/2011 12:01:45] /m starmie
[15/07/2011 12:04:11] /m charizard
[15/07/2011 12:04:33] /m charizard
[15/07/2011 12:04:40] /m charizard
[15/07/2011 13:11:11] /m shiny blastoise
[15/07/2011 13:12:32] /r
[15/07/2011 13:12:38] /m shiny dragonair
[15/07/2011 13:13:34] /m chikorita
[15/07/2011 13:14:18] /clean
[15/07/2011 13:14:30] /t
[15/07/2011 13:14:48] /m dragonite
[15/07/2011 13:15:20] /m dragonite
[15/07/2011 13:15:22] /m dragonite
[15/07/2011 13:15:22] /m dragonite
[15/07/2011 13:15:23] /m dragonite
[16/07/2011 23:19:03] /goto lagarios test
[16/07/2011 23:19:08] /goto lagario test
[16/07/2011 23:19:38] /m lapras
[16/07/2011 23:19:50] /m lapras
[16/07/2011 23:20:08] /i lure ball
[16/07/2011 23:20:13] /m lapras
[16/07/2011 23:20:23] /i fast ball
[16/07/2011 23:20:29] /m lapras
[16/07/2011 23:22:54] /a 10
[16/07/2011 23:23:00] /a 10
[16/07/2011 23:23:03] /a 20
[16/07/2011 23:23:05] /a 40
[16/07/2011 23:23:07] /a 10
[16/07/2011 23:23:25] /a 1
[16/07/2011 23:23:30] /goto lagario test
[16/07/2011 23:24:08] /a 5
[16/07/2011 23:24:19] /r
[16/07/2011 23:26:17] /goto lagario test
[16/07/2011 23:28:21] /i hundred
[16/07/2011 23:28:26] /i 100 hundred
[16/07/2011 23:28:29] /i dollar
[16/07/2011 23:30:44] /goto lagario test
[16/07/2011 23:34:28] /a 20
[16/07/2011 23:34:49] /a 10
[16/07/2011 23:35:18] /goto lagario test
[16/07/2011 23:36:10] /r
[16/07/2011 23:36:16] /a 10
[16/07/2011 23:36:26] /a 10
[16/07/2011 23:36:28] /a 5
[16/07/2011 23:36:43] /m pidgeot
[16/07/2011 23:36:55] /r
[16/07/2011 23:39:17] /t
[16/07/2011 23:39:29] /a 100
[16/07/2011 23:39:36] /a 10
[16/07/2011 23:39:39] /a 10
[16/07/2011 23:40:02] /goto lagario test
[16/07/2011 23:41:33] /goto lagario test
[16/07/2011 23:44:11] /a 10
[16/07/2011 23:44:20] /a 5
[16/07/2011 23:44:22] /a 5
[16/07/2011 23:44:24] /a 5
[16/07/2011 23:44:27] /a 5
[16/07/2011 23:44:30] /a 10
[16/07/2011 23:44:37] /a 20
[16/07/2011 23:44:40] /a 5
[16/07/2011 23:44:47] /goto lagario test
[18/07/2011 10:59:28] /t
[18/07/2011 10:59:48] /m abra s
[18/07/2011 11:00:42] /r
[18/07/2011 11:01:07] /m bellsprout s
[18/07/2011 11:01:44] /m aimpom
[18/07/2011 11:01:47] /m aipom
[18/07/2011 11:02:06] /r
[18/07/2011 11:02:10] /i 10812
[18/07/2011 11:03:23] /m bellsprout s
[18/07/2011 11:04:25] /m bellsprout s
[18/07/2011 11:05:30] /m bellsprout s
[18/07/2011 11:06:58] /m bellsprout s
[18/07/2011 11:07:04] /m bellsprout s
[18/07/2011 11:07:11] /m bellsprout s
[18/07/2011 11:07:24] /m bellsprout s
[18/07/2011 11:07:31] /m bellsprout s
[18/07/2011 11:07:40] /m bellsprout s
[18/07/2011 11:07:41] /m bellsprout s
[18/07/2011 11:07:41] /m bellsprout s
[18/07/2011 11:07:42] /m bellsprout s
[18/07/2011 11:07:42] /m bellsprout s
[18/07/2011 11:07:43] /m bellsprout s
[18/07/2011 11:07:44] /m bellsprout s
[18/07/2011 11:07:44] /m bellsprout s
[18/07/2011 11:07:46] /m bellsprout s
[18/07/2011 11:07:47] /m bellsprout s
[18/07/2011 11:08:43] /m doduo s
[18/07/2011 11:09:28] /r
[18/07/2011 11:09:32] /m dodrio s
[18/07/2011 11:11:57] /r
[18/07/2011 11:13:59] /m weezing s
[18/07/2011 11:14:20] /m venusaur
[18/07/2011 11:14:47] /m bulbasaur
[18/07/2011 11:16:54] /m chikorita s
[18/07/2011 11:17:04] /r
[18/07/2011 11:17:08] /clean
[18/07/2011 11:28:55] /t
[18/07/2011 11:29:00] /m chikorita s
[18/07/2011 11:29:07] /m aipom s
[18/07/2011 11:29:16] /m azumarill s
[18/07/2011 11:29:34] /m ariados s
[18/07/2011 11:31:01] /r
[18/07/2011 11:31:40] /m arbok s
[18/07/2011 11:32:27] /m bayleef s
[18/07/2011 11:32:41] /m ivysaur
[18/07/2011 11:32:49] /r
[18/07/2011 11:32:51] /r
[18/07/2011 11:34:49] /m bellossom s
[18/07/2011 11:37:00] /r
[18/07/2011 11:37:08] /m chinchou s
[18/07/2011 11:37:16] /r
[18/07/2011 11:44:20] /m pikachu s
[18/07/2011 11:44:31] /r
[18/07/2011 11:45:42] /m chinchou s
[18/07/2011 11:46:40] /m chinchou s
[18/07/2011 11:50:05] /m chinchou s
[18/07/2011 11:50:09] /m rare candy
[18/07/2011 11:51:00] /m ariados s
[18/07/2011 12:47:57] /m crobat s
[18/07/2011 12:48:03] /r
[18/07/2011 12:58:34] /m delibird s
[18/07/2011 12:58:48] /r
[18/07/2011 13:06:52] /m donphan s
[18/07/2011 13:17:14] /m elekid
[18/07/2011 13:17:17] /m pikachu
[18/07/2011 13:20:54] /s gengar
[18/07/2011 13:21:00] /m espeon s
[18/07/2011 13:21:07] /r
[18/07/2011 13:21:09] /r
[18/07/2011 13:21:33] /s gengar
[18/07/2011 13:21:35] /m alakazam s
[18/07/2011 13:22:16] /m charizard
[18/07/2011 13:22:58] /r
[18/07/2011 13:25:07] /m bulbasaur s
[18/07/2011 13:25:23] /r
[18/07/2011 13:25:26] /s bulbasaur
[18/07/2011 13:25:31] /m chinchou s
[18/07/2011 13:25:40] /m croconaw s
[18/07/2011 13:25:59] /m cyndaquil s
[18/07/2011 13:26:32] /r
[18/07/2011 13:26:36] /m blissey s
[18/07/2011 13:26:42] /s gengar
[18/07/2011 13:26:51] /r
[18/07/2011 13:27:30] /s gengar
[18/07/2011 13:27:32] /m chansey
[18/07/2011 13:27:36] /r
[18/07/2011 13:30:08] /m blissey s
[18/07/2011 13:32:24] /m snorlax
[18/07/2011 13:32:30] /r
[18/07/2011 13:36:17] /s gengar
[18/07/2011 13:36:21] /m blissey s
[18/07/2011 13:36:35] /m chansey
[18/07/2011 13:36:38] /r
[18/07/2011 13:36:39] /m chansey s
[18/07/2011 13:36:44] /r
[18/07/2011 13:36:47] /r
[18/07/2011 13:37:11] /r
[18/07/2011 13:37:18] /m rhydon
[18/07/2011 13:37:37] /m blastoise
[18/07/2011 13:37:56] /m blastoise s
[18/07/2011 13:38:17] /m charizard
[18/07/2011 13:38:48] /m golem s
[18/07/2011 13:38:59] /r
[18/07/2011 13:39:01] /m blastoise s
[18/07/2011 13:42:58] /m /clean
[18/07/2011 13:42:59] /clean
[18/07/2011 13:43:35] /m azumarill s
[18/07/2011 13:43:50] /m ampharos s
[18/07/2011 13:44:29] /m electabuzz 
[18/07/2011 13:44:44] /m raichy
[18/07/2011 13:44:47] /i thunder stone
[18/07/2011 13:44:52] /i thunder stone
[18/07/2011 13:45:05] /m azumarill s
[18/07/2011 13:45:12] /m azumarill s
[18/07/2011 13:45:41] /i mango
[18/07/2011 13:45:50] /clean
[18/07/2011 13:46:15] /m azumarill s
[18/07/2011 13:46:29] /m bayleef s
[18/07/2011 13:46:36] /m bayleef 
[18/07/2011 13:46:40] /r
[18/07/2011 13:46:49] /m bayleef s
[18/07/2011 13:47:05] /m azumarill s
[18/07/2011 13:47:37] /m cloyster
[18/07/2011 13:48:29] /m bayleef s
[18/07/2011 13:48:35] /r
[18/07/2011 13:48:54] /m bayleef s
[18/07/2011 13:49:16] /m charizard s
[18/07/2011 13:49:42] /r
[18/07/2011 13:49:52] /m ariados s
[18/07/2011 13:50:47] /m charizard s
[18/07/2011 13:53:24] /m dunsparce s
[18/07/2011 13:54:11] /r
[18/07/2011 13:54:13] /n nurse
[18/07/2011 13:54:16] /r
[18/07/2011 13:54:18] /n ajudante
[18/07/2011 13:55:01] /r
[18/07/2011 13:56:07] /m forretres s
[18/07/2011 13:56:11] /m forretress s
[18/07/2011 13:56:33] /m forretress s
[18/07/2011 13:56:49] /m forretress s
[18/07/2011 13:58:30] /r
[18/07/2011 14:03:34] /m forretress s
[18/07/2011 14:04:50] /m forretress s
[18/07/2011 14:07:24] /m alakazam s
[18/07/2011 14:07:38] /i 6057
[18/07/2011 14:07:38] /i 6057
[18/07/2011 14:07:39] /i 6057
[18/07/2011 14:07:39] /i 6057
[18/07/2011 14:07:57] /m girafarig s
[18/07/2011 14:08:14] /m squirtle
[18/07/2011 14:08:19] /m girafarig s
[18/07/2011 14:08:31] /m azumarill s
[18/07/2011 14:08:50] /m gengar s
[18/07/2011 14:08:52] /m gengar 
[18/07/2011 14:09:02] /m alakazam s
[18/07/2011 14:12:32] /m gligar
[18/07/2011 14:21:29] /m hoppip s
[18/07/2011 14:21:39] /r
[18/07/2011 14:21:40] /r
[18/07/2011 14:26:09] /m houndour
[18/07/2011 14:26:11] /m houndoom
[18/07/2011 14:29:34] /m jumpluff
[18/07/2011 14:47:52] /m lanturn s
[18/07/2011 14:48:09] /r
[18/07/2011 14:48:10] /r
[18/07/2011 14:48:12] /r
[18/07/2011 14:56:30] /s chansey
[18/07/2011 14:56:33] /m gengar
[18/07/2011 14:56:37] /r
[18/07/2011 14:56:40] /r
[18/07/2011 15:07:43] /m ledian
[18/07/2011 15:07:49] /m ledyba
[18/07/2011 15:26:45] /s chansey
[18/07/2011 15:26:48] /m misdreavous
[18/07/2011 15:26:51] /m misdreavus
[18/07/2011 15:26:57] /m misdreavus s
[18/07/2011 15:37:53] /r
[18/07/2011 15:58:58] /m scizor s
[18/07/2011 15:59:06] /m scyther
[18/07/2011 16:00:05] /r
[18/07/2011 16:14:26] /r
[18/07/2011 16:14:52] /m politoed s
[18/07/2011 16:15:01] /m quilava
[18/07/2011 16:15:44] /m azumarill s
[18/07/2011 16:15:53] /m quilava s
[18/07/2011 16:16:06] /m blastoise
[18/07/2011 16:17:16] /m azumarill s
[18/07/2011 16:17:24] /m quilava
[18/07/2011 16:17:34] /r
[18/07/2011 16:17:42] /m bayleef s
[18/07/2011 16:17:51] /m azumarill s
[18/07/2011 16:18:04] /m azumarill s
[18/07/2011 16:18:09] /m bayleef s
[18/07/2011 16:18:22] /m corsola s
[18/07/2011 16:19:09] /r
[18/07/2011 16:20:44] /m bayleef s
[18/07/2011 16:20:56] /m corsola s
[18/07/2011 16:21:30] /m charizard s
[18/07/2011 16:21:50] /m bulbasaur
[18/07/2011 16:22:04] /m corsola s
[18/07/2011 16:22:34] /m bayleef s
[18/07/2011 16:23:34] /r
[18/07/2011 16:23:42] /m corsola s
[18/07/2011 16:23:59] /m corsola s
[18/07/2011 16:24:04] /r
[18/07/2011 16:24:56] /m corsola s
[18/07/2011 16:27:42] /m corsola s
[18/07/2011 16:27:59] /m corsola s
[18/07/2011 16:29:32] /m corsola s
[18/07/2011 16:29:55] /m corsola s
[18/07/2011 16:30:23] /m corsola s
[18/07/2011 16:32:01] /m corsola s
[18/07/2011 16:32:11] /r
[18/07/2011 16:32:19] /m venusaur
[18/07/2011 16:32:27] /r
[18/07/2011 16:32:35] /m corsola s
[18/07/2011 16:32:53] /m bulbasaur
[18/07/2011 16:33:07] /m corsola s
[18/07/2011 16:34:33] /m corsola s
[18/07/2011 16:36:04] /m corsola s
[18/07/2011 16:36:33] /m corsola s
[18/07/2011 16:37:53] /m corsola s
[18/07/2011 16:38:37] /m charmander
[18/07/2011 16:38:48] /m charmander s
[18/07/2011 16:39:46] /m squirtle s
[18/07/2011 16:39:57] /m corsola
[18/07/2011 16:40:04] /r
[18/07/2011 16:40:06] /m corsola s
[18/07/2011 16:54:38] /m primeape
[18/07/2011 16:55:01] /m charizard
[18/07/2011 16:55:09] /m charizard s
[18/07/2011 16:55:31] /m sneasel
[18/07/2011 16:55:37] /r
[18/07/2011 16:55:40] /m sneasel s
[18/07/2011 16:55:53] /m sneasel s
[18/07/2011 16:56:37] /m smoochum s
[18/07/2011 16:56:45] /m smoochum s
[18/07/2011 16:56:55] /m bulbasaur
[18/07/2011 16:57:19] /m piloswine s
[18/07/2011 16:57:27] /m azumarill s
[19/07/2011 12:54:55] /m donphan s
[19/07/2011 12:56:09] /m phanpy s
[19/07/2011 12:57:29] /m steelix s
[19/07/2011 12:58:09] /m scizor s
[19/07/2011 12:58:19] /m scizor s
[19/07/2011 12:59:10] /m forretress s
[19/07/2011 12:59:45] /m bayleef s
[19/07/2011 13:00:12] /m bellossom s
[19/07/2011 13:00:42] /m chinchou s
[19/07/2011 13:00:48] /m lanturn s
[19/07/2011 13:01:01] /m donphan s
[19/07/2011 13:01:30] /m cyndaquil s
[19/07/2011 13:01:50] /m dunsparce s
[19/07/2011 13:02:12] /m delibird s
[19/07/2011 13:02:28] /m forretress s
[19/07/2011 13:03:07] /m piloswine s
[19/07/2011 13:03:57] /m houndoom s
[19/07/2011 14:13:43] /m bayleef s
[19/07/2011 14:14:39] /r
[19/07/2011 14:14:44] /s bayleef
[19/07/2011 14:15:02] /s meganium
[19/07/2011 14:15:15] /r
[19/07/2011 14:21:21] /m piloswine s
[19/07/2011 14:21:41] /m forretress s
[19/07/2011 14:21:58] /r
[19/07/2011 14:22:07] /r
[19/07/2011 14:22:09] /r
[19/07/2011 14:22:11] /r
[19/07/2011 14:24:49] /s gengar 
[19/07/2011 14:24:51] /m aipom s
[19/07/2011 15:02:40] /m aipom s
[19/07/2011 15:03:06] /m snorlax s
[19/07/2011 15:03:42] /r
[19/07/2011 15:03:47] /m aipom s
[19/07/2011 15:24:46] /m aipom s
[19/07/2011 15:25:04] /m aipom s
[19/07/2011 15:26:01] /n ajudante
[19/07/2011 15:26:15] /i 2152
[19/07/2011 15:26:22] /i 2160
[19/07/2011 15:26:32] /r
[19/07/2011 15:26:46] /r
[19/07/2011 15:26:52] /s gengar
[19/07/2011 15:26:54] /m aipom s
[19/07/2011 15:28:51] /s gengar
[19/07/2011 15:28:54] /m aipom s
[19/07/2011 15:29:10] /m bayleef s
[19/07/2011 15:29:34] /m ivysaur
[19/07/2011 15:29:39] /m ivysaur
[19/07/2011 15:29:56] /m bayleef s
[19/07/2011 15:30:00] /m alakazam
[19/07/2011 15:30:06] /m gengar 
[19/07/2011 15:30:11] /m gengar
[19/07/2011 15:31:29] /m haunter
[19/07/2011 15:31:36] /m gengar
[19/07/2011 15:32:52] /m haunter
[19/07/2011 15:33:01] /m gengar 
[19/07/2011 15:33:06] /m gengar
[19/07/2011 15:34:04] /m haunter
[19/07/2011 15:34:10] /m gengar
[19/07/2011 15:34:47] /m gastly
[19/07/2011 15:34:53] /m gastly
[19/07/2011 15:35:10] /m gastly s
[19/07/2011 15:35:17] /m haunter s
[19/07/2011 15:38:00] /m gastly
[19/07/2011 15:38:06] /m gastly s
[19/07/2011 15:38:39] /m snorlax
[19/07/2011 15:38:43] /r
[19/07/2011 15:38:45] /r
[19/07/2011 15:40:16] /m aipom s
[19/07/2011 15:41:37] /m aipom s
[19/07/2011 15:44:10] /m aipom s
[19/07/2011 15:44:20] /m snorlax s
[19/07/2011 15:44:28] /r
[19/07/2011 15:45:28] /m aipom s
[19/07/2011 15:46:24] /m cleffa s
[19/07/2011 15:46:42] /m aipom s
[19/07/2011 15:47:05] /m aipom s
[19/07/2011 15:48:04] /m ampharos 
[19/07/2011 15:48:28] /r
[19/07/2011 15:48:31] /m ampharos s
[19/07/2011 15:48:46] /m blastoise
[19/07/2011 15:48:54] /m charizard s
[19/07/2011 15:50:52] /m electabuzz
[19/07/2011 15:52:06] /m azumarill s
[19/07/2011 15:52:20] /m ampharos s
[19/07/2011 15:52:27] /r
[19/07/2011 15:52:37] /m bayleef s
[19/07/2011 15:53:03] /m bayleef s
[19/07/2011 15:53:58] /m chikorita
[19/07/2011 15:54:09] /r
[19/07/2011 15:54:11] /m chikorita s
[19/07/2011 15:54:29] /m bayleef s
[19/07/2011 15:54:37] /m bayleef s
[19/07/2011 15:54:46] /m bayleef s
[19/07/2011 15:54:53] /m charizard s
[19/07/2011 15:55:49] /m bayleef s
[19/07/2011 15:57:09] /m bayleef s
[19/07/2011 15:58:41] /m bayleef s
[19/07/2011 15:58:54] /m azumarill s
[19/07/2011 15:59:17] /m cyndaquil s
[19/07/2011 15:59:27] /m cyndaquil s
[19/07/2011 16:00:03] /m feraligatr s
[19/07/2011 16:00:30] /m donphan s
[19/07/2011 16:01:02] /m feraligatr s
[19/07/2011 16:01:07] /r
[19/07/2011 16:01:27] /m croconaw s
[19/07/2011 16:01:48] /m delibird s
[19/07/2011 16:05:11] /m bayleef s
[19/07/2011 16:05:23] /m cyndaquil s
[19/07/2011 16:05:35] /m quilava s
[19/07/2011 16:06:02] /m bayleef s
[19/07/2011 16:06:08] /m piloswine s
[19/07/2011 16:06:22] /m feraligatr s
[19/07/2011 16:06:28] /r
[19/07/2011 16:06:33] /m azumarill s
[19/07/2011 16:06:59] /m ariados s
[19/07/2011 16:08:21] /clean
[19/07/2011 16:08:25] /m blastoise
[19/07/2011 16:08:41] /m venusaur s
[19/07/2011 16:09:02] /r
[19/07/2011 16:09:11] /m bayleef s
[19/07/2011 16:09:24] /m quilava s
[19/07/2011 16:09:36] /m croconaw s
[19/07/2011 16:11:49] /m quilava s
[19/07/2011 16:12:04] /m quilava s
[19/07/2011 16:12:19] /m venusaur s
[19/07/2011 16:12:39] /m charmeleon s
[19/07/2011 16:15:48] /m quilava s
[19/07/2011 16:18:53] /m quilava s
[19/07/2011 16:19:41] /m quilava s
[19/07/2011 16:19:47] /m charmeleon
[19/07/2011 16:19:53] /m charmeleon s
[19/07/2011 16:25:01] /m quilava s
[19/07/2011 16:25:21] /m charmeleon s
[19/07/2011 16:25:54] /m quilava
[19/07/2011 16:26:01] /r
[19/07/2011 16:27:08] /m quilava s
[19/07/2011 16:27:20] /m charmeleon s
[19/07/2011 16:28:38] /m remoraid s
[19/07/2011 16:29:03] /m pikachu s
[19/07/2011 16:29:13] /m blastoise s
[19/07/2011 19:27:32] /m slugma s
[19/07/2011 19:27:41] /r
[19/07/2011 19:28:43] /m magcargo s
[19/07/2011 19:29:41] /m mantine s
[19/07/2011 19:30:02] /m magby s
[19/07/2011 19:30:49] /m bayleef s
[19/07/2011 19:31:21] /m entei s
[19/07/2011 19:31:41] /r
[19/07/2011 19:31:55] /m bayleef s
[19/07/2011 19:33:03] /m bayleef s
[19/07/2011 19:33:23] /m pikachu
[19/07/2011 19:33:45] /m bayleef s
[19/07/2011 19:34:21] /m paras
[19/07/2011 19:34:27] /m koffing
[19/07/2011 19:34:59] /m bayleef s
[19/07/2011 19:35:07] /r
[19/07/2011 19:35:08] /r
[19/07/2011 19:35:25] /r
[19/07/2011 19:35:27] /s gloom
[19/07/2011 19:36:18] /m bayleef s
[19/07/2011 19:36:58] /m bayleef s
[19/07/2011 19:39:14] /m bayleef s
[19/07/2011 19:39:34] /s lapras
[19/07/2011 19:39:48] /m bayleef s
[19/07/2011 19:40:06] /m bayleef s
[19/07/2011 19:40:37] /m croconaw s
[19/07/2011 19:40:54] /m bayleef s
[19/07/2011 19:46:38] /m bayleef s
[19/07/2011 19:50:17] /m tangela s
[19/07/2011 19:50:26] /m tangela
[19/07/2011 19:52:22] /m bayleef s
[19/07/2011 19:53:54] /m brock
[19/07/2011 19:53:59] /n brock
[19/07/2011 19:54:25] /r
[19/07/2011 19:57:24] /i 2148
[19/07/2011 19:57:30] /clean
[19/07/2011 20:03:29] /s
[19/07/2011 20:07:45] /m bayleef s
[19/07/2011 20:08:00] /m bayleef s
[19/07/2011 20:08:08] /r
[19/07/2011 20:10:07] /s charizard
[19/07/2011 20:10:10] /m venusaur
[19/07/2011 20:10:16] /m blastoise
[19/07/2011 20:10:24] /r
[19/07/2011 20:12:41] /s raichu
[19/07/2011 20:12:52] /m weedle
[19/07/2011 21:11:15] /m bayleef s
[19/07/2011 21:11:25] /m cyndaquil s
[19/07/2011 21:11:33] /m skarmory s
[19/07/2011 21:11:40] /m onix s
[19/07/2011 21:11:53] /m steelix s
[19/07/2011 21:12:23] /m charmander
[19/07/2011 21:12:27] /m charmander s
[19/07/2011 21:13:33] /m charmeleon
[19/07/2011 21:13:40] /m charizard
[19/07/2011 21:13:46] /m charizard s
[19/07/2011 21:14:36] /m arcanine s
[19/07/2011 21:14:51] /m arcanine
[19/07/2011 21:16:03] /s bulbasaur
[19/07/2011 21:16:12] /r
[19/07/2011 21:16:14] /r
[19/07/2011 21:16:24] /m arcanine s
[19/07/2011 21:18:06] /m dragonite s 
[19/07/2011 21:18:16] /r
[19/07/2011 21:18:32] /m arcanine s
[19/07/2011 21:20:13] /m arcanine s
[19/07/2011 21:20:24] /m bayleef s
[19/07/2011 21:20:33] /m arcanine s
[19/07/2011 21:22:07] /m bellossom s
[19/07/2011 21:22:14] /m ampharos s
[19/07/2011 21:22:22] /m aipom s
[19/07/2011 21:22:44] /m arcanine s
[19/07/2011 21:23:09] /m azumarill s
[19/07/2011 21:23:31] /m bayleef s
[19/07/2011 21:27:40] /m ivysaur s
[19/07/2011 21:30:01] /s kadabra
[19/07/2011 21:30:09] /m crobat s
[19/07/2011 21:30:12] /m crobat
[19/07/2011 21:30:17] /r
[19/07/2011 21:30:21] /s kadabra
[19/07/2011 21:30:58] /m girafarig s
[19/07/2011 21:31:12] /m granbull s
[19/07/2011 21:31:21] /m granbull
[19/07/2011 21:31:25] /r
[19/07/2011 21:31:30] /m granbull s
[19/07/2011 21:31:43] /m granbull s
[19/07/2011 21:32:29] /r
[19/07/2011 21:33:54] /s snubbull
[19/07/2011 21:34:04] /r
[19/07/2011 21:35:27] /r
[19/07/2011 21:36:24] /m bayleef s
[19/07/2011 21:38:30] /m chinchou s
[19/07/2011 21:39:44] /r
[19/07/2011 21:39:46] /s charmander
[19/07/2011 21:40:01] /m corsola s
[19/07/2011 21:40:09] /r
[19/07/2011 21:44:48] /m bayleef s
[19/07/2011 21:45:06] /m bayleef s
[19/07/2011 21:45:17] /m charmander s
[19/07/2011 21:45:32] /m ivysaur s
[19/07/2011 21:46:11] /m tentacool
[19/07/2011 21:46:45] /m slowbro
[19/07/2011 21:46:52] /m slowbro s
[19/07/2011 21:47:55] /m slowbro s
[19/07/2011 21:50:25] /m chikorita
[19/07/2011 21:50:29] /s cyndaquil
[19/07/2011 21:51:20] /r
[19/07/2011 21:51:30] /m slowbro
[19/07/2011 21:54:34] /m bayleef s
[19/07/2011 21:54:44] /m bayleef s
[19/07/2011 21:58:29] /m bayleef s
[20/07/2011 12:43:14] /installvip
[20/07/2011 12:43:29] /m vipday
[20/07/2011 12:46:22] /addvip lagario test, 20
[20/07/2011 12:46:42] /checkvip lagario test
[20/07/2011 12:47:03] /addvip lagario test, 20000000000
[20/07/2011 12:57:31] /n vipnpc
[20/07/2011 12:57:44] /i 2145
[20/07/2011 12:58:03] /checkvip
[20/07/2011 13:01:55] /removevip biscoito doce, 300
[20/07/2011 13:02:05] /r
[20/07/2011 13:03:22] /i 2145
[20/07/2011 13:03:28] /n vipnpc
[20/07/2011 13:05:31] /a 50
[20/07/2011 13:05:32] /a 50
[20/07/2011 13:05:40] /a 100
[20/07/2011 13:05:51] /i 2160
[20/07/2011 13:05:55] /i 2157
[20/07/2011 13:06:06] /i 2160
[20/07/2011 13:21:15] /a 50
[20/07/2011 13:23:15] /m squirtle
[20/07/2011 13:24:17] /n vipnpc
[20/07/2011 13:26:02] /m fearow
[20/07/2011 14:11:20] /removevip biscoito doce, 60
[20/07/2011 14:19:21] /a 50
[20/07/2011 14:54:29] /n vipnpc
[20/07/2011 14:54:46] /i 2145
[20/07/2011 14:57:59] /online
[20/07/2011 15:10:10] /removevip biscoito doce, 30
[20/07/2011 15:15:18] /n vipnpc
[20/07/2011 15:16:54] /removevip biscoito doce, 30
[20/07/2011 15:19:16] /n banker
[20/07/2011 15:21:21] /r
[20/07/2011 15:21:51] /i 8996
[20/07/2011 15:27:31] /r
[20/07/2011 15:28:01] /m granbull s
[20/07/2011 15:28:13] /r
[20/07/2011 15:28:13] /t
[20/07/2011 15:28:17] /m granbull s
[20/07/2011 15:28:22] /m bayleef s
[20/07/2011 15:32:36] /m spinarak s
[20/07/2011 15:32:47] /m furret s
[20/07/2011 15:35:05] /m spinarak s
[20/07/2011 15:35:09] /r
[20/07/2011 15:35:14] /m snubbull s
[20/07/2011 15:35:37] /r
[20/07/2011 15:35:43] /m bayleef s
[20/07/2011 15:35:50] /n nurse
[20/07/2011 15:37:06] /m bayleef s
[20/07/2011 15:37:11] /m chinchou s
[20/07/2011 15:37:20] /m pineco s
[20/07/2011 15:37:30] /m marill s
[20/07/2011 16:09:53] /n vipnpc
[20/07/2011 16:16:38] /n vipnpc
[20/07/2011 16:16:51] /clean
[20/07/2011 16:16:53] /i 2145
[20/07/2011 16:20:37] /removevip biscoito doce, 60
[20/07/2011 16:21:58] /removevip biscoito doce, 30
[20/07/2011 16:31:48] /n vipnpc
[20/07/2011 16:36:12] /n vipnpc
[20/07/2011 16:41:39] /removevip biscoito doce, 30
[20/07/2011 21:02:58] /i 2145
[20/07/2011 21:03:01] /clean
[20/07/2011 21:03:04] /n vipnpc
[20/07/2011 21:04:19] /removevip biscoito doce, 60
[20/07/2011 21:54:56] /addvip
[20/07/2011 21:55:04] /addvip biscoito doce, 30
[20/07/2011 21:55:13] /removevip biscoito doce, 30
[21/07/2011 09:01:32] /n vipnpc
[21/07/2011 09:01:47] /i 2145
[21/07/2011 09:04:13] /r
[21/07/2011 09:04:15] /r
[21/07/2011 09:04:25] /n vipnpc
[21/07/2011 09:23:35] /n vipnpc
[21/07/2011 09:25:52] /removevip biscoito doce, 70
[21/07/2011 09:32:26] /s squirtle
[21/07/2011 09:33:36] /s fearow
[21/07/2011 09:36:11] /removevip biscoito doce, 40
[21/07/2011 09:38:22] /s gengar
[21/07/2011 09:38:25] /m abra s
[21/07/2011 09:38:45] /m bulbasaur s
[21/07/2011 09:38:58] /m kadabra s
[21/07/2011 09:39:17] /m misdreavus s
[21/07/2011 09:39:32] /r
[21/07/2011 09:43:30] /a 100
[21/07/2011 09:43:47] /a 100
[21/07/2011 09:43:49] /a 100
[21/07/2011 09:43:56] /a 1
[21/07/2011 09:43:57] /a 5
[21/07/2011 09:44:05] /s blastoise
[21/07/2011 09:44:27] /r
[21/07/2011 09:44:29] /s mew
