[21/06/2011 17:35:42] /s lugia
[21/06/2011 17:35:45] /m aipom
[21/06/2011 17:36:01] /i poke ball
[21/06/2011 17:36:08] /r
[21/06/2011 17:36:14] /r
[21/06/2011 17:36:18] /r
[21/06/2011 17:36:20] /r
[21/06/2011 17:36:47] /i 8906
[21/06/2011 17:37:14] /s lugia
[21/06/2011 17:37:16] /m caterpie
[21/06/2011 17:37:22] /m caterpie
[21/06/2011 17:37:23] /r
[21/06/2011 17:37:25] /r
[21/06/2011 17:37:27] /r
[21/06/2011 17:37:29] /r
[21/06/2011 17:39:42] /i 8878
[21/06/2011 17:43:36] /s lugia
[21/06/2011 17:43:47] /m azumarill
[21/06/2011 17:43:50] /m ampharos
[21/06/2011 17:43:52] /m ariados
[21/06/2011 21:33:13] /m pineco
[21/06/2011 21:33:17] /m forretress
[21/06/2011 21:33:22] /c jotte
[21/06/2011 21:33:43] /c manfi
[21/06/2011 21:33:45] /c manolo
[21/06/2011 21:33:48] /r
[21/06/2011 21:33:51] /r
[21/06/2011 21:33:53] /r
[21/06/2011 21:34:31] /c jotte
[21/06/2011 21:34:40] /r
[21/06/2011 21:34:41] /s ditto
[21/06/2011 21:35:08] /r
[21/06/2011 21:35:48] /r
[21/06/2011 21:36:28] /s ditto
[21/06/2011 21:36:52] /m aipom
[21/06/2011 21:37:00] /s lugia
[21/06/2011 21:37:42] /r
[21/06/2011 21:37:59] /clean
[21/06/2011 21:39:06] /s raikou
[21/06/2011 21:39:09] /mode 2
[21/06/2011 21:39:17] /s lugia
[21/06/2011 21:39:29] /s pupitar
[21/06/2011 21:39:35] /s larvitar
[21/06/2011 21:40:14] /s poliwatrh
[21/06/2011 21:40:22] /s poliwrath
[21/06/2011 21:40:56] /i rare candy
[21/06/2011 21:42:03] /r
[21/06/2011 21:42:42] /r
[21/06/2011 21:43:43] /s ditto
[21/06/2011 21:45:11] /m remoraid
[21/06/2011 21:45:21] /m octillery
[21/06/2011 21:45:24] /r
[21/06/2011 21:45:33] /m chinchou
[21/06/2011 21:45:52] /r
[21/06/2011 21:45:53] /r
[21/06/2011 21:45:55] /r
[21/06/2011 21:45:56] /r
[21/06/2011 21:45:57] /r
[21/06/2011 21:46:00] /r
[21/06/2011 21:46:02] /r
[21/06/2011 21:46:03] /r
[21/06/2011 21:46:04] /r
[21/06/2011 21:46:05] /r
[21/06/2011 21:46:07] /r
[21/06/2011 21:46:08] /r
[21/06/2011 21:46:10] /r
[21/06/2011 21:46:13] /r
[21/06/2011 21:46:15] /r
[21/06/2011 21:46:17] /r
[21/06/2011 21:46:18] /r
[21/06/2011 21:46:20] /r
[21/06/2011 21:46:39] /r
[21/06/2011 21:46:41] /r
[21/06/2011 21:47:11] /m dunsparce
[21/06/2011 21:47:19] /m miltank
[21/06/2011 21:47:57] /m steelix
[21/06/2011 21:48:07] /m skarmory
[21/06/2011 21:48:44] /m grunbbull
[21/06/2011 21:48:51] /m grumbbull
[21/06/2011 21:48:56] /m snubbull
[21/06/2011 21:49:25] /m corsola
[21/06/2011 21:49:32] /m elekid
[21/06/2011 21:49:37] /m hitmontop
[21/06/2011 21:49:50] /r
[21/06/2011 21:50:29] /m tyrogue
[21/06/2011 21:50:31] /r
[21/06/2011 21:52:22] /m smeargle
[21/06/2011 21:52:27] /r
[21/06/2011 21:52:39] /m marill
[21/06/2011 21:53:36] /m donphan
[21/06/2011 21:54:18] /m crobat
[21/06/2011 21:55:37] /m ledyba
[21/06/2011 22:00:50] /r
[21/06/2011 22:02:56] /m larvitar
[21/06/2011 22:03:00] /m pupitar
[21/06/2011 22:03:16] /m ariados
[21/06/2011 22:03:26] /r
[21/06/2011 22:06:06] /c bigorgaylord
[21/06/2011 22:07:19] /i 8880
[21/06/2011 22:07:32] /i 8882
[21/06/2011 22:07:37] /i 8884
[21/06/2011 22:07:41] /i 8886
[21/06/2011 22:07:45] /i 8888
[21/06/2011 22:07:50] /i 8889
[21/06/2011 22:08:00] /i 8890
[21/06/2011 22:08:09] /m noctowl
[21/06/2011 22:09:05] /r
[21/06/2011 22:09:27] /m misdreavus
[21/06/2011 22:09:46] /c lagario test
[21/06/2011 22:11:28] /r
[21/06/2011 22:12:01] /m smeargle
[21/06/2011 22:12:45] /m heracross
[21/06/2011 22:15:12] /r
[21/06/2011 22:16:08] /m bellossom
[21/06/2011 22:16:13] /clean
[21/06/2011 22:16:21] /m sunflora
[21/06/2011 22:17:20] /m slugma
[21/06/2011 22:17:22] /m magcargo
[21/06/2011 22:18:39] /m zapdos
[21/06/2011 22:18:47] /r
[21/06/2011 22:18:55] /m sunkern
[21/06/2011 22:19:46] /m pichu
[21/06/2011 22:19:50] /m porygon2
[21/06/2011 22:19:56] /m magby
[21/06/2011 22:20:05] /m hitmontop
[21/06/2011 22:21:24] /m swuinub
[21/06/2011 22:21:28] /m swinub
[21/06/2011 22:21:46] /m piloswine
[21/06/2011 22:27:23] /r
[21/06/2011 22:31:02] /i poke ball
[21/06/2011 22:31:09] /i great ball
[21/06/2011 22:31:14] /i super ball
[21/06/2011 22:31:23] /i ultra ball
[21/06/2011 22:35:24] /n nurse
[21/06/2011 22:36:31] /r
[21/06/2011 22:36:49] /r
[21/06/2011 22:37:52] /clean
[21/06/2011 22:38:46] /s ditto
[21/06/2011 22:38:54] /s ditto
[21/06/2011 22:39:05] /clean
[21/06/2011 22:39:23] /clean
[21/06/2011 22:39:27] /s gengar
[21/06/2011 22:40:18] /clean
[21/06/2011 22:40:25] /r
[21/06/2011 22:40:27] /clean
[21/06/2011 22:40:29] /r
[21/06/2011 22:40:30] /r
[21/06/2011 22:41:01] /a 100
[21/06/2011 22:41:05] /a 200
[21/06/2011 22:41:09] /a 200
[21/06/2011 22:41:20] /c bigorgaylord
[21/06/2011 22:41:28] /c lagario test
[21/06/2011 22:41:57] /c lagario test
[21/06/2011 22:42:13] /goto bigorgaylord
[21/06/2011 22:42:19] /goto lagario test
[21/06/2011 22:42:28] /a 20
[21/06/2011 22:42:32] /a 200
[21/06/2011 22:42:44] /c lagario test
[21/06/2011 22:43:17] /goto bigorgaylord
[21/06/2011 22:43:35] /clean
[21/06/2011 22:43:38] /c lagario test
[21/06/2011 22:44:45] /t
[21/06/2011 22:45:34] /a 20
[21/06/2011 22:45:38] /a 300
[21/06/2011 22:45:42] /a 100
[21/06/2011 22:45:45] /a 20
[21/06/2011 22:45:51] /a 10
[21/06/2011 22:46:13] /t
[22/06/2011 11:00:18] /r
[22/06/2011 11:01:10] /s bellsprout
[22/06/2011 11:01:22] /r
[22/06/2011 11:02:02] /s bulbasaur
[22/06/2011 11:02:11] /r
[22/06/2011 11:02:14] /m bulbasaur
[22/06/2011 11:02:17] /s charmander
[22/06/2011 17:07:58] /s charmander
[22/06/2011 17:08:01] /s chikorita
[22/06/2011 17:08:09] /r
[22/06/2011 17:08:10] /r
[22/06/2011 17:08:12] /r
[22/06/2011 17:08:49] /m bulbasaur
[22/06/2011 17:09:59] /s lugia
[22/06/2011 17:10:02] /r
[22/06/2011 17:10:07] /s totodile
[22/06/2011 17:10:08] /s
[22/06/2011 17:10:11] /r
[22/06/2011 17:10:16] /s chamander
[22/06/2011 17:10:19] /s charmander
[22/06/2011 17:10:33] /s venusaur
[22/06/2011 17:10:35] /r
[22/06/2011 17:10:39] /m venusaur
[22/06/2011 17:11:44] /i super potion
[22/06/2011 17:12:00] /r
[22/06/2011 17:12:03] /clean
[22/06/2011 17:12:19] /m elder charizard
[22/06/2011 17:12:23] /m shiny charizard
[22/06/2011 17:12:45] /s shiny butterfree
[22/06/2011 17:12:51] /s shiny butterfre
[22/06/2011 17:12:58] /m shiny tentacruel
[22/06/2011 17:13:12] /r
[22/06/2011 17:13:20] /r
[22/06/2011 17:13:27] /s aipom
[22/06/2011 17:13:28] /r
[22/06/2011 17:13:37] /i super ball
[22/06/2011 19:35:00] /clean
[22/06/2011 19:35:04] /n pokemonseller
[22/06/2011 19:35:16] /n compradordepokemon
[22/06/2011 19:35:31] /n comprador de pokemon
[22/06/2011 20:31:27] /a 100
[22/06/2011 20:32:33] /s charizard
[22/06/2011 21:49:28] /m caterpie
[22/06/2011 21:49:37] /c jotte
[22/06/2011 21:54:34] /s houndour
[22/06/2011 21:54:54] /r
[22/06/2011 21:54:56] /r
[22/06/2011 21:57:26] /goto jotte
[22/06/2011 21:58:08] /t
[22/06/2011 21:59:57] /c lagario test
[22/06/2011 22:00:03] /a 5
[22/06/2011 22:25:10] /c jotte
[22/06/2011 23:02:53] /a 20
[22/06/2011 23:02:57] /a 10
[23/06/2011 09:49:08] /t
[23/06/2011 09:49:14] /a 50
[23/06/2011 09:49:54] /i 2589
[23/06/2011 09:50:04] /i 2590
[23/06/2011 09:51:15] /i 2591
[23/06/2011 10:08:06] /i 2592
[23/06/2011 10:08:41] /i 2590
[23/06/2011 10:08:50] /r
[23/06/2011 10:09:18] /i 2589
[23/06/2011 11:41:00] /t
[23/06/2011 11:41:03] /a 200
[23/06/2011 11:41:06] /a 50
[23/06/2011 11:41:09] /a 50
[23/06/2011 11:41:31] /s rattata
[23/06/2011 11:42:12] /s caterpie
[23/06/2011 11:42:49] /i 2178
[23/06/2011 11:42:55] /s ditto
[23/06/2011 11:44:26] /s charmander
[23/06/2011 11:44:34] /r
[23/06/2011 11:44:47] /m primeape
[23/06/2011 11:44:55] /s ditto
[23/06/2011 11:45:49] /r
[23/06/2011 11:53:01] /t
[23/06/2011 11:53:27] /r
[23/06/2011 11:53:30] /r
[23/06/2011 12:02:43] /s chikorita
[23/06/2011 12:02:58] /r
[23/06/2011 12:03:02] /s charmandr
[23/06/2011 12:03:08] /s charmander
[23/06/2011 12:03:15] /r
[23/06/2011 12:06:48] /s ditto
[23/06/2011 12:06:58] /s chikorita
[23/06/2011 12:08:39] /newtype 3
[23/06/2011 12:08:45] /newtype 200
[23/06/2011 12:09:16] /m charizard
[23/06/2011 12:09:20] /m quilava
[23/06/2011 12:27:38] /s chikorita
[23/06/2011 12:28:07] /s quilava
[23/06/2011 12:28:13] /r
[23/06/2011 12:28:17] /r
[23/06/2011 12:28:19] /r
[23/06/2011 12:28:22] /r
[23/06/2011 12:29:42] /i box 2
[23/06/2011 12:30:15] /s crystal onix
[23/06/2011 12:30:18] /s charizard
[23/06/2011 12:30:21] /r
[23/06/2011 12:31:44] /i 7416
[23/06/2011 12:32:21] /i 7415
[23/06/2011 12:36:20] /s lugia
[23/06/2011 12:36:29] /s teddiursa
[23/06/2011 12:36:34] /r
[23/06/2011 12:36:36] /r
[23/06/2011 12:36:40] /r
[23/06/2011 13:13:57] /t
[23/06/2011 13:14:00] /i 2589
[23/06/2011 13:14:08] /i poke ball
[23/06/2011 13:18:56] /i 2589
[23/06/2011 13:19:23] /i ultra all
[23/06/2011 13:19:27] /i ultra ball
[23/06/2011 13:38:46] /i 2594
[23/06/2011 13:38:57] /i 2593
[23/06/2011 13:39:15] /i 2595
[23/06/2011 13:41:15] /i 2589
[23/06/2011 13:41:34] /i 2594
[23/06/2011 13:41:48] /r
[23/06/2011 13:41:51] /r
[23/06/2011 13:41:52] /r
[23/06/2011 13:50:45] /i 2589
[23/06/2011 13:51:01] /i ultra ball
[23/06/2011 14:13:10] /i 2995
[23/06/2011 14:13:31] /i 3013
[23/06/2011 14:13:44] /s chikorita
[23/06/2011 14:13:52] /s totodile
[23/06/2011 14:15:45] /s totodile
[23/06/2011 14:15:49] /r
[23/06/2011 14:15:51] /s croconow
[23/06/2011 14:15:56] /s croconaw
[23/06/2011 14:16:13] /r
[23/06/2011 14:16:15] /r
[23/06/2011 14:17:14] /t
[23/06/2011 14:17:29] /r
[23/06/2011 14:17:30] /r
[23/06/2011 14:17:31] /clean
[23/06/2011 14:18:44] /clean
[23/06/2011 14:18:49] /i 1015
[23/06/2011 14:19:00] /i 3805
[23/06/2011 14:20:31] /i 2378
[23/06/2011 14:21:06] /i 2308
[23/06/2011 14:21:23] /i 2306
[23/06/2011 14:21:53] /i 2287
[23/06/2011 14:24:03] /i 2291
