[30/06/2011 15:57:17] /goto lagario test
[30/06/2011 15:57:34] /goto lagario test
[30/06/2011 15:57:43] /goto lagario test
[30/06/2011 15:57:53] /s mew
[30/06/2011 15:59:48] /goto lagario test
[30/06/2011 16:00:42] /s blastoise
[30/06/2011 16:01:37] /i saffari ball
[30/06/2011 16:02:24] /clean
[30/06/2011 16:03:18] /clean
[30/06/2011 16:03:22] /r
[30/06/2011 16:04:22] /m sandslash
[30/06/2011 16:05:53] /n nurse
[30/06/2011 16:08:04] /m moltres
[30/06/2011 16:08:18] /m charizard
[30/06/2011 16:08:20] /m charizard
[30/06/2011 16:08:23] /m charizard
[30/06/2011 16:08:26] /m charizard
[30/06/2011 16:08:31] /m charizard
[30/06/2011 16:08:35] /m charizard
[30/06/2011 16:08:38] /m charizard
[30/06/2011 16:08:39] /m charizard
[30/06/2011 16:08:42] /m charizard
[30/06/2011 16:08:43] /m charizard
[30/06/2011 16:08:43] /m charizard
[30/06/2011 16:08:45] /m charizard
[30/06/2011 16:08:46] /m charizard
[30/06/2011 16:08:47] /m charizard
[30/06/2011 16:08:47] /m charizard
[30/06/2011 16:09:08] /n nurse
[30/06/2011 16:10:48] /clean
[30/06/2011 19:46:57] /t
[30/06/2011 19:50:08] /s kadabra
[30/06/2011 19:50:17] /c hart
[30/06/2011 19:50:41] /s kadabra
