[20/06/2011 15:47:17] /clean
[20/06/2011 15:47:30] /m bellsprout
[20/06/2011 15:47:41] /s charmander
[20/06/2011 15:48:33] /i 4251
[20/06/2011 15:49:09] /i 4250
[20/06/2011 15:49:36] /i 4252
[20/06/2011 16:02:01] /m aipom
[20/06/2011 16:02:05] /s totodile
[20/06/2011 16:03:05] /i 4310
[20/06/2011 16:03:16] /i 4253
[20/06/2011 16:03:23] /i 4254
[20/06/2011 16:03:46] /i 4184
[20/06/2011 16:03:58] /i 4252
[20/06/2011 16:20:48] /m aipom
[20/06/2011 16:20:55] /s corsola
[20/06/2011 16:39:40] /s charmander
[20/06/2011 16:39:44] /m aipom
[20/06/2011 16:41:32] /m aipom
[20/06/2011 16:41:34] /s charmander
[20/06/2011 16:42:16] /m lapras
[20/06/2011 16:43:15] /i ultra ball
[20/06/2011 16:43:25] /m charmander
[20/06/2011 16:43:32] /s totodile
[20/06/2011 16:44:00] /s ampharos
[20/06/2011 16:44:08] /r
[20/06/2011 16:44:18] /r
[20/06/2011 16:44:20] /r
[20/06/2011 16:48:10] /s charmander
[20/06/2011 16:50:04] /s charizard
[20/06/2011 16:50:22] /clean
[20/06/2011 16:50:30] /m aipom
[20/06/2011 16:51:43] /i 4252
[20/06/2011 16:51:45] /i 4253
[20/06/2011 16:52:31] /i 4255
[20/06/2011 16:54:15] /s charmander
[20/06/2011 16:54:28] /r
[20/06/2011 16:54:30] /r
[20/06/2011 16:54:38] /m charmander
[20/06/2011 16:55:39] /i 4256
[20/06/2011 16:56:34] /i 4257
[20/06/2011 16:57:10] /i 9003
[20/06/2011 16:57:18] /i 9002
[20/06/2011 16:57:23] /i 9000
[20/06/2011 17:00:46] /m ariados
[20/06/2011 17:00:55] /s charmander
[20/06/2011 17:01:09] /s larvitar
[20/06/2011 17:01:33] /s lugia
[20/06/2011 17:02:40] /r
[20/06/2011 17:02:42] /r
[20/06/2011 17:02:44] /r
[20/06/2011 17:02:46] /s mewtwo
[20/06/2011 17:02:56] /s mewtwo
[20/06/2011 17:03:07] /s tyranitar
[20/06/2011 17:09:37] /s ariados
[20/06/2011 17:09:48] /r
[20/06/2011 17:09:55] /m 4256
[20/06/2011 17:10:02] /i 4256
[20/06/2011 17:11:47] /s 4253
[20/06/2011 17:11:54] /i 4253
[20/06/2011 17:12:10] /i 42532
[20/06/2011 17:12:12] /i 4252
[20/06/2011 17:13:52] /i 4253
[20/06/2011 17:14:02] /m ampharos
[20/06/2011 17:14:14] /m ariados
[20/06/2011 17:14:17] /r
[20/06/2011 17:14:21] /s dragonite
[20/06/2011 17:14:24] /s daratini
[20/06/2011 17:14:45] /s gengar
[20/06/2011 17:14:58] /clean
[20/06/2011 17:15:06] /s bayleef
[20/06/2011 17:15:23] /s bayleef
[20/06/2011 17:16:07] /s ampharos
[20/06/2011 17:16:10] /r
[20/06/2011 17:16:12] /m ampharos
[22/07/2011 09:59:33] /i rare candy
[22/07/2011 10:04:19] /r
[22/07/2011 10:22:55] /i kings rock
[22/07/2011 10:22:59] /i king's rock
[22/07/2011 10:23:06] /clean
[22/07/2011 10:23:27] /i water stone
[22/07/2011 10:23:39] /m poliwhirl
[22/07/2011 10:23:45] /s ivysaur
[22/07/2011 10:23:54] /r
[22/07/2011 10:23:55] /r
[22/07/2011 10:24:27] /r
[22/07/2011 10:24:33] /i revive, 1
[22/07/2011 10:24:46] /r
[22/07/2011 10:25:06] /s poliwhirl
[22/07/2011 10:25:13] /r
[22/07/2011 10:25:21] /m poliwhirl
[22/07/2011 10:25:27] /i 6008
[22/07/2011 10:25:27] /i 6008
[22/07/2011 10:25:27] /i 6008
[22/07/2011 10:25:27] /i 6008
[22/07/2011 10:25:31] /i 6008
[22/07/2011 10:25:32] /i 6008
[22/07/2011 10:25:32] /i 6008
[22/07/2011 10:25:32] /i 6008
[22/07/2011 10:25:32] /i 6008
[22/07/2011 10:25:32] /i 6008
[22/07/2011 10:25:32] /i 6008
[22/07/2011 10:25:32] /i 6008
[22/07/2011 10:25:32] /i 6008
[22/07/2011 10:25:32] /i 6008
[22/07/2011 10:25:32] /i 6008
[22/07/2011 10:25:32] /i 6008
[22/07/2011 10:25:32] /i 6008
[22/07/2011 10:25:32] /i 6008
[22/07/2011 10:25:32] /i 6008
[22/07/2011 10:25:32] /i 6008
[22/07/2011 10:25:32] /i 6008
[22/07/2011 10:25:32] /i 6008
[22/07/2011 10:25:32] /i 6008
[22/07/2011 10:25:45] /i 6008
[22/07/2011 10:25:45] /i 6008
[22/07/2011 10:25:54] /clean
[22/07/2011 10:26:03] /i water stone
[22/07/2011 10:26:20] /i fight stone
[22/07/2011 10:27:08] /r
[22/07/2011 10:29:52] /m chinchou
[22/07/2011 10:29:55] /i thunder stone
[22/07/2011 10:29:58] /s charmander
[22/07/2011 10:30:01] /i 6008
[22/07/2011 10:30:23] /r
[22/07/2011 10:30:25] /r
[22/07/2011 10:30:43] /i 2291
[22/07/2011 10:32:02] /m totodile
[22/07/2011 10:32:25] /r
[22/07/2011 10:32:35] /s chinchou s
[22/07/2011 10:32:52] /r
[22/07/2011 10:32:58] /m totodile s
[22/07/2011 10:33:05] /s bulbasaur
[22/07/2011 10:33:20] /m wartortle
[22/07/2011 10:33:26] /m wartortle s
[22/07/2011 10:33:35] /m charizard s
[22/07/2011 10:33:57] /m remoraid s
[22/07/2011 10:34:01] /s charmander
[22/07/2011 10:34:09] /r
[22/07/2011 10:34:26] /i water stone
[22/07/2011 10:35:58] /m hoppip s
[22/07/2011 10:36:04] /s charmander
[22/07/2011 10:36:10] /r
[22/07/2011 10:36:23] /i leaf stone
[22/07/2011 10:38:35] /m remoraid
[22/07/2011 10:38:39] /s charizard
[22/07/2011 10:38:46] /r
[22/07/2011 10:38:48] /r
[22/07/2011 10:38:53] /i water stone
[22/07/2011 10:39:01] /r
[22/07/2011 11:12:38] /i king's rock
[22/07/2011 11:13:00] /i metal coat
[22/07/2011 11:13:13] /i dragon scale
[22/07/2011 11:13:22] /i upgrade
[22/07/2011 11:26:53] /clean
[22/07/2011 11:27:47] /m seadra
[22/07/2011 11:28:09] /i water stone
[22/07/2011 11:28:13] /i dragon scale
[22/07/2011 11:30:31] /m seadra
[22/07/2011 11:32:00] /m totodile
[22/07/2011 11:32:03] /m cyndaquil
[22/07/2011 11:32:05] /m chikorita
[22/07/2011 11:32:08] /s charizard s
[22/07/2011 11:32:17] /r
[22/07/2011 11:32:18] /r
[22/07/2011 11:32:24] /s cyndaquil
[22/07/2011 11:32:30] /r
[22/07/2011 11:32:53] /s charizard s
[22/07/2011 11:33:13] /m marill
[22/07/2011 11:33:22] /r
[22/07/2011 11:33:31] /i water stone
[22/07/2011 11:34:40] /i box 4
[22/07/2011 11:34:42] /i box4
[22/07/2011 11:34:47] /s charizard
[22/07/2011 11:34:51] /m marill s
[22/07/2011 11:34:57] /i poke ball
[22/07/2011 11:35:07] /m wooper
[22/07/2011 11:35:11] /r
[22/07/2011 11:35:15] /m wooper s
[22/07/2011 11:35:24] /r
[22/07/2011 11:35:38] /m seadra s
[22/07/2011 11:35:56] /m chinchou s
[22/07/2011 11:36:06] /m cleffa s
[22/07/2011 11:36:15] /m togepi s
[22/07/2011 11:36:25] /m houndour s
[22/07/2011 11:36:36] /m pineco s
[22/07/2011 11:36:47] /r
[22/07/2011 11:36:49] /r
[22/07/2011 11:36:55] /r
[22/07/2011 11:37:15] /i 2294
[22/07/2011 11:37:17] /i 2294
[22/07/2011 11:38:28] /s togetic
[22/07/2011 11:38:31] /r
[22/07/2011 11:38:36] /r
[22/07/2011 11:38:39] /r
[22/07/2011 11:39:33] /i thunder stone
[22/07/2011 11:40:00] /m spinarak s
[22/07/2011 11:41:02] /i coccon stone
[22/07/2011 11:41:13] /i venom stone
[22/07/2011 11:42:21] /m spinarak s
[22/07/2011 11:42:26] /s charizard
[22/07/2011 11:42:34] /r
[22/07/2011 11:42:38] /r
[22/07/2011 11:48:35] /m charmander
[22/07/2011 11:48:37] /s charizard
[22/07/2011 11:48:48] /r
[22/07/2011 11:48:56] /i fire stone
[22/07/2011 11:49:05] /r
[22/07/2011 11:51:25] /i fire stone
[22/07/2011 11:51:26] /i fire stone
[22/07/2011 11:51:31] /r
[22/07/2011 11:51:50] /m spinarak s
[22/07/2011 11:51:56] /i 2297
[22/07/2011 11:51:59] /i coccon stone
[22/07/2011 11:52:15] /i leaf stone
[22/07/2011 11:53:01] /r
[22/07/2011 11:53:32] /m swinub s
[22/07/2011 11:54:27] /i ice stone
[22/07/2011 11:54:39] /i 2307
[22/07/2011 11:54:55] /i 2307
[22/07/2011 11:55:07] /i earth stone
[22/07/2011 11:55:16] /i fight stone
[22/07/2011 11:56:09] /s larvitar s
[22/07/2011 11:56:16] /r
[22/07/2011 11:56:18] /m larvitar s
[22/07/2011 11:56:48] /i rock stone
[22/07/2011 11:57:01] /i 2297
[22/07/2011 11:58:15] /i 2307
[22/07/2011 12:01:02] /m magby s
[22/07/2011 12:01:09] /r
[22/07/2011 12:01:17] /i fire stone
[22/07/2011 12:01:20] /i fire stone
[22/07/2011 12:01:20] /i fire stone
[22/07/2011 12:01:21] /i fire stone
[22/07/2011 12:18:39] /m pineco
[22/07/2011 12:18:41] /s charizard
[22/07/2011 12:23:50] /i 10283
[22/07/2011 12:23:59] /i 8778
[22/07/2011 12:24:05] /i 8878
[22/07/2011 12:25:17] /m shiny beedrill
[22/07/2011 12:25:20] /s charizard
[22/07/2011 12:25:38] /r
[22/07/2011 12:26:35] /i 131
[22/07/2011 12:29:37] /i 10288
[22/07/2011 12:29:50] /i 10287
[22/07/2011 12:29:57] /i 10286
[22/07/2011 12:31:19] /i 116
[22/07/2011 12:31:37] /i 129
[22/07/2011 12:43:14] /r
[22/07/2011 12:43:15] /r
[22/07/2011 12:43:16] /r
[22/07/2011 12:43:19] /r
[22/07/2011 12:43:21] /r
[22/07/2011 12:43:22] /r
[22/07/2011 12:48:02] /s mewtwo
[22/07/2011 12:48:24] /r
[22/07/2011 12:48:26] /r
[22/07/2011 12:52:47] /m chinchou s
[22/07/2011 12:52:53] /r
[22/07/2011 12:52:56] /i thunder stone
[22/07/2011 12:52:58] /i water stone
[22/07/2011 12:58:05] /m natu s
[22/07/2011 12:59:09] /i 2295
[22/07/2011 12:59:13] /i 2295
[22/07/2011 13:00:09] /m abra s
[22/07/2011 13:00:54] /i 2987
[22/07/2011 13:01:42] /r
[22/07/2011 13:02:03] /clean
[22/07/2011 13:02:07] /m mareep s
[22/07/2011 13:02:18] /i thunder stone
[22/07/2011 13:02:18] /i thunder stone
[22/07/2011 13:05:07] /r
[22/07/2011 13:05:10] /m natu s
[22/07/2011 13:05:22] /clean
[22/07/2011 13:05:30] /i enigma stone
[22/07/2011 13:05:34] /i enigma stone
[22/07/2011 13:06:31] /m togepi s
[22/07/2011 13:06:47] /i enigma stone
[22/07/2011 13:06:48] /i enigma stone
[22/07/2011 13:06:57] /clean
[22/07/2011 13:07:02] /i heart stone
[22/07/2011 13:07:02] /i heart stone
[22/07/2011 13:07:39] /clean
[22/07/2011 13:07:50] /i 2294
[22/07/2011 13:07:55] /i 2294
[22/07/2011 13:08:03] /m pidgey s
[22/07/2011 13:08:12] /clean
[22/07/2011 13:08:37] /clean
[22/07/2011 13:08:43] /clean
[22/07/2011 13:09:03] /i onix s
[22/07/2011 13:09:08] /m onix s
[22/07/2011 13:10:08] /clean
[22/07/2011 13:10:45] /i 2307
[22/07/2011 13:10:49] /i 5297
[22/07/2011 13:11:26] /clean
[22/07/2011 13:17:08] /m golbat
[22/07/2011 13:17:19] /i venom stone
[22/07/2011 13:17:20] /i venom stone
[22/07/2011 13:26:36] /i 2510
[22/07/2011 13:28:40] /m poliwhril s
[22/07/2011 13:28:42] /m poliwhril 
[22/07/2011 13:28:52] /m poliwrhil s
[22/07/2011 13:28:58] /m poliwhirl
[22/07/2011 13:29:13] /i water stone
[22/07/2011 13:29:22] /i fight stone
[22/07/2011 13:55:53] /m shiny snorlax
[22/07/2011 13:56:04] /m shiny snorlax
[22/07/2011 13:56:05] /m shiny snorlax
[22/07/2011 13:56:06] /m shiny snorlax
[22/07/2011 13:56:06] /m shiny snorlax
[22/07/2011 13:56:07] /m shiny snorlax
[22/07/2011 13:58:27] /i 2299
[22/07/2011 14:08:24] /m politoed s
[22/07/2011 14:10:40] /m poliwrath s
[22/07/2011 14:12:23] /i 2292
[22/07/2011 14:21:02] /m poliwhirl
[22/07/2011 14:21:23] /i king's rock
[22/07/2011 14:22:23] /m poliwrath s
[22/07/2011 14:22:47] /m poliwhirl s
[22/07/2011 14:22:58] /i 6054
[22/07/2011 14:23:17] /i king's rock
[22/07/2011 14:26:50] /i king's rock
[22/07/2011 14:27:27] /i 6054
[22/07/2011 14:27:30] /i 6054
[22/07/2011 14:28:30] /i king's rock
[22/07/2011 14:32:10] /i king's rock
[22/07/2011 14:34:27] /i 2299
[22/07/2011 14:34:37] /m eevee
[22/07/2011 14:34:49] /m eevee
[22/07/2011 14:34:50] /m eevee
[22/07/2011 14:34:51] /m eevee
[22/07/2011 14:34:51] /m eevee
[22/07/2011 14:34:52] /m eevee
[22/07/2011 14:34:52] /m eevee
[22/07/2011 14:34:53] /m eevee
[22/07/2011 14:34:54] /m eevee
[22/07/2011 14:35:38] /i 2299
[22/07/2011 14:35:53] /m bulbasaur s
[22/07/2011 14:36:00] /i leaf stone
[22/07/2011 14:39:40] /i 6024
[22/07/2011 14:39:44] /i 6054
[22/07/2011 14:40:07] /i 6024
[22/07/2011 14:40:10] /clean
[22/07/2011 14:40:26] /i 6054
[22/07/2011 14:40:41] /i water stone
[22/07/2011 14:43:47] /i king's rock
[22/07/2011 14:45:53] /i 6054
[22/07/2011 14:46:10] /i fight stone
[22/07/2011 14:48:05] /i king's rock
[22/07/2011 14:50:30] /i 6054
[22/07/2011 14:50:53] /i king's rock
[22/07/2011 14:52:37] /m eevee
[22/07/2011 14:52:46] /i 6364,
[22/07/2011 14:52:48] /i 6364,
[22/07/2011 14:52:48] /i 6364,
[22/07/2011 14:52:51] /i 6364, 20
[22/07/2011 14:53:03] /i 6364, 20
[22/07/2011 14:53:04] /i 6364, 20
[22/07/2011 14:53:04] /i 6364, 20
[22/07/2011 14:53:05] /i 6364, 20
[22/07/2011 14:53:23] /i fire stone
[22/07/2011 14:53:46] /i fire stone
[22/07/2011 14:57:05] /i 6054
[22/07/2011 14:57:09] /i 6054
[22/07/2011 14:57:19] /i water stone
[22/07/2011 14:57:28] /i king's rock
[22/07/2011 14:59:58] /i king's rock
[22/07/2011 15:01:15] /m abra
[22/07/2011 15:01:18] /r
[22/07/2011 15:01:27] /i 6054
[22/07/2011 15:01:45] /i king's rock
[22/07/2011 15:04:04] /s gengar
[22/07/2011 15:04:06] /m abra
[22/07/2011 15:04:12] /m abra s
[22/07/2011 15:04:26] /r
[22/07/2011 15:04:28] /r
[22/07/2011 15:07:42] /i 6054
[22/07/2011 15:07:59] /i king's rock
[22/07/2011 15:09:00] /i 6054
[22/07/2011 15:09:11] /i king's rock
[22/07/2011 15:09:12] /i king's rock
[22/07/2011 15:09:12] /i king's rock
[22/07/2011 15:09:13] /i king's rock
[22/07/2011 15:09:14] /i king's rock
[22/07/2011 15:10:12] /i 6054
[22/07/2011 15:10:13] /i 6054
[22/07/2011 15:10:13] /i 6054
[22/07/2011 15:10:14] /i 6054
[22/07/2011 15:10:14] /i 6054
[22/07/2011 15:10:15] /i 6054
[22/07/2011 15:10:15] /i 6054
[22/07/2011 15:10:16] /i 6054
[22/07/2011 15:12:06] /i 6054
[22/07/2011 15:14:13] /i 6054
[22/07/2011 15:14:16] /i 6054
[22/07/2011 15:14:16] /i 6054
[22/07/2011 15:14:17] /i 6054
[22/07/2011 15:14:17] /i 6054
[22/07/2011 15:14:18] /i 6054
[22/07/2011 15:14:18] /i 6054
[22/07/2011 15:16:05] /i fire stone
[22/07/2011 15:24:07] /i water stone
[22/07/2011 16:20:06] /removevip bleent, 19
[22/07/2011 16:20:37] /i eevee
[22/07/2011 16:20:42] /m eevee
[22/07/2011 16:20:49] /m eevee
[22/07/2011 16:20:50] /m eevee
[22/07/2011 16:20:51] /m eevee
[22/07/2011 16:21:11] /i enigma stone
[22/07/2011 16:21:23] /i 2306
[22/07/2011 16:24:47] /m eevee
[22/07/2011 16:24:47] /m eevee
[22/07/2011 16:24:48] /m eevee
[22/07/2011 16:24:48] /m eevee
[22/07/2011 16:24:49] /m eevee
[22/07/2011 16:24:50] /m eevee
[22/07/2011 16:24:50] /m eevee
[22/07/2011 16:24:51] /m eevee
[22/07/2011 16:26:33] /m teddiursa s
[22/07/2011 16:27:07] /m phanpy
[22/07/2011 16:27:09] /r
[22/07/2011 16:27:11] /m phanpy s
[22/07/2011 16:27:25] /i earth stone
[22/07/2011 16:27:29] /i rock stone
[22/07/2011 16:27:35] /i earth stone
[23/07/2011 09:40:45] /i 5681
[23/07/2011 10:27:39] /i water stone
[23/07/2011 10:27:44] /i fight stone
[23/07/2011 10:37:48] /n mom
[23/07/2011 10:40:05] /s mew
[23/07/2011 10:40:08] /s mew
[23/07/2011 10:48:11] /i 2160
[23/07/2011 10:51:57] /clean
[23/07/2011 11:47:36] /n jones
[23/07/2011 11:47:40] /i diamonds
[23/07/2011 11:47:43] /i diamond
[23/07/2011 11:47:48] /r
[23/07/2011 11:47:51] /i 2145
[23/07/2011 11:48:35] /removevip bleent, 99
[23/07/2011 11:49:04] /m articuno
[23/07/2011 11:49:24] /i rare candy
[23/07/2011 11:50:33] /s geodude
[23/07/2011 11:50:47] /r
[23/07/2011 11:50:51] /s geodude
[23/07/2011 11:51:23] /r
[23/07/2011 11:51:34] /a 2
[23/07/2011 11:51:52] /r
[23/07/2011 11:55:37] /town cinnabar
[23/07/2011 11:55:39] /t cinnabar
[23/07/2011 11:55:50] /t
[23/07/2011 11:55:54] /a 200
[23/07/2011 11:55:56] /a 300
[23/07/2011 11:57:08] /s kadabra
[23/07/2011 11:57:44] /n brock
[23/07/2011 11:57:59] /n misty
[23/07/2011 15:05:38] /i 2552
[23/07/2011 15:05:46] /i 2147
[23/07/2011 15:06:14] /i 8820
[23/07/2011 15:09:09] /i 7245
[23/07/2011 15:10:18] /i 8820
[23/07/2011 15:10:40] /i 7245
[23/07/2011 15:11:58] /i 7734
[23/07/2011 15:12:28] /i 2147
[23/07/2011 16:03:10] /removevip bleent, 6000
[23/07/2011 16:03:16] /removevip bleent, 1
[23/07/2011 16:03:18] /removevip bleent, 
[23/07/2011 16:03:20] /removevip bleent, 0
[23/07/2011 16:03:22] /removevip bleent, 5
[23/07/2011 16:03:26] /removevip bleent, 500000
[23/07/2011 16:03:28] /removevip bleent, 50000000
[23/07/2011 16:03:45] /removevip bleent, 28000000
[23/07/2011 16:04:04] /removevip bleent, 12212
[23/07/2011 16:04:20] /i 2145
[23/07/2011 16:04:23] /n jones
[23/07/2011 16:04:59] /addvip bleent, 3
[23/07/2011 16:06:48] /r
[23/07/2011 16:11:32] /n
[23/07/2011 16:33:53] /i 7274
[23/07/2011 16:33:59] /i 7474
[23/07/2011 16:34:03] /i 7424
[23/07/2011 16:35:49] /r
[23/07/2011 16:35:50] /r
[23/07/2011 16:36:05] /m moltres
[23/07/2011 16:36:13] /r
[23/07/2011 16:43:04] /m squirtle
[23/07/2011 16:52:21] /s kadabra
[23/07/2011 16:52:49] /s weepinbell
[23/07/2011 16:53:03] /r
[23/07/2011 16:53:09] /m weepinbell s
[23/07/2011 16:54:34] /i 2160
[23/07/2011 16:56:16] /t
[24/07/2011 09:26:56] /i 6541
[24/07/2011 09:30:18] /i 6541
[24/07/2011 09:32:07] /i 7389
[24/07/2011 09:36:29] /i 7389
[24/07/2011 09:36:47] /i 2552
[24/07/2011 09:38:56] /i 7389
[24/07/2011 09:39:25] /i 7734
[24/07/2011 09:41:53] /i 2785
[24/07/2011 09:41:58] /r
[24/07/2011 09:42:43] /i 2786
[24/07/2011 09:42:49] /r
[24/07/2011 09:43:46] /i 7389
[24/07/2011 09:52:14] /i 7389
[24/07/2011 09:55:27] /i 7732
[24/07/2011 09:56:07] /i 2786
[24/07/2011 10:00:29] /m magby
[24/07/2011 10:00:50] /i fire stone
[24/07/2011 10:00:54] /i fire stone
[24/07/2011 10:00:55] /i fire stone
[24/07/2011 10:02:55] /i 6541
[24/07/2011 10:08:04] /i 2786
[24/07/2011 10:16:51] /m dragonite shiny
[24/07/2011 10:16:57] /m shiny dragonite
[24/07/2011 10:18:34] /i 7732
[24/07/2011 10:23:51] /i 3777
[24/07/2011 10:24:03] /i 3896
[24/07/2011 10:24:11] /i 3897
[24/07/2011 10:24:28] /i 3867
[24/07/2011 10:24:35] /i 3868
[24/07/2011 10:26:36] /i 1011
[24/07/2011 10:26:47] /i 7860
[24/07/2011 10:27:07] /i 2114
[24/07/2011 10:27:41] /i 6566
[24/07/2011 10:28:34] /i 5792
[24/07/2011 10:28:56] /i 6570
[24/07/2011 10:29:02] /i 6570
[24/07/2011 10:29:17] /i 2041
[24/07/2011 10:29:46] /i 2036
[24/07/2011 10:30:00] /i 1728
[24/07/2011 10:30:18] /i 1877
[24/07/2011 10:30:28] /i 8187
[24/07/2011 10:30:40] /i 1209
[24/07/2011 10:30:45] /r
[24/07/2011 10:30:55] /i 2692
[24/07/2011 10:31:04] /i 2694
[24/07/2011 10:32:44] /i fisher greg
[24/07/2011 10:32:48] /n fisher greg
[24/07/2011 10:33:01] /i remains of magikarp, 15
[24/07/2011 10:33:04] /i remains of magikarp, 15
[24/07/2011 10:33:31] /i 2687, 15
[24/07/2011 10:33:50] /r
[24/07/2011 10:33:52] /r
[24/07/2011 10:33:54] /r
[24/07/2011 10:33:55] /r
[24/07/2011 10:34:08] /n fisher patrick
[24/07/2011 10:34:13] /n fisher rick
[24/07/2011 10:34:17] /n fisher ronald
[24/07/2011 10:34:33] /i water gem, 80
[24/07/2011 10:34:59] /r
[24/07/2011 10:35:07] /n anunciante
[24/07/2011 10:35:59] /n bag
[24/07/2011 10:36:10] /r
[24/07/2011 10:36:26] /n boat
[24/07/2011 10:37:02] /n bruna alakazam
[24/07/2011 10:37:07] /a 5
[24/07/2011 10:37:09] /a 10
[24/07/2011 10:37:14] /n bruna
[24/07/2011 10:38:52] /r
[24/07/2011 10:38:59] /n casino
[24/07/2011 10:39:20] /t cassino
[24/07/2011 10:39:28] /n condutor 1
[24/07/2011 10:39:33] /n condutor1
[24/07/2011 10:46:18] /i condutor 2
[24/07/2011 10:46:20] /i condutor2
[24/07/2011 10:46:26] /i condutor1
[24/07/2011 10:46:27] /i condutor3
[24/07/2011 10:46:39] /n condutor2
[24/07/2011 10:46:41] /n condutor1
[24/07/2011 10:47:38] /n fightman
[24/07/2011 10:48:22] /n guild master
[24/07/2011 10:48:44] /n henry
[24/07/2011 10:48:52] /r
[24/07/2011 10:49:41] /n hiker johnny
[24/07/2011 10:50:46] /n josh
[24/07/2011 10:51:02] /r
[24/07/2011 10:52:54] /n nicholas
[24/07/2011 10:53:01] /r
[24/07/2011 10:53:21] /n nila
[24/07/2011 10:56:33] /r
[24/07/2011 10:56:50] /n noya
[24/07/2011 10:56:59] /r
[24/07/2011 10:57:21] /n oak
[24/07/2011 10:59:09] /t
[24/07/2011 11:01:46] /r
[24/07/2011 11:01:52] /r
[24/07/2011 11:03:29] /r
[24/07/2011 11:03:32] /r
[24/07/2011 11:03:34] /r
[24/07/2011 11:03:37] /r
[24/07/2011 11:03:38] /clean
[24/07/2011 11:03:40] /r
[24/07/2011 11:03:41] /r
[24/07/2011 11:03:42] /r
[24/07/2011 11:03:43] /r
[24/07/2011 11:03:44] /r
[24/07/2011 11:03:45] /r
[24/07/2011 11:03:46] /r
[24/07/2011 11:03:51] /r
[24/07/2011 11:03:52] /r
[24/07/2011 11:04:10] /clean
[24/07/2011 11:04:49] /r
[24/07/2011 11:04:51] /r
[24/07/2011 11:04:56] /r
[24/07/2011 11:04:58] /r
[24/07/2011 11:04:59] /r
[24/07/2011 11:05:01] /r
[24/07/2011 11:05:02] /r
[24/07/2011 11:05:04] /r
[24/07/2011 11:06:23] /s arcanine
[24/07/2011 11:10:52] /t
