[21/07/2011 10:00:44] /addvip bleent, 30
[21/07/2011 10:01:01] /removevip bleeent, 30
[21/07/2011 10:01:53] /addvip bleeent, 30
[21/07/2011 10:02:52] /removevip bleeent, 30
[21/07/2011 10:03:06] /i 2145
[21/07/2011 10:03:52] /removevip bleeent, 30
[21/07/2011 10:06:26] /addvip bleeent, 30
[21/07/2011 10:06:47] /addvip bleeent, 30
[21/07/2011 10:14:54] /removevip bleent, 60
[21/07/2011 10:15:21] /addvip bleent, 10
[21/07/2011 10:15:24] /addvip bleent, 30
[21/07/2011 10:16:37] /addvip bleent, 30
[21/07/2011 10:17:14] /removevip bleeent, 30
[21/07/2011 10:17:59] /addvip bleent, 30
[21/07/2011 10:19:36] /addvip bleeent, 30
[21/07/2011 10:23:29] /removevip bleeent, 120
[21/07/2011 10:27:26] /removevip bleeent, 120
[21/07/2011 10:28:07] /s squirtle
[21/07/2011 10:28:13] /r
[21/07/2011 10:29:23] /removevip bleeent, 120
[21/07/2011 10:29:55] /removevip bleeent, 120
[21/07/2011 10:31:13] /m squirtle
[21/07/2011 10:31:17] /i fast ball
[21/07/2011 10:31:24] /s charizard
[21/07/2011 10:31:36] /m squirtle
[21/07/2011 10:31:37] /m squirtle
[21/07/2011 10:31:38] /m squirtle
[21/07/2011 10:31:38] /m squirtle
[21/07/2011 10:31:40] /m squirtle
[21/07/2011 10:32:05] /i 6008
[21/07/2011 10:32:05] /i 6008
[21/07/2011 10:32:06] /i 6008
[21/07/2011 10:32:06] /i 6008
[21/07/2011 10:32:06] /i 6008
[21/07/2011 10:32:06] /i 6008
[21/07/2011 10:32:06] /i 6008
[21/07/2011 10:32:06] /i 6008
[21/07/2011 10:32:06] /i 6008
[21/07/2011 10:32:06] /i 6008
[21/07/2011 10:32:06] /i 6008
[21/07/2011 10:32:06] /i 6008
[21/07/2011 10:32:06] /i 6008
[21/07/2011 10:32:06] /i 6008
[21/07/2011 10:32:06] /i 6008
[21/07/2011 10:32:06] /i 6008
[21/07/2011 10:32:06] /i 6008
[21/07/2011 10:32:06] /i 6008
[21/07/2011 10:32:06] /i 6008
[21/07/2011 10:32:06] /i 6008
[21/07/2011 10:32:06] /i 6008
[21/07/2011 10:32:06] /i 6008
[21/07/2011 10:32:06] /i 6008
[21/07/2011 10:32:06] /i 6008
[21/07/2011 10:32:06] /i 6008
[21/07/2011 10:32:06] /i 6008
[21/07/2011 10:32:06] /i 6008
[21/07/2011 10:32:06] /i 6008
[21/07/2011 10:32:07] /i 6008
[21/07/2011 10:32:07] /i 6008
[21/07/2011 10:32:07] /i 6008
[21/07/2011 10:32:07] /i 6008
[21/07/2011 10:32:59] /i 6008
[21/07/2011 10:32:59] /i 6008
[21/07/2011 10:32:59] /i 6008
[21/07/2011 10:33:00] /i 6008
[21/07/2011 10:33:00] /i 6008
[21/07/2011 10:33:00] /i 6008
[21/07/2011 10:33:00] /i 6008
[21/07/2011 10:33:00] /i 6008
[21/07/2011 10:33:13] /i 6008
[21/07/2011 10:33:13] /i 6008
[21/07/2011 10:33:13] /i 6008
[21/07/2011 10:33:13] /i 6008
[21/07/2011 10:33:13] /i 6008
[21/07/2011 10:33:13] /i 6008
[21/07/2011 10:33:13] /i 6008
[21/07/2011 10:33:13] /i 6008
[21/07/2011 10:33:13] /i 6008
[21/07/2011 10:33:13] /i 6008
[21/07/2011 10:33:13] /i 6008
[21/07/2011 10:33:13] /i 6008
[21/07/2011 10:33:14] /i 6008
[21/07/2011 10:33:14] /i 6008
[21/07/2011 10:33:14] /i 6008
[21/07/2011 10:33:14] /i 6008
[21/07/2011 10:33:14] /i 6008
[21/07/2011 10:33:16] /i 6008
[21/07/2011 10:33:16] /i 6008
[21/07/2011 10:33:16] /i 6008
[21/07/2011 10:33:16] /i 6008
[21/07/2011 10:33:16] /i 6008
[21/07/2011 10:33:16] /i 6008
[21/07/2011 10:33:16] /i 6008
[21/07/2011 10:33:16] /i 6008
[21/07/2011 10:33:16] /i 6008
[21/07/2011 10:33:16] /i 6008
[21/07/2011 10:33:16] /i 6008
[21/07/2011 10:33:16] /i 6008
[21/07/2011 10:33:16] /i 6008
[21/07/2011 10:33:17] /i 6008
[21/07/2011 10:33:17] /i 6008
[21/07/2011 10:33:17] /i 6008
[21/07/2011 10:33:17] /i 6008
[21/07/2011 10:33:17] /i 6008
[21/07/2011 10:33:17] /i 6008
[21/07/2011 10:33:17] /i 6008
[21/07/2011 10:33:17] /i 6008
[21/07/2011 10:33:17] /i 6008
[21/07/2011 10:33:17] /i 6008
[21/07/2011 10:33:17] /i 6008
[21/07/2011 10:33:17] /i 6008
[21/07/2011 10:33:17] /i 6008
[21/07/2011 10:33:17] /i 6008
[21/07/2011 10:33:17] /i 6008
[21/07/2011 10:33:17] /i 6008
[21/07/2011 10:33:17] /i 6008
[21/07/2011 10:33:17] /i 6008
[21/07/2011 10:34:22] /i 6008
[21/07/2011 10:34:22] /i 6008
[21/07/2011 10:34:22] /i 6008
[21/07/2011 10:34:22] /i 6008
[21/07/2011 10:34:22] /i 6008
[21/07/2011 10:34:22] /i 6008
[21/07/2011 10:34:22] /i 6008
[21/07/2011 10:34:22] /i 6008
[21/07/2011 10:34:22] /i 6008
[21/07/2011 10:34:22] /i 6008
[21/07/2011 10:34:22] /i 6008
[21/07/2011 10:34:22] /i 6008
[21/07/2011 10:34:22] /i 6008
[21/07/2011 10:34:22] /i 6008
[21/07/2011 10:34:22] /i 6008
[21/07/2011 10:34:22] /i 6008
[21/07/2011 10:34:23] /i 6008
[21/07/2011 10:34:23] /i 6008
[21/07/2011 10:34:23] /i 6008
[21/07/2011 10:34:23] /i 6008
[21/07/2011 10:34:23] /i 6008
[21/07/2011 10:34:23] /i 6008
[21/07/2011 10:34:23] /i 6008
[21/07/2011 10:34:23] /i 6008
[21/07/2011 10:34:23] /i 6008
[21/07/2011 10:34:23] /i 6008
[21/07/2011 10:34:23] /i 6008
[21/07/2011 10:34:23] /i 6008
[21/07/2011 10:34:23] /i 6008
[21/07/2011 10:34:23] /i 6008
[21/07/2011 10:34:23] /i 6008
[21/07/2011 10:34:23] /i 6008
[21/07/2011 10:34:23] /i 6008
[21/07/2011 10:34:23] /i 6008
[21/07/2011 10:34:23] /i 6008
[21/07/2011 10:34:23] /i 6008
[21/07/2011 10:34:23] /i 6008
[21/07/2011 10:34:23] /i 6008
[21/07/2011 10:34:23] /i 6008
[21/07/2011 10:34:23] /i 6008
[21/07/2011 10:34:23] /i 6008
[21/07/2011 10:34:23] /i 6008
[21/07/2011 10:34:23] /i 6008
[21/07/2011 10:34:23] /i 6008
[21/07/2011 10:34:23] /i 6008
[21/07/2011 10:34:23] /i 6008
[21/07/2011 10:34:24] /i 6008
[21/07/2011 10:34:24] /i 6008
[21/07/2011 10:34:24] /i 6008
[21/07/2011 10:34:24] /i 6008
[21/07/2011 10:34:24] /i 6008
[21/07/2011 10:34:24] /i 6008
[21/07/2011 10:34:24] /i 6008
[21/07/2011 10:34:24] /i 6008
[21/07/2011 10:34:24] /i 6008
[21/07/2011 10:34:24] /i 6008
[21/07/2011 10:34:24] /i 6008
[21/07/2011 10:34:24] /i 6008
[21/07/2011 10:34:24] /i 6008
[21/07/2011 10:34:24] /i 6008
[21/07/2011 10:34:24] /i 6008
[21/07/2011 10:34:24] /i 6008
[21/07/2011 10:34:24] /i 6008
[21/07/2011 10:34:24] /i 6008
[21/07/2011 10:34:24] /i 6008
[21/07/2011 10:34:24] /i 6008
[21/07/2011 10:34:24] /i 6008
[21/07/2011 10:34:24] /i 6008
[21/07/2011 10:34:24] /i 6008
[21/07/2011 10:34:24] /i 6008
[21/07/2011 10:34:24] /i 6008
[21/07/2011 10:34:24] /i 6008
[21/07/2011 10:34:24] /i 6008
[21/07/2011 10:34:24] /i 6008
[21/07/2011 10:34:24] /i 6008
[21/07/2011 10:34:24] /i 6008
[21/07/2011 10:34:24] /i 6008
[21/07/2011 10:34:24] /i 6008
[21/07/2011 10:34:24] /i 6008
[21/07/2011 10:34:24] /i 6008
[21/07/2011 10:34:25] /i 6008
[21/07/2011 10:34:25] /i 6008
[21/07/2011 10:34:25] /i 6008
[21/07/2011 10:34:25] /i 6008
[21/07/2011 10:34:25] /i 6008
[21/07/2011 10:34:25] /i 6008
[21/07/2011 10:34:25] /i 6008
[21/07/2011 10:34:25] /i 6008
[21/07/2011 10:34:25] /i 6008
[21/07/2011 10:34:25] /i 6008
[21/07/2011 10:34:25] /i 6008
[21/07/2011 10:34:25] /i 6008
[21/07/2011 10:34:26] /i 6008
[21/07/2011 10:34:49] /i fast ball
[21/07/2011 10:35:16] /i 6008
[21/07/2011 10:35:17] /i 6008
[21/07/2011 10:35:17] /i 6008
[21/07/2011 10:35:17] /i 6008
[21/07/2011 10:35:17] /i 6008
[21/07/2011 10:35:17] /i 6008
[21/07/2011 10:35:17] /i 6008
[21/07/2011 10:35:17] /i 6008
[21/07/2011 10:35:17] /i 6008
[21/07/2011 10:35:17] /i 6008
[21/07/2011 10:35:17] /i 6008
[21/07/2011 10:35:17] /i 6008
[21/07/2011 10:35:17] /i 6008
[21/07/2011 10:35:17] /i 6008
[21/07/2011 10:35:17] /i 6008
[21/07/2011 10:35:17] /i 6008
[21/07/2011 10:35:17] /i 6008
[21/07/2011 10:35:17] /i 6008
[21/07/2011 10:35:41] /i 6008
[21/07/2011 10:35:41] /i 6008
[21/07/2011 10:35:41] /i 6008
[21/07/2011 10:35:42] /i 6008
[21/07/2011 10:35:42] /i 6008
[21/07/2011 10:35:42] /i 6008
[21/07/2011 10:35:42] /i 6008
[21/07/2011 10:35:42] /i 6008
[21/07/2011 10:35:42] /i 6008
[21/07/2011 10:35:42] /i 6008
[21/07/2011 10:35:42] /i 6008
[21/07/2011 10:35:42] /i 6008
[21/07/2011 10:35:42] /i 6008
[21/07/2011 10:35:42] /i 6008
[21/07/2011 10:35:42] /i 6008
[21/07/2011 10:35:42] /i 6008
[21/07/2011 10:35:42] /i 6008
[21/07/2011 10:35:42] /i 6008
[21/07/2011 10:35:42] /i 6008
[21/07/2011 10:35:42] /i 6008
[21/07/2011 10:35:42] /i 6008
[21/07/2011 10:35:42] /i 6008
[21/07/2011 10:35:42] /i 6008
[21/07/2011 10:35:42] /i 6008
[21/07/2011 10:35:42] /i 6008
[21/07/2011 10:35:42] /i 6008
[21/07/2011 10:35:42] /i 6008
[21/07/2011 10:35:42] /i 6008
[21/07/2011 10:35:42] /i 6008
[21/07/2011 10:35:42] /i 6008
[21/07/2011 10:35:42] /i 6008
[21/07/2011 10:35:42] /i 6008
[21/07/2011 10:35:42] /i 6008
[21/07/2011 10:35:42] /i 6008
[21/07/2011 10:35:42] /i 6008
[21/07/2011 10:35:42] /i 6008
[21/07/2011 10:35:42] /i 6008
[21/07/2011 10:35:42] /i 6008
[21/07/2011 10:35:42] /i 6008
[21/07/2011 10:35:43] /i 6008
[21/07/2011 10:35:43] /i 6008
[21/07/2011 10:35:43] /i 6008
[21/07/2011 10:35:43] /i 6008
[21/07/2011 10:35:43] /i 6008
[21/07/2011 10:35:43] /i 6008
[21/07/2011 10:36:34] /i 6008
[21/07/2011 10:36:34] /i 6008
[21/07/2011 10:36:34] /i 6008
[21/07/2011 10:36:34] /i 6008
[21/07/2011 10:36:34] /i 6008
[21/07/2011 10:36:34] /i 6008
[21/07/2011 10:36:34] /i 6008
[21/07/2011 10:36:34] /i 6008
[21/07/2011 10:36:34] /i 6008
[21/07/2011 10:36:34] /i 6008
[21/07/2011 10:36:35] /i 6008
[21/07/2011 10:36:35] /i 6008
[21/07/2011 10:36:35] /i 6008
[21/07/2011 10:36:35] /i 6008
[21/07/2011 10:36:35] /i 6008
[21/07/2011 10:36:35] /i 6008
[21/07/2011 10:36:35] /i 6008
[21/07/2011 10:36:35] /i 6008
[21/07/2011 10:36:35] /i 6008
[21/07/2011 10:36:35] /i 6008
[21/07/2011 10:36:35] /i 6008
[21/07/2011 10:36:35] /i 6008
[21/07/2011 10:36:35] /i 6008
[21/07/2011 10:36:35] /i 6008
[21/07/2011 10:36:35] /i 6008
[21/07/2011 10:36:35] /i 6008
[21/07/2011 10:36:35] /i 6008
[21/07/2011 10:36:35] /i 6008
[21/07/2011 10:36:35] /i 6008
[21/07/2011 10:36:35] /i 6008
[21/07/2011 10:36:35] /i 6008
[21/07/2011 10:36:35] /i 6008
[21/07/2011 10:37:18] /i 6008
[21/07/2011 10:37:18] /i 6008
[21/07/2011 10:37:18] /i 6008
[21/07/2011 10:37:18] /i 6008
[21/07/2011 10:37:18] /i 6008
[21/07/2011 10:37:18] /i 6008
[21/07/2011 10:37:18] /i 6008
[21/07/2011 10:37:18] /i 6008
[21/07/2011 10:37:18] /i 6008
[21/07/2011 10:37:18] /i 6008
[21/07/2011 10:37:18] /i 6008
[21/07/2011 10:37:18] /i 6008
[21/07/2011 10:37:19] /i 6008
[21/07/2011 10:37:19] /i 6008
[21/07/2011 10:37:19] /i 6008
[21/07/2011 10:37:19] /i 6008
[21/07/2011 10:37:19] /i 6008
[21/07/2011 10:37:19] /i 6008
[21/07/2011 10:37:19] /i 6008
[21/07/2011 10:37:19] /i 6008
[21/07/2011 10:37:19] /i 6008
[21/07/2011 10:37:19] /i 6008
[21/07/2011 10:37:19] /i 6008
[21/07/2011 10:37:19] /i 6008
[21/07/2011 10:37:31] /i lure ball
[21/07/2011 10:37:41] /clean
[21/07/2011 10:37:43] /r
[21/07/2011 10:38:14] /m charizard
[21/07/2011 10:38:20] /i lure ball
[21/07/2011 10:39:52] /removevip bleeent, 30
[21/07/2011 10:41:06] /checkvip bleent
[21/07/2011 10:51:14] /i 2160
[21/07/2011 10:57:40] /r
[21/07/2011 10:57:46] /s mew
[21/07/2011 11:01:42] /s charizard
[21/07/2011 11:09:26] /s charizard
[21/07/2011 11:27:23] /n jones
[21/07/2011 11:30:55] /n jones
[21/07/2011 11:31:58] /removevip bleeent, 20
[21/07/2011 15:43:10] /i 2145
[21/07/2011 15:43:17] /n jones
[21/07/2011 15:45:06] /removevip bleent, 20
[21/07/2011 15:46:00] /addvip bleent, 400
[21/07/2011 15:46:23] /addvip bleeent, 20
[21/07/2011 15:46:28] /addvip bleeent, 40
[21/07/2011 15:46:30] /addvip bleeent, 60
[21/07/2011 15:46:37] /addvip bleeent, 30
[21/07/2011 15:46:55] /removevip bleeent, 150
[21/07/2011 15:47:14] /removevip bleeent, 300
[21/07/2011 15:47:27] /removevip bleeent, 80
[21/07/2011 15:47:45] /s squirtle
[21/07/2011 15:47:50] /r
[21/07/2011 15:48:03] /addvip bleeent, 30
[21/07/2011 15:48:20] /removevip bleeent, 30
[21/07/2011 15:48:47] /removevip bleent, 20
[21/07/2011 15:50:12] /removevip bleeent, 60000
[21/07/2011 15:50:32] /removevip bleeent, 5516
[21/07/2011 15:50:49] /removevip bleent, 1
[21/07/2011 15:50:52] /removevip bleent, 2
[21/07/2011 15:50:53] /removevip bleent, 4
[21/07/2011 15:51:06] /removevip bleeent, 4
[21/07/2011 15:51:07] /removevip bleeent, 5
[21/07/2011 15:51:10] /removevip bleeent, 1
[21/07/2011 15:51:16] /addvip bleeent, 1
[21/07/2011 15:51:41] /addvip bleeent, 1
[21/07/2011 15:51:45] /addvip bleeent, 1
[22/07/2011 09:26:40] /removevip bleeent, 32
[22/07/2011 09:27:24] /s charmander
[22/07/2011 09:27:28] /i fire stone
[22/07/2011 09:27:35] /r
[22/07/2011 09:27:38] /m charmander
[22/07/2011 09:27:41] /s squirtle
[22/07/2011 09:27:49] /r
[22/07/2011 09:27:52] /r
[22/07/2011 09:27:55] /i poke ball
[22/07/2011 09:28:00] /i lure ball
[22/07/2011 09:28:06] /clean
[22/07/2011 09:28:15] /r
[22/07/2011 09:28:28] /i revive
[22/07/2011 09:29:32] /i king's rock
[22/07/2011 09:29:44] /i metal coat
[22/07/2011 09:29:59] /i dragon scale
[22/07/2011 09:30:11] /i upgrade
[22/07/2011 09:30:23] /clean
[22/07/2011 09:47:30] /s charmeleon
[22/07/2011 09:47:33] /r
[22/07/2011 09:47:37] /m sunkern
[22/07/2011 09:47:42] /s charizard s
[22/07/2011 09:47:59] /r
[22/07/2011 09:48:11] /m bayleef s
[22/07/2011 09:48:15] /s charmander
[22/07/2011 09:48:23] /r
[22/07/2011 09:48:27] /i leaf stone
[22/07/2011 09:48:31] /i leaf stone
[22/07/2011 09:48:33] /i leaf stone
[22/07/2011 09:50:31] /s charizard
[22/07/2011 09:50:33] /m skiploom
[22/07/2011 09:50:42] /r
[22/07/2011 09:50:44] /clean
[22/07/2011 09:51:15] /i rare candy
[22/07/2011 09:51:20] /clean
[22/07/2011 09:51:36] /i rare candy, 9
[22/07/2011 09:55:53] /i dead rabbit
[22/07/2011 09:56:20] /i water stone
[22/07/2011 09:57:44] /m hoppip s
[22/07/2011 09:57:47] /s charmander
[22/07/2011 09:57:54] /r
[22/07/2011 09:57:57] /r
