[18/06/2011 15:32:46] /goto manolo
[18/06/2011 15:32:58] /s elite hitmonlee
[18/06/2011 15:34:57] /m mewtwo
[18/06/2011 15:35:12] /s charmander
[18/06/2011 15:35:28] /s elite hitmonlee
[18/06/2011 15:35:36] /s elite hitmonchan
[18/06/2011 15:35:53] /s gengar
[18/06/2011 15:36:03] /r
[18/06/2011 15:36:09] /s elite hitmonchan
[18/06/2011 15:36:18] /m charmander
[18/06/2011 15:37:08] /s moltres
[18/06/2011 15:37:11] /s zapdos
[18/06/2011 15:37:13] /s articuno
[18/06/2011 15:37:15] /s mew
[18/06/2011 15:37:17] /s mewtwo
[18/06/2011 15:37:27] /goto manfi
[18/06/2011 15:37:31] /goto manolo
[18/06/2011 15:37:38] /s zapdos
[18/06/2011 15:37:41] /s moltres
[18/06/2011 15:37:44] /s articuno
[18/06/2011 15:37:45] /s mew
[18/06/2011 15:37:47] /s mewtwo
[18/06/2011 15:38:10] /i megaball
[18/06/2011 15:38:14] /i mega ball
[18/06/2011 15:38:57] /i 0
[18/06/2011 15:40:28] /r
[18/06/2011 15:40:38] /r
[18/06/2011 15:40:45] /r
[18/06/2011 15:40:55] /r
[18/06/2011 15:41:18] /r
[18/06/2011 15:41:19] /r
[18/06/2011 15:41:25] /r
[18/06/2011 15:41:28] /r
[18/06/2011 15:42:39] /goto manolo
[18/06/2011 15:42:39] /goto manolo
[18/06/2011 15:42:39] /goto manolo
[18/06/2011 15:42:40] /goto manolo
[18/06/2011 15:42:40] /goto manolo
[18/06/2011 15:42:40] /goto manolo
[18/06/2011 15:42:41] /goto manolo
[18/06/2011 15:42:41] /goto manolo
[18/06/2011 15:42:42] /goto manolo
[18/06/2011 15:42:43] /goto manolo
[18/06/2011 15:42:44] /goto manolo
[18/06/2011 15:42:44] /goto manolo
[18/06/2011 15:42:45] /goto manolo
[18/06/2011 15:42:46] /goto manolo
[18/06/2011 15:42:46] /goto manolo
[18/06/2011 15:42:50] /goto manolo
[18/06/2011 15:43:21] /i 886
[18/06/2011 15:43:24] /i 6886
[18/06/2011 15:53:18] /s blastoise
[18/06/2011 17:08:34] /i 110
[18/06/2011 17:08:41] /i 116
[18/06/2011 17:09:06] /i 8746
[18/06/2011 17:09:22] /i 8767
[18/06/2011 17:09:30] /i 100
[18/06/2011 17:09:35] /i 105
[18/06/2011 17:09:42] /i 106
[18/06/2011 17:09:45] /i 107
[18/06/2011 17:09:49] /i 108
[18/06/2011 17:09:51] /i 109
[18/06/2011 17:09:54] /i 111
[18/06/2011 17:09:56] /i 112
[18/06/2011 17:09:59] /i 113
[18/06/2011 17:10:30] /i 8773
[18/06/2011 19:27:44] /i 6010
[18/06/2011 19:28:12] /i 8758
[18/06/2011 19:28:17] /i 8756
[18/06/2011 19:28:23] /i 8768
[18/06/2011 19:28:40] /s shiny zubat
[18/06/2011 19:29:07] /i 2814
[18/06/2011 19:29:15] /i 2813
[18/06/2011 19:29:26] /i 2815
[18/06/2011 19:29:28] /i 2816
[18/06/2011 19:29:34] /i 2817
[18/06/2011 19:29:45] /i 2820
[18/06/2011 19:30:05] /i 2844
[18/06/2011 19:30:40] /i 2842
[18/06/2011 19:32:19] /m eevee
[18/06/2011 19:32:26] /s mew
[18/06/2011 19:32:54] /r
[18/06/2011 19:33:07] /i 2841
[18/06/2011 19:34:37] /m duduo
[18/06/2011 19:34:40] /m doduo
[18/06/2011 19:34:45] /s charmander
[18/06/2011 19:35:15] /m caterpie
[18/06/2011 19:35:35] /r
[18/06/2011 19:36:11] /m mewtwo
[18/06/2011 19:36:35] /i 5973
[18/06/2011 19:36:44] /i megaball
[18/06/2011 19:36:48] /i ultra ball
[18/06/2011 19:36:55] /clean
[18/06/2011 19:38:02] /i 2817
[18/06/2011 19:38:07] /m ditto
[18/06/2011 19:38:40] /i 6059
[18/06/2011 19:38:45] /i poke ball
[18/06/2011 19:39:40] /m jolteon
[18/06/2011 19:39:49] /i eevee
[18/06/2011 19:39:52] /m eevee
[18/06/2011 19:41:48] /m onix
[18/06/2011 19:42:09] /i 2020
[18/06/2011 19:43:07] /i 6320
[18/06/2011 19:46:42] /i 8771
[18/06/2011 19:46:56] /i 141
[18/06/2011 19:50:18] /i 140
[18/06/2011 19:51:18] /i 2806
[18/06/2011 19:54:50] /i 8769
[18/06/2011 19:54:56] /i 139
[18/06/2011 19:57:04] /clean
[18/06/2011 19:58:45] /i 129
[18/06/2011 19:59:12] /i 8757
[18/06/2011 20:01:32] /m elekid
[18/06/2011 20:21:06] /m mr mime
[18/06/2011 20:21:12] /m mr. mime
[18/06/2011 20:21:18] /m mr.mime
[18/06/2011 20:21:36] /m mrmime
[18/06/2011 20:24:48] /m gengar
[18/06/2011 20:25:02] /m capeta s
[18/06/2011 20:25:31] /m mewtwo
[18/06/2011 20:39:24] /goto jotte
[18/06/2011 20:39:38] /m shiny tentacruel
[18/06/2011 20:44:24] /n nurse
[18/06/2011 20:48:57] /m shiny arcanine
[18/06/2011 20:49:05] /r
[18/06/2011 20:49:07] /r
[18/06/2011 20:49:11] /r
[18/06/2011 20:49:12] /r
[18/06/2011 20:49:55] /m charmander
[18/06/2011 20:50:11] /m shiny tentacruel
[18/06/2011 20:51:23] /n nurse
[18/06/2011 20:51:46] /m shiny raichu
[18/06/2011 20:52:31] /m shiny blastoise
[18/06/2011 20:52:34] /m shiny venusaur
[18/06/2011 20:52:41] /m shiny charizard
[18/06/2011 20:52:49] /m elite hitmonchan
[18/06/2011 20:53:04] /m elite hitmonlee
[18/06/2011 20:53:36] /r
[18/06/2011 20:54:11] /r
[18/06/2011 20:54:15] /n nurse
[18/06/2011 20:54:24] /i revive
[18/06/2011 20:54:54] /r
[18/06/2011 20:55:18] /r
[18/06/2011 20:56:27] /r
[18/06/2011 20:58:39] /r
[18/06/2011 20:58:43] /r
[18/06/2011 20:58:59] /m shiny rattata
[18/06/2011 20:59:08] /m shiny growlighte
[18/06/2011 20:59:14] /m shiny zubat
[18/06/2011 20:59:23] /m shiny abra
[18/06/2011 20:59:37] /m shiny horse
[18/06/2011 20:59:42] /m shiny horsea
[18/06/2011 20:59:59] /n nurse
[18/06/2011 21:00:25] /r
[18/06/2011 21:00:27] /r
[18/06/2011 21:00:32] /r
[18/06/2011 21:00:39] /r
[18/06/2011 21:00:41] /r
[18/06/2011 21:00:47] /r
[18/06/2011 21:00:49] /r
[18/06/2011 21:00:51] /r
[18/06/2011 21:12:43] /s charizard
[18/06/2011 21:13:03] /c jotte
[18/06/2011 21:13:07] /a 50
[18/06/2011 21:13:16] /a 80
[18/06/2011 21:13:19] /c jotte
[18/06/2011 21:13:26] /s charizard
[18/06/2011 21:15:27] /mode 1
[18/06/2011 21:16:24] /m bulbasaur
[18/06/2011 21:17:34] /r
[18/06/2011 21:17:38] /r
[18/06/2011 21:17:43] /r
[18/06/2011 21:18:52] /m shiny gengar
[18/06/2011 21:19:20] /r
[18/06/2011 21:19:21] /r
[18/06/2011 21:19:22] /r
[18/06/2011 21:24:18] /i revive
[18/06/2011 21:24:56] /m shiny arcanine
[18/06/2011 21:25:05] /s caterpie
[18/06/2011 21:25:39] /n nurse
[18/06/2011 21:26:11] /n caterpie
[18/06/2011 21:26:15] /m caterpie
[18/06/2011 21:26:50] /i ultra ball
[18/06/2011 21:28:50] /r
[18/06/2011 21:29:53] /r
[18/06/2011 21:30:13] /i 8160
[18/06/2011 21:31:04] /clean
[18/06/2011 21:31:16] /c jotte
[18/06/2011 21:31:19] /c jotz
[18/06/2011 21:31:51] /i revive
[18/06/2011 21:32:37] /i 8042
[18/06/2011 21:32:55] /i 8030
