[16/12/2011 11:52:35] /i 2223
[16/12/2011 21:42:12] /m alakazam s
[16/12/2011 21:45:25] /m alakazam s
[16/12/2011 22:16:41] /m hypno s
[17/12/2011 10:26:51] /m scyther s
[17/12/2011 10:36:12] /m scyther s
[17/12/2011 10:36:24] /m shiny scyther
[17/12/2011 10:40:56] /m scyther s
[17/12/2011 10:41:03] /m shiny scyther s
[17/12/2011 10:41:05] /m shiny scyther
[17/12/2011 10:53:30] /m scyther se
[17/12/2011 10:53:32] /m scyther s
[17/12/2011 10:57:26] /n nurse
[17/12/2011 10:57:33] /m scyther s
[17/12/2011 10:57:36] /m scyther s
[17/12/2011 10:57:37] /m scyther s
[17/12/2011 10:57:37] /m scyther s
[17/12/2011 10:58:22] /r
[17/12/2011 10:58:24] /r
[17/12/2011 10:58:26] /r
[17/12/2011 12:38:10] /m azumarill
[17/12/2011 12:39:04] /m celebi
[17/12/2011 12:40:56] /m muk
[17/12/2011 12:41:19] /m lanturn
[17/12/2011 12:41:26] /m lanturn
[17/12/2011 12:41:58] /m murkrow
[17/12/2011 12:42:35] /m shiny alakazma
[17/12/2011 12:42:38] /m shiny alakazam
[17/12/2011 12:43:13] /i 3022
[17/12/2011 12:43:58] /m drownzee
[17/12/2011 12:44:01] /m drowzee
[17/12/2011 12:44:16] /m espeon
[17/12/2011 12:47:46] /i 3025
[17/12/2011 12:48:35] /i 3025
[17/12/2011 12:53:48] /m cyndaquil
[17/12/2011 13:04:10] /m cyndaquil 
[17/12/2011 13:05:28] /i 2992
[17/12/2011 13:22:46] /m cyndaquil
[19/12/2011 00:25:10] /m chansey
[19/12/2011 00:25:12] /r
[19/12/2011 00:25:13] /s chansey
[19/12/2011 00:25:31] /r
[19/12/2011 00:25:36] /m chansey
[19/12/2011 00:27:21] /m clefable
[19/12/2011 00:30:26] /s bulbasaur
[19/12/2011 00:30:29] /s squirtle
[19/12/2011 00:30:33] /s charmander
[19/12/2011 00:30:50] /m lugia
[19/12/2011 00:30:57] /r
[19/12/2011 00:31:01] /r
[19/12/2011 00:31:06] /r
[19/12/2011 00:31:09] /r
[19/12/2011 00:31:12] /r
[19/12/2011 00:33:18] /r
[19/12/2011 00:33:20] /r
[19/12/2011 00:33:22] /r
[19/12/2011 00:36:06] /s charmander
[19/12/2011 00:36:08] /s bulbasaur
[19/12/2011 00:36:11] /s squirtle
[19/12/2011 00:36:16] /m zapdos s
[19/12/2011 00:36:31] /r
[19/12/2011 00:36:33] /r
[19/12/2011 00:44:54] /m moltres
[19/12/2011 00:44:58] /s charmander
[19/12/2011 00:45:19] /r
[19/12/2011 00:45:22] /r
[19/12/2011 00:45:24] /r
[19/12/2011 00:45:26] /r
[19/12/2011 00:45:28] /r
[19/12/2011 00:45:31] /r
[19/12/2011 00:45:40] /m venusaur s
[19/12/2011 00:46:20] /s lugia
[19/12/2011 00:46:51] /r
[19/12/2011 00:46:53] /r
[19/12/2011 00:46:57] /r
[19/12/2011 00:47:23] /m lugia
[19/12/2011 00:47:49] /m venusaur
[19/12/2011 00:49:54] /r
[19/12/2011 00:49:56] /r
[19/12/2011 00:50:25] /m charizard s
[19/12/2011 00:50:29] /s squirtle
[19/12/2011 09:53:26] /m lugia
[19/12/2011 09:53:33] /s bulbasaur
[19/12/2011 09:53:44] /s lugia s
[19/12/2011 09:53:49] /r
[19/12/2011 09:53:52] /m lugia s
[19/12/2011 09:54:42] /r
[19/12/2011 09:54:43] /r
[19/12/2011 09:54:45] /r
[19/12/2011 09:54:47] /r
[19/12/2011 09:54:48] /r
[19/12/2011 10:05:39] /m dewgong s
[19/12/2011 10:05:58] /m cloyster s
[19/12/2011 10:06:12] /r
[19/12/2011 10:06:22] /r
[19/12/2011 10:06:24] /r
[19/12/2011 10:06:53] /s dewgong s
[19/12/2011 10:07:02] /m charizard s
[19/12/2011 10:08:01] /m charizard s
[19/12/2011 10:09:22] /s dewgong s
[19/12/2011 10:09:26] /s dewgong s
[19/12/2011 10:14:33] /s dewgong s
[19/12/2011 10:14:38] /m charzard s
[19/12/2011 10:14:44] /m charizard s
[19/12/2011 10:16:25] /m charizard s
[19/12/2011 10:16:52] /s dewgong s
[23/12/2011 11:48:53] /s squirtle
[23/12/2011 11:48:59] /m venusaur s
[23/12/2011 12:02:26] /m venusaur s
[23/12/2011 12:02:34] /s squirtle s
[23/12/2011 13:22:56] /m squirtle
[23/12/2011 13:23:03] /r
[23/12/2011 13:23:07] /s squirtle
[23/12/2011 13:23:09] /m lugia
[23/12/2011 15:26:38] /m squirtle
[23/12/2011 15:27:00] /i fast ball
[23/12/2011 15:27:12] /i heavy ball
