[30/06/2011 15:07:57] /goto lagario test
[30/06/2011 15:08:15] /i 4646
[30/06/2011 15:08:17] /i 4646
[30/06/2011 15:08:28] /s blastoise
[30/06/2011 15:08:55] /r
[30/06/2011 15:09:01] /clean
[30/06/2011 15:09:12] /s shiny tentacruel
[30/06/2011 15:09:42] /s gayrados
[30/06/2011 15:09:45] /s gyarados
[30/06/2011 15:11:53] /s gyarados
[30/06/2011 15:12:47] /s mew
[30/06/2011 15:13:30] /goto lagario test
[30/06/2011 15:15:22] /m vulpix
[30/06/2011 15:15:25] /m charmeleon
[30/06/2011 15:15:27] /m magmar
[30/06/2011 15:16:08] /r
[30/06/2011 15:20:12] /m charizard
[30/06/2011 15:20:19] /m charizard
[30/06/2011 15:20:22] /m charizard
[30/06/2011 15:20:31] /m charmeleon
[30/06/2011 15:20:38] /m charmander
[30/06/2011 15:20:54] /goto lagario test
[30/06/2011 15:21:20] /r
[30/06/2011 15:21:32] /m charmander
[30/06/2011 15:21:52] /m vulpix
[30/06/2011 15:22:12] /m charmeleon
[30/06/2011 15:22:28] /m charmeleon
[30/06/2011 15:22:33] /m charmeleon
[30/06/2011 15:22:36] /m charmeleon
[30/06/2011 15:22:41] /m charmeleon
[30/06/2011 15:22:53] /m charizard
[30/06/2011 15:23:04] /m vulpix
[30/06/2011 15:23:40] /m growlighte
[30/06/2011 15:23:44] /m growlithge
[30/06/2011 15:23:54] /m charizard
[30/06/2011 15:24:07] /r
[30/06/2011 15:24:29] /m arcanine
[30/06/2011 15:24:53] /m growlithe
[30/06/2011 15:24:58] /m growlithe
[30/06/2011 15:25:21] /m arcanine
[30/06/2011 15:25:31] /m arcanine
[30/06/2011 15:25:41] /m growlithe
[30/06/2011 15:25:52] /s squirtle
[30/06/2011 15:26:13] /r
[30/06/2011 15:26:17] /clean
[30/06/2011 15:26:23] /m arcanine
[30/06/2011 15:26:28] /m arcanine
[30/06/2011 15:26:38] /m growlithe
[30/06/2011 15:26:44] /m growlithe
[30/06/2011 15:26:51] /r
[30/06/2011 15:26:52] /r
[30/06/2011 15:27:37] /goto lagario test
[30/06/2011 15:27:59] /m ponyta
[30/06/2011 15:28:01] /m ponyta
[30/06/2011 15:28:03] /m ponyta
[30/06/2011 15:28:05] /m ponyta
[30/06/2011 15:28:08] /m ponyta
[30/06/2011 15:28:16] /m charmander
[30/06/2011 15:28:18] /m charmander
[30/06/2011 15:28:26] /m vulpix
[30/06/2011 15:28:28] /m vulpix
[30/06/2011 15:28:30] /m vulpix
[30/06/2011 15:28:44] /m ponyta
[30/06/2011 15:28:46] /m ponyta
[30/06/2011 15:28:49] /m vulpix
[30/06/2011 15:28:51] /m vulpix
[30/06/2011 15:29:29] /m rapidash
[30/06/2011 15:29:41] /m charmeleon
[30/06/2011 15:29:45] /m charmeleon
[30/06/2011 15:29:54] /m rapidash
[30/06/2011 15:29:59] /m charmeleon
[30/06/2011 15:30:36] /goto lagario test
[30/06/2011 15:32:39] /goto lagario test
[30/06/2011 15:33:48] /goto lagario test
[30/06/2011 15:39:42] /n mark
[30/06/2011 15:43:17] /goto lagario test
[30/06/2011 15:44:36] /goto lagario test
[30/06/2011 15:44:47] /i chest
[30/06/2011 15:45:26] /s bulbasaur
[30/06/2011 15:45:30] /m mewtwo
[30/06/2011 15:45:43] /s bulbasaur
[30/06/2011 15:46:07] /r
