[30/06/2011 19:54:20] /m Onix
[30/06/2011 19:54:30] /s pikachu
[30/06/2011 19:55:34] /s blastoise
[30/06/2011 19:57:57] /s Luguia
[30/06/2011 19:58:20] /s Blastoise
[30/06/2011 20:01:24] /r
[30/06/2011 20:08:30] /s mew
[30/06/2011 20:12:51] /s mewtwo
[30/06/2011 20:13:04] /s zapdos
[30/06/2011 20:13:09] /s articuno
[30/06/2011 20:13:14] /s moltres
[30/06/2011 20:14:46] /s arceus
[30/06/2011 20:15:00] /m Articuno
[30/06/2011 20:15:29] /m mew
[30/06/2011 20:22:49] /s charizard
[30/06/2011 20:22:50] /s charizard
[30/06/2011 20:22:51] /s charizard
[30/06/2011 20:22:51] /s charizard
[30/06/2011 20:22:52] /s charizard
[30/06/2011 20:22:55] /s charizard/s charizard/s charizard/s charizard
[30/06/2011 20:22:57] /s charizard
[30/06/2011 20:22:58] /s charizard
[30/06/2011 20:22:59] /s charizard
[30/06/2011 20:23:00] /s charizard
[30/06/2011 20:23:03] /s charizard
[30/06/2011 20:23:04] /s charizard
[30/06/2011 20:23:05] /s charizard
[30/06/2011 20:23:06] /s charizard
[30/06/2011 20:23:08] /s charizard
[30/06/2011 20:23:09] /s charizard
[30/06/2011 20:23:10] /s charizard
[30/06/2011 20:23:11] /s charizard
[30/06/2011 20:23:12] /s charizard
[30/06/2011 20:23:13] /s charizard
[30/06/2011 20:23:19] /s charizar
[30/06/2011 20:23:21] /s charizard
[30/06/2011 20:23:22] /s charizard
[30/06/2011 20:23:23] /s charizard
[30/06/2011 20:23:26] /s charizard
[30/06/2011 20:23:27] /s charizard
[30/06/2011 20:24:03] /s
[30/06/2011 20:24:10] /s
[30/06/2011 20:24:18] /r
[30/06/2011 20:24:19] /r
[13/12/2011 19:41:34] /m crystal onix
[13/12/2011 19:41:55] /m shiny charizard
[13/12/2011 19:45:00] /m cyndaquil s
[13/12/2011 19:45:06] /m cyndaquil s
[13/12/2011 19:45:59] /s quilava
[13/12/2011 19:46:43] /m shiny dragonite
[13/12/2011 19:46:47] /s shiny pidgeot
[13/12/2011 19:47:05] /i revive
[13/12/2011 19:48:05] /m shiny tentacool
[13/12/2011 19:48:30] /r
[13/12/2011 19:49:33] /i kings rock
[13/12/2011 19:49:37] /i sunstone
[13/12/2011 19:49:40] /i sun stone
[13/12/2011 19:50:01] /i 5298
[13/12/2011 19:50:27] /i king rock
[13/12/2011 19:51:16] /i king's rock
[13/12/2011 19:54:05] /i fire stone
[13/12/2011 19:54:06] /i fire stone
[13/12/2011 19:54:10] /i thunder stone
[13/12/2011 19:54:11] /i thunder stone
[13/12/2011 19:54:15] /i water stone
[13/12/2011 19:54:16] /i water stone
[13/12/2011 19:54:22] /m eevee
[13/12/2011 19:59:59] /m eevee
[13/12/2011 20:00:11] /i 2301
[13/12/2011 20:01:11] /m eevee
[13/12/2011 20:01:21] /i poke ball
[13/12/2011 20:02:46] /m eevee
[13/12/2011 20:02:57] /i gengarbag
[13/12/2011 20:03:00] /i bag
[13/12/2011 20:03:12] /i pokebag
[13/12/2011 20:03:21] /m eevee
[13/12/2011 20:03:29] /i 6364
[13/12/2011 20:03:30] /i 6364
[13/12/2011 20:03:30] /i 6364
[13/12/2011 20:03:31] /i 6364
[13/12/2011 20:03:31] /i 6364
[13/12/2011 20:03:31] /i 6364
[13/12/2011 20:03:32] /i 6364
[13/12/2011 20:03:33] /i 6364
[13/12/2011 20:03:34] /i 6364
[13/12/2011 20:03:34] /i 6364
[13/12/2011 20:03:35] /i 6364
[13/12/2011 20:03:35] /i 6364
[13/12/2011 20:03:36] /i 6364
[13/12/2011 20:03:36] /i 6364
[13/12/2011 20:03:37] /i 6364
[13/12/2011 20:03:37] /i 6364
[13/12/2011 20:03:38] /i 6364
[13/12/2011 20:03:38] /i 6364
[13/12/2011 20:03:39] /i 6364
[13/12/2011 20:03:39] /i 6364
[13/12/2011 20:03:40] /i 6364
[13/12/2011 20:03:40] /i 6364
[13/12/2011 20:03:42] /i 6364
[13/12/2011 20:03:42] /i 6364
[13/12/2011 20:03:43] /i 6364
[13/12/2011 20:03:43] /i 6364
[13/12/2011 20:03:44] /i 6364
[13/12/2011 20:03:46] /i 6364
[13/12/2011 20:03:47] /i 6364
[13/12/2011 20:03:47] /i 6364
[13/12/2011 20:03:48] /i 6364
[13/12/2011 20:05:14] /m venusaur
[13/12/2011 20:05:58] /i thunder stone
[13/12/2011 20:19:36] /m poliwhril
[13/12/2011 20:19:42] /m poliwrhil
[13/12/2011 20:20:01] /m poliwhirl
[13/12/2011 20:24:57] /m poliwhirl
[13/12/2011 20:24:59] /m poliwhirl
[13/12/2011 20:24:59] /m poliwhirl
[13/12/2011 20:25:00] /m poliwhirl
[13/12/2011 20:25:00] /m poliwhirl
[13/12/2011 20:25:01] /m poliwhirl
[13/12/2011 20:25:01] /m poliwhirl
[13/12/2011 20:25:01] /m poliwhirl
[13/12/2011 20:25:02] /m poliwhirl
[13/12/2011 20:26:01] /i fight stone
[13/12/2011 20:26:24] /clean
[13/12/2011 20:26:33] /i king's rock
[13/12/2011 20:28:30] /i king's rock
[13/12/2011 20:29:06] /i water stone
[13/12/2011 20:29:08] /i fight stone
[13/12/2011 20:29:48] /m poliwhirl
[13/12/2011 20:30:11] /i water
[13/12/2011 20:30:13] /i water stone
[13/12/2011 20:30:22] /i king's tone
[13/12/2011 20:30:25] /i king's rock
[13/12/2011 20:31:16] /i poliwhirl
[13/12/2011 20:31:22] /m poliwhirl
[13/12/2011 20:31:36] /i thunder stone
[13/12/2011 20:31:42] /i fire stone
[13/12/2011 20:31:52] /i fight stone
[13/12/2011 20:32:29] /i water stone
[13/12/2011 20:32:39] /clean
[13/12/2011 20:32:41] /r
[13/12/2011 20:36:28] /m poliwhirl
[13/12/2011 20:36:32] /m poliwhirl
[13/12/2011 20:36:41] /i water stone
[13/12/2011 20:36:41] /i water stone
[13/12/2011 20:36:46] /i fight stone
[13/12/2011 20:36:52] /i king's rock
[13/12/2011 20:40:58] /i dragon scale
[13/12/2011 20:42:17] /m kingdra
[13/12/2011 20:42:36] /m horsea
[14/12/2011 15:08:42] /m gloom
[14/12/2011 15:08:46] /m gloom
[14/12/2011 15:09:19] /i lamp
[14/12/2011 15:09:23] /i lamp
[14/12/2011 15:09:27] /i lamp
[14/12/2011 15:09:32] /i lamp
[14/12/2011 15:09:57] /i sun stone
[14/12/2011 15:10:02] /i leaf stone
[14/12/2011 15:10:12] /i venom stone
[14/12/2011 15:11:12] /i leaf stone
[14/12/2011 15:12:13] /m poliwag
[14/12/2011 15:12:18] /i water stone
[14/12/2011 15:12:18] /i water stone
[14/12/2011 15:12:21] /i king's rock
[14/12/2011 15:12:25] /i fight stone
[14/12/2011 15:12:27] /m poliwag
[14/12/2011 15:12:50] /i water stone
[14/12/2011 15:15:22] /m sunkern
[14/12/2011 15:15:41] /i sun sotne
[14/12/2011 15:15:43] /i sun stone
[14/12/2011 15:16:06] /m onix
[14/12/2011 15:16:11] /r
[14/12/2011 15:16:14] /m onix s
[14/12/2011 15:17:29] /i rock stone
[14/12/2011 15:17:34] /i 5297
[14/12/2011 15:18:06] /i 2307
[14/12/2011 15:18:12] /r
[14/12/2011 15:18:21] /i rare candy
[14/12/2011 15:18:21] /i rare candy
[14/12/2011 15:18:22] /i rare candy
[14/12/2011 15:18:22] /i rare candy
[14/12/2011 15:18:23] /i rare candy
[14/12/2011 15:18:54] /i rock stone
[14/12/2011 15:18:59] /m geodude
[14/12/2011 15:19:22] /i rock stone
[14/12/2011 15:20:22] /m shiny magikarp
[14/12/2011 15:20:39] /i 2292
[14/12/2011 15:20:44] /i 2300
[14/12/2011 15:25:31] /i diamond
[14/12/2011 15:25:32] /i diamonds
[14/12/2011 15:25:37] /i diamond
[14/12/2011 15:26:03] /n apelido
[14/12/2011 15:27:35] /i rock stone
[14/12/2011 15:27:51] /m graveler
[14/12/2011 15:28:40] /i rock stone
[14/12/2011 15:28:42] /i rock stone
[14/12/2011 15:29:10] /n bank
[14/12/2011 15:29:12] /n banks
[14/12/2011 15:29:32] /n bless
[14/12/2011 15:29:49] /n premium
[14/12/2011 15:30:11] /i diamonds
[14/12/2011 15:30:13] /i diamond
[14/12/2011 15:30:19] /i coin
[14/12/2011 15:30:54] /i 2145
[14/12/2011 15:44:39] /r
[14/12/2011 15:44:52] /s kadabra
[14/12/2011 15:52:59] /r
[14/12/2011 15:54:30] /clean
[14/12/2011 15:55:18] /owner
[14/12/2011 15:55:25] /owner
[14/12/2011 15:56:03] /i small diamonds
[14/12/2011 15:56:04] /i small diamond
[14/12/2011 15:57:09] /installvip
[14/12/2011 15:57:24] /addvip Hart
[14/12/2011 15:57:29] /addvip 20
[14/12/2011 15:57:34] /addvip 10
[14/12/2011 15:57:48] /checkvip
[14/12/2011 15:57:50] /checkvip Hart
[14/12/2011 16:01:40] /n banker
[14/12/2011 16:01:50] /i 2145
[14/12/2011 16:01:52] /i dollar
[14/12/2011 18:00:48] /n eletronic seller
[14/12/2011 20:53:32] /s kadabra
[14/12/2011 20:53:54] /r
