[27/01/2012 17:38:36] /s blastoise
[27/01/2012 17:39:16] /s blastoise s
[27/01/2012 17:39:25] /r
[27/01/2012 17:39:31] /m blastoise s
[27/01/2012 17:39:47] /i ultra ball
[27/01/2012 17:40:00] /i poke ball
[27/01/2012 17:40:04] /m blastoise s
[27/01/2012 17:40:20] /r
[27/01/2012 19:07:17] /goto Element
[27/01/2012 19:09:12] /goto Element
[27/01/2012 19:09:31] /i king rock
[27/01/2012 19:09:36] /i king's rock
[27/01/2012 19:12:31] /r
[27/01/2012 19:12:58] /m charmander
[27/01/2012 19:13:08] /s blastoise
[27/01/2012 19:13:25] /kick Elementt
[27/01/2012 19:14:38] /r
[27/01/2012 19:14:52] /s caterpie
[27/01/2012 19:15:03] /r
[27/01/2012 19:17:48] /s lugia
[27/01/2012 19:22:07] /kick Drake
[27/01/2012 19:23:09] /kick Dorgado
[27/01/2012 19:24:09] /kick Dorgado
[27/01/2012 19:24:52] /r
[27/01/2012 19:26:04] /goto Dorgado
[27/01/2012 20:57:12] /s shiny arcanine
[27/01/2012 20:58:43] /s bulbasaur
[27/01/2012 20:58:47] /r
[27/01/2012 20:58:51] /m bulbasaur
[27/01/2012 20:59:18] /m ivysaur s
[27/01/2012 20:59:32] /m venusaur s
[27/01/2012 21:00:50] /m charmander s
[27/01/2012 21:01:02] /m charmeleon s
[27/01/2012 21:01:33] /m charmeleon s
[27/01/2012 21:02:10] /r
[27/01/2012 21:02:37] /m charizard s
[27/01/2012 21:03:42] /i hyper potion
[27/01/2012 21:04:22] /m squirtle s
[27/01/2012 21:04:40] /i rare candy
[27/01/2012 21:05:21] /m wartortle s
[27/01/2012 21:05:48] /m blastoise s
[27/01/2012 21:06:10] /r
[27/01/2012 21:07:41] /m caterpie s
[27/01/2012 21:07:58] /m metapod s
[27/01/2012 21:08:06] /m butterfree
[27/01/2012 21:08:19] /m butterfree s
[27/01/2012 21:08:34] /m butterfree s
[27/01/2012 21:08:46] /m weedle s
[27/01/2012 21:09:05] /m kakuna s
[27/01/2012 21:09:11] /m beedrill s
[27/01/2012 21:10:49] /m /m pidgey s
[27/01/2012 21:10:56] /m pidgey s
[27/01/2012 21:11:18] /m rattata s
[27/01/2012 21:11:39] /m spearow
[27/01/2012 21:11:51] /m ekans
[27/01/2012 21:12:06] /m pikachu
[27/01/2012 21:12:13] /m sandshrew s
[27/01/2012 21:12:37] /m nidorina
[27/01/2012 21:12:46] /m nidoranma
[27/01/2012 21:12:57] /m nidoranma
[27/01/2012 21:12:59] /m nidoranma
[27/01/2012 21:13:00] /m nidoranma
[27/01/2012 21:13:05] /m nidoran macho
[27/01/2012 21:13:13] /m nidoqueen
[27/01/2012 21:13:18] /m nidorino
[27/01/2012 21:14:00] /m clefairy s
[27/01/2012 21:14:04] /m clefable s
[27/01/2012 21:14:08] /m vulpix s
[27/01/2012 21:14:11] /m ninetales s
[27/01/2012 21:14:33] /m jigllypuff s
[27/01/2012 21:14:36] /m jigllypuff s
[27/01/2012 21:14:36] /m jigllypuff s
[27/01/2012 21:14:37] /m jigllypuff s
[27/01/2012 21:14:38] /m jigllypuff s
[27/01/2012 21:14:39] /m jigllypuff s
[27/01/2012 21:14:47] /m jigglypuff s
[27/01/2012 21:14:54] /m wigglytuff s
[27/01/2012 21:14:58] /m zubat
[27/01/2012 21:15:00] /m zubat s
[27/01/2012 21:15:05] /m golbat s
[27/01/2012 21:15:32] /m oddish s
[27/01/2012 21:15:36] /m gloom s
[27/01/2012 21:15:42] /m vileplume s
[27/01/2012 21:15:57] /m paras s
[27/01/2012 21:16:03] /m parasect s
[27/01/2012 21:16:56] /m venonat s
[27/01/2012 21:17:01] /m venomoth s
[27/01/2012 21:17:09] /m digglet
[27/01/2012 21:17:15] /m diglett
[27/01/2012 21:17:20] /m dugtrio
[27/01/2012 21:17:34] /m meowth s
[27/01/2012 21:17:41] /m persian s
[27/01/2012 21:17:48] /m psyduck s
[27/01/2012 21:17:53] /m golduck s
[27/01/2012 21:18:13] /m mankey s
[27/01/2012 21:18:17] /m primeape s
[27/01/2012 21:18:28] /m growlithe
[27/01/2012 21:18:34] /m arcanine s
[27/01/2012 21:18:47] /m primeape s
[27/01/2012 21:18:57] /m growlithe s
[27/01/2012 21:19:16] /m poliwag s
[27/01/2012 21:19:21] /m poliwhirl s
[27/01/2012 21:19:29] /m poliwrath s
[27/01/2012 21:19:53] /m abra s
[27/01/2012 21:19:58] /m kadabra s
[27/01/2012 21:20:06] /m alakazam s
[27/01/2012 21:20:38] /m machop s
[27/01/2012 21:20:42] /m machoke s
[27/01/2012 21:20:47] /m machamp s
[27/01/2012 21:21:11] /m bellsprout s
[27/01/2012 21:21:27] /m weepimbell s
[27/01/2012 21:21:34] /m weepinbell s
[27/01/2012 21:21:44] /m victreebel s
[27/01/2012 21:22:15] /s dratini
[27/01/2012 21:22:28] /r
[27/01/2012 21:32:16] /m cyndaquil s
[27/01/2012 21:33:17] /m cyndaquil s
[27/01/2012 21:34:14] /m cyndaquil s
[27/01/2012 21:35:43] /m cyndaquil s
[27/01/2012 21:38:44] /m cyndaquil s
[27/01/2012 21:39:31] /m cyndaquil s
[27/01/2012 21:40:13] /m cyndaquil
[27/01/2012 21:43:21] /m belossom s
[27/01/2012 21:43:29] /m bellossom
[27/01/2012 21:43:45] /i fire stone
[27/01/2012 21:43:46] /i fire stone
[27/01/2012 21:44:23] /m poliwhirl s
[27/01/2012 21:54:25] /i defeated lapras
[27/01/2012 21:54:38] /i defeated cyndaquil
[27/01/2012 21:56:23] /i defeated cyndaquil
[27/01/2012 21:57:44] /i defeated cyndaquil
[27/01/2012 22:03:59] /i defeated cyndaquil
[27/01/2012 22:04:50] /i 2910
[27/01/2012 22:09:12] /goto Elementt
