[18/06/2011 14:51:20] /m shinytentacruel
[18/06/2011 14:51:25] /m shiny tentacruel
[18/06/2011 14:51:33] /m tentacruel 2
[18/06/2011 14:51:38] /m tentacruel2
[18/06/2011 14:51:46] /m shiny tentacool
[18/06/2011 14:53:05] /newtype 309
[18/06/2011 14:53:14] /newtype 350
[18/06/2011 14:53:20] /newtype 359
[18/06/2011 14:53:25] /newtype 397
[18/06/2011 14:53:29] /newtype 324
[18/06/2011 14:53:33] /newtype 456
[18/06/2011 14:53:36] /newtype 456
[18/06/2011 14:53:37] /newtype 456
[18/06/2011 14:53:43] /newtype 490
[18/06/2011 14:53:49] /newtype 480
[18/06/2011 14:53:52] /newtype 488
[18/06/2011 14:54:00] /newtype 489
[18/06/2011 15:01:08] /r
[18/06/2011 15:01:40] /r
[18/06/2011 15:02:40] /r
[18/06/2011 15:02:56] /r
[18/06/2011 15:03:05] /r
[18/06/2011 15:03:07] /r
[18/06/2011 15:03:10] /r
[18/06/2011 15:03:21] /r
[18/06/2011 15:03:32] /r
[18/06/2011 15:08:12] /s mew
[18/06/2011 15:08:41] /s mewtwo
[18/06/2011 15:09:04] /s articuno
[18/06/2011 15:09:58] /c Blent
[18/06/2011 15:14:50] /t
[18/06/2011 15:14:57] /goto Blent
[18/06/2011 15:15:25] /goto Blent
[18/06/2011 15:15:40] /goto Blent
[18/06/2011 15:19:36] /goto Blent
[18/06/2011 15:23:39] /goto Blent
[18/06/2011 15:24:16] /goto Blent
[18/06/2011 15:27:11] /r
[18/06/2011 15:27:12] /r
[18/06/2011 15:28:05] /r
[18/06/2011 15:28:08] /r
[18/06/2011 15:28:16] /r
[18/06/2011 15:29:01] /goto Blent
[18/06/2011 15:29:09] /t
[18/06/2011 20:39:48] /newtype 100
[18/06/2011 20:39:52] /newtype 10
[18/06/2011 20:39:55] /newtype 1
[18/06/2011 20:39:58] /newtype 2
[18/06/2011 20:40:11] /newtype 96
[18/06/2011 20:40:19] /newtype 200
[18/06/2011 20:40:24] /newtype 260
[18/06/2011 20:40:31] /newtype 250
[18/06/2011 20:40:35] /newtype 270
[18/06/2011 20:40:41] /newtype 280
[18/06/2011 20:40:46] /newtype 290
[18/06/2011 20:40:51] /newtype 291
[18/06/2011 20:40:54] /newtype 292
[18/06/2011 20:41:01] /newtype 293
[18/06/2011 20:41:12] /newtype 294
[18/06/2011 20:41:16] /newtype 295
[18/06/2011 20:41:22] /newtype 296
[18/06/2011 20:41:26] /newtype 297
[18/06/2011 20:41:29] /newtype 298
[18/06/2011 20:41:33] /newtype 299
[18/06/2011 20:41:40] /newtype 300
[18/06/2011 20:41:43] /newtype 301
[18/06/2011 20:41:46] /newtype 302
[18/06/2011 20:41:52] /newtype 350
[18/06/2011 20:41:56] /newtype 340
[18/06/2011 20:41:58] /newtype 330
[18/06/2011 21:13:28] /s capeta s
[18/06/2011 21:14:19] /goto Blent Wa
[18/06/2011 21:14:30] /goto Blent Wa
[18/06/2011 21:14:45] /s capeta s
[18/06/2011 21:15:42] /s capeta s
[18/06/2011 21:16:55] /m capeta s
[18/06/2011 21:17:08] /s capeta s
[18/06/2011 21:17:09] /s capeta s
[18/06/2011 21:17:10] /m capeta s
[18/06/2011 21:17:22] /m capeta s
[18/06/2011 21:17:26] /s capeta s
[18/06/2011 21:17:27] /s capeta s
[18/06/2011 21:17:28] /s capeta s
[18/06/2011 21:17:29] /s capeta s
[18/06/2011 21:18:14] /r
[18/06/2011 21:18:16] /r
[18/06/2011 21:18:21] /r
[18/06/2011 21:18:23] /r
[18/06/2011 21:18:27] /r
[18/06/2011 21:18:29] /r
[18/06/2011 21:18:31] /r
[18/06/2011 21:18:33] /r
[18/06/2011 21:18:40] /r
[18/06/2011 21:18:48] /r
[18/06/2011 21:18:54] /r
[18/06/2011 21:22:17] /i 120
[18/06/2011 21:22:22] /i 110
[18/06/2011 21:22:28] /i 109
[18/06/2011 21:22:34] /r
[18/06/2011 21:23:00] /m shiny rattata
[18/06/2011 21:24:03] /i revive
[18/06/2011 21:25:26] /n nurse joy
[18/06/2011 21:25:32] /n healer
[18/06/2011 21:25:41] /n nurse
[18/06/2011 21:29:13] /i 1987
[18/06/2011 22:23:21] /goto Blent Wa
[18/06/2011 22:23:32] /goto Blent
[18/06/2011 22:23:50] /m shiny electabuzz
[18/06/2011 22:24:21] /i ultra ball
[18/06/2011 22:24:46] /s capeta s
[18/06/2011 22:27:28] /r
[18/06/2011 22:28:21] /s capeta s
[18/06/2011 22:29:22] /m capeta s
[19/06/2011 13:12:26] /m chicorita
[19/06/2011 13:23:35] /goto Lagarios
[19/06/2011 13:23:45] /m politoed
[19/06/2011 13:23:58] /m tyranitar
[19/06/2011 13:24:54] /r
[19/06/2011 13:25:03] /m xatu
[19/06/2011 13:25:17] /m meganium
[19/06/2011 13:25:32] /s capeta s
[19/06/2011 13:25:57] /r
[19/06/2011 13:25:58] /r
[19/06/2011 13:26:03] /m umbreon
[19/06/2011 13:26:12] /r
[19/06/2011 13:26:17] /r
[19/06/2011 13:26:18] /r
[19/06/2011 13:26:22] /r
[19/06/2011 13:26:24] /r
[19/06/2011 13:26:26] /r
[19/06/2011 13:26:28] /r
[19/06/2011 13:26:37] /m shiny tentacruel
[19/06/2011 13:26:59] /m /m smoochum
[19/06/2011 13:27:06] /m smoochum
[19/06/2011 13:27:28] /m smeargle
[19/06/2011 13:27:38] /m cindaquil
[19/06/2011 13:27:43] /m cyndaquil
[19/06/2011 13:27:57] /m quilava
[19/06/2011 13:28:10] /m thyplosion
[19/06/2011 13:28:21] /m typlosion
[19/06/2011 13:28:24] /m typlosiom
[19/06/2011 13:28:36] /r
[19/06/2011 13:28:48] /m hitmontop
[19/06/2011 13:28:58] /m feraligatr
[19/06/2011 13:29:20] /r
[19/06/2011 13:29:35] /m chikorita
[19/06/2011 13:30:06] /m typlosion
[19/06/2011 13:30:53] /s capeta s
[19/06/2011 13:31:20] /r
[19/06/2011 13:32:02] /m steelix
[19/06/2011 13:32:06] /m steelix
[19/06/2011 13:32:38] /m crobat
[19/06/2011 13:34:21] /i box3
[19/06/2011 13:34:29] /i box 3
[19/06/2011 13:34:34] /i 6884
[19/06/2011 13:36:23] /i rarecandy
[19/06/2011 13:36:27] /i rare candy
[19/06/2011 13:39:13] /m celebi
[19/06/2011 13:39:21] /s celebi
[19/06/2011 13:40:07] /r
[19/06/2011 13:40:22] /r
[19/06/2011 13:40:24] /r
[19/06/2011 13:40:55] /r
[19/06/2011 13:41:00] /r
[19/06/2011 13:42:57] /m chikorita
[19/06/2011 13:43:04] /m cyndaquil
[19/06/2011 13:43:09] /m totodile
[21/06/2011 21:33:04] /goto Blent
[21/06/2011 21:34:06] /m aipom
[21/06/2011 21:35:19] /s articuno
[21/06/2011 21:36:09] /r
[21/06/2011 21:36:39] /m ampharos
[21/06/2011 21:36:44] /r
[21/06/2011 21:36:45] /r
[21/06/2011 21:37:38] /s entei
[21/06/2011 21:39:01] /r
[21/06/2011 21:39:08] /s suicune
[21/06/2011 21:39:22] /s ho-oh
[21/06/2011 21:39:40] /s tyranitar
[21/06/2011 21:40:17] /r
[21/06/2011 21:40:20] /r
[21/06/2011 21:40:23] /r
[21/06/2011 21:40:28] /s politoed
[21/06/2011 21:40:40] /s elite hitmonchan
[21/06/2011 21:42:54] /m meganium
[21/06/2011 21:43:02] /m feraligatr
[21/06/2011 21:43:13] /m typlosion
[21/06/2011 21:43:27] /m typhlosion
[21/06/2011 21:44:11] /m venusaur
[21/06/2011 21:44:38] /m blastoise
[21/06/2011 21:45:19] /m octillery
[21/06/2011 21:45:41] /m lanturn
[21/06/2011 21:45:59] /r
[21/06/2011 21:46:00] /r
[21/06/2011 21:46:02] /r
[21/06/2011 21:46:03] /r
[21/06/2011 21:46:05] /r
[21/06/2011 21:46:06] /r
[21/06/2011 21:46:09] /r
[21/06/2011 21:46:11] /r
[21/06/2011 21:46:12] /r
[21/06/2011 21:46:14] /r
[21/06/2011 21:46:18] /r
[21/06/2011 21:46:21] /r
[21/06/2011 21:46:22] /r
[21/06/2011 21:46:49] /m furret
[21/06/2011 21:46:58] /m sentret
[21/06/2011 21:47:15] /r
[21/06/2011 21:47:51] /m /m steelix
[21/06/2011 21:48:12] /m onix
[21/06/2011 21:48:27] /r
[21/06/2011 21:48:48] /m delibiurd
[21/06/2011 21:48:51] /m delibird
[21/06/2011 21:49:03] /m granbull
[21/06/2011 21:50:24] /m tirogue
[21/06/2011 21:50:29] /m tyrogue
[21/06/2011 21:51:13] /m aipom
[21/06/2011 21:51:42] /m celebi
[21/06/2011 21:51:47] /m raikou
[21/06/2011 21:51:51] /m entei
[21/06/2011 21:52:03] /m suicune
[21/06/2011 21:53:46] /m phanpy
[21/06/2011 21:53:57] /m azumarill
[21/06/2011 21:54:58] /m bayleef
[21/06/2011 21:55:08] /m croconaw
[21/06/2011 21:55:17] /m quilava
[21/06/2011 21:55:30] /m flaaffy
[21/06/2011 21:55:40] /m chikorita
[21/06/2011 21:55:47] /m totodile
[21/06/2011 21:55:56] /m teddiursa
[21/06/2011 21:56:15] /m cyndaquil
[21/06/2011 21:56:32] /m xatu
[21/06/2011 21:56:50] /m unown
[21/06/2011 21:56:54] /m unown a
[21/06/2011 21:57:01] /m unown z
[21/06/2011 21:57:07] /m unown j
[21/06/2011 21:57:29] /m unown c
[21/06/2011 21:58:12] /m spinarak
[21/06/2011 21:58:26] /m ariados
[21/06/2011 21:58:40] /r
[21/06/2011 21:58:49] /m ledian
[21/06/2011 21:59:20] /m stantler
[21/06/2011 21:59:35] /m scizor
[21/06/2011 21:59:40] /m sneasel
[21/06/2011 22:00:02] /m smoochum
[21/06/2011 22:01:19] /m blissey
[21/06/2011 22:01:31] /m chansey
[21/06/2011 22:01:39] /r
[21/06/2011 22:01:43] /m cleffa
[21/06/2011 22:01:57] /m igglybuff
[21/06/2011 22:02:09] /m mareep
[21/06/2011 22:02:15] /m ampharos
[21/06/2011 22:02:31] /m natu
[21/06/2011 22:02:41] /m ursaring
[21/06/2011 22:03:04] /m tyranitar
[21/06/2011 22:03:59] /m jumpluff
[21/06/2011 22:04:11] /m skiploom
[21/06/2011 22:04:22] /m kingdra
[21/06/2011 22:04:27] /m girafarig
[21/06/2011 22:04:32] /m gligar
[21/06/2011 22:05:44] /m hoppip
[21/06/2011 22:07:20] /i 8881
[21/06/2011 22:07:32] /i 8883
[21/06/2011 22:07:37] /i 8885
[21/06/2011 22:07:42] /i 8887
[21/06/2011 22:07:47] /i 8889
[21/06/2011 22:07:52] /m hoothoot
[21/06/2011 22:08:04] /i 8891
[21/06/2011 22:08:15] /i 8893
[21/06/2011 22:08:45] /r
[21/06/2011 22:08:53] /i 8890
[21/06/2011 22:09:12] /i 8879
[21/06/2011 22:09:22] /i 8893
[21/06/2011 22:09:28] /r
[21/06/2011 22:09:41] /c Lagarios
[21/06/2011 22:10:13] /r
[21/06/2011 22:12:58] /m mantine
[21/06/2011 22:13:05] /m quagsire
[21/06/2011 22:13:11] /m wooper
[21/06/2011 22:13:19] /m woobuffet
[21/06/2011 22:13:23] /m woobufett
[21/06/2011 22:13:28] /m yanma
[21/06/2011 22:13:33] /m umbreon
[21/06/2011 22:13:36] /m espeon
[21/06/2011 22:14:39] /m woobufet
[21/06/2011 22:14:43] /m woobuffett
[21/06/2011 22:15:26] /m wobbufett
[21/06/2011 22:15:31] /m wobbufett
[21/06/2011 22:15:35] /m wobbuffet
[21/06/2011 22:17:19] /m sudoowodo
[21/06/2011 22:17:23] /m sudowoodo
[21/06/2011 22:17:47] /m ho oh
[21/06/2011 22:18:37] /m ho/r
[21/06/2011 22:18:41] /r
[21/06/2011 22:19:06] /m politoed
[21/06/2011 22:19:39] /m slowking
[21/06/2011 22:19:47] /m slowking
[21/06/2011 22:20:20] /m porygon
[21/06/2011 22:20:35] /r
[21/06/2011 22:20:59] /m qwilfish
[21/06/2011 22:23:19] /m murkrow
[21/06/2011 22:25:41] /m togepi
[21/06/2011 22:25:49] /m togetic
[22/06/2011 21:49:15] /goto Lagarios teste
[22/06/2011 21:49:46] /s stantler
[22/06/2011 21:50:01] /r
[22/06/2011 21:50:43] /s ho-oh
[22/06/2011 21:50:52] /r
[22/06/2011 21:52:47] /s stantler
[22/06/2011 21:52:58] /r
[22/06/2011 21:53:46] /m houndoor
[22/06/2011 21:53:53] /m houndoom
[22/06/2011 21:54:23] /m houndoor
[22/06/2011 21:54:56] /r
[22/06/2011 21:58:09] /t
[22/06/2011 22:00:01] /r
[22/06/2011 22:02:19] /r
[22/06/2011 22:46:11] /goto Blablaa
[02/07/2011 20:20:31] /goto Blent
[02/07/2011 20:20:53] /i heart stone
[02/07/2011 20:21:23] /s hoothoot
[02/07/2011 20:21:34] /r
[02/07/2011 20:22:02] /i darkness stone
[02/07/2011 20:22:03] /i darkness stone
[02/07/2011 20:23:55] /goto Blent
[02/07/2011 20:23:57] /goto Blent
[02/07/2011 20:24:13] /i thunder stone
[02/07/2011 20:24:25] /s pikachu
[02/07/2011 20:24:43] /m charizard
[02/07/2011 20:25:05] /s pikachu
[02/07/2011 20:25:26] /i 6001
[02/07/2011 20:25:26] /i 6001
[02/07/2011 20:25:27] /i 6001
[02/07/2011 20:25:27] /i 6001
[02/07/2011 20:25:28] /i 6001
[02/07/2011 20:25:28] /i 6001
[02/07/2011 20:25:29] /i 6001
[02/07/2011 20:25:30] /i 6001
[02/07/2011 20:25:30] /i 6001
[02/07/2011 20:25:31] /i 6001
[02/07/2011 20:25:31] /i 6001
[02/07/2011 20:25:32] /i 6001
[02/07/2011 20:25:32] /i 6001
[02/07/2011 20:25:33] /i 6001
[02/07/2011 20:25:53] /i saffari ball
[02/07/2011 20:26:22] /i thunder stone
[02/07/2011 20:27:16] /m charizard
[02/07/2011 20:27:23] /s eevee
[02/07/2011 20:27:48] /i 6364
[02/07/2011 20:27:48] /i 6364
[02/07/2011 20:30:02] /s gyarados
[02/07/2011 20:31:37] /s shiny blastoise
[02/07/2011 20:33:30] /m shiny blastoise
[02/07/2011 20:33:49] /i 134
[02/07/2011 20:33:50] /i 134
[02/07/2011 20:34:08] /n nurse
[02/07/2011 20:34:40] /i shiny gyaradso
[02/07/2011 20:34:47] /s shiny gyarados
[02/07/2011 20:35:03] /r
[02/07/2011 20:35:05] /r
[02/07/2011 20:35:19] /r
[02/07/2011 20:36:03] /s kingdra
[02/07/2011 20:41:25] /goto Blent
[02/07/2011 20:41:53] /goto Blent
[02/07/2011 20:55:31] /goto Blent
[02/07/2011 20:58:14] /goto Blent
[02/07/2011 20:58:28] /goto Blent
[27/07/2011 11:12:47] /t
[27/07/2011 11:12:52] /goto Blent
[27/07/2011 11:14:00] /s blastoise
[27/07/2011 11:14:06] /m charmander s
[27/07/2011 11:14:06] /m charmander s
[27/07/2011 11:14:07] /m charmander s
[27/07/2011 11:14:07] /m charmander s
[27/07/2011 11:14:08] /m charmander s
[27/07/2011 11:14:08] /m charmander s
[27/07/2011 11:14:40] /m charmander s
[27/07/2011 11:14:41] /m charmander s
[27/07/2011 11:14:41] /m charmander s
[27/07/2011 11:14:41] /m charmander s
[27/07/2011 11:14:43] /m charmander s
[27/07/2011 11:14:43] /m charmander s
[27/07/2011 11:14:44] /m charmander s
[27/07/2011 11:14:44] /m charmander s
[27/07/2011 11:14:58] /m charmander s
[27/07/2011 11:14:58] /m charmander s
[27/07/2011 11:14:59] /m charmander s
[27/07/2011 11:15:00] /m charmander s
[27/07/2011 11:15:00] /m charmander s
[27/07/2011 11:15:01] /m charmander s
[27/07/2011 11:15:01] /m charmander s
[27/07/2011 11:15:02] /m charmander s
[27/07/2011 11:15:03] /m charmander s
[27/07/2011 11:15:04] /m charmander s
[27/07/2011 11:15:05] /m charmander s
[27/07/2011 11:15:17] /m charmander s
[27/07/2011 11:15:18] /m charmander s
[27/07/2011 11:15:19] /m charmander s
[27/07/2011 11:15:19] /m charmander s
[27/07/2011 11:15:20] /m charmander s
[27/07/2011 11:15:20] /m charmander s
[27/07/2011 11:15:21] /m charmander s
[27/07/2011 11:15:22] /m charmander s
[27/07/2011 11:15:22] /m charmander s
[27/07/2011 11:15:23] /m charmander s
[27/07/2011 11:17:06] /n nurse
[27/07/2011 11:17:23] /r
[27/07/2011 11:17:46] /m blastoise
[27/07/2011 11:18:04] /m blastoise
[27/07/2011 11:18:18] /i 5999
[27/07/2011 11:18:20] /i 5999
[27/07/2011 11:18:20] /i 5999
[27/07/2011 11:18:21] /i 5999
[27/07/2011 11:18:21] /i 5999
[27/07/2011 11:18:35] /i 5999
[27/07/2011 11:18:36] /i 5999
[27/07/2011 11:18:36] /i 5999
[27/07/2011 11:18:39] /i 5999
[27/07/2011 11:18:40] /i 5999
[27/07/2011 11:18:40] /i 5999
[27/07/2011 11:18:41] /i 5999
[27/07/2011 11:18:46] /i pokeball
[27/07/2011 11:19:00] /i poke ball
[27/07/2011 11:19:23] /m charmander s
[27/07/2011 11:19:24] /m charmander s
[27/07/2011 11:19:24] /m charmander s
[27/07/2011 11:19:25] /m charmander s
[27/07/2011 11:19:26] /m charmander s
[27/07/2011 11:19:26] /m charmander s
[27/07/2011 11:19:27] /m charmander s
[27/07/2011 11:19:27] /m charmander s
[27/07/2011 11:19:29] /m charmander s
[27/07/2011 11:19:29] /m charmander s
[27/07/2011 11:19:30] /m charmander s
[27/07/2011 11:19:30] /m charmander s
[27/07/2011 11:19:31] /m charmander s
[27/07/2011 11:19:32] /m charmander s
[27/07/2011 11:19:58] /m charmander s
[27/07/2011 11:19:58] /m charmander s
[27/07/2011 11:19:59] /m charmander s
[27/07/2011 11:19:59] /m charmander s
[27/07/2011 11:20:00] /m charmander s
[27/07/2011 11:20:01] /m charmander s
[27/07/2011 11:20:01] /m charmander s
[27/07/2011 11:23:58] /s big snorlax
[27/07/2011 11:24:06] /s shiny snorlax
[27/07/2011 11:25:20] /s shiny gyarados
[27/07/2011 11:25:43] /m shiny gyarados
[27/07/2011 11:27:36] /i poke bag
[27/07/2011 11:27:46] /i pokebag
[27/07/2011 11:28:10] /i diamond
[27/07/2011 11:29:04] /m tyranitar
[27/07/2011 11:29:19] /r
[27/07/2011 11:29:25] /s tyranitar
[27/07/2011 11:29:40] /r
[27/07/2011 11:29:47] /s cyndaquil
[27/07/2011 11:29:52] /i fire stone
[27/07/2011 11:30:06] /r
[27/07/2011 11:30:27] /m larvitar
[27/07/2011 11:30:47] /i rock stone
[27/07/2011 11:31:01] /i earth stone
[27/07/2011 11:31:14] /i earth stone
[27/07/2011 11:31:26] /i crystal stone
[27/07/2011 11:31:36] /i rock stone
[27/07/2011 11:33:08] /i rock stone
[27/07/2011 11:33:10] /i earth stone
[27/07/2011 11:33:30] /i earth stone
[27/07/2011 11:34:22] /i earth stone
[27/07/2011 11:34:24] /i earth stone
[27/07/2011 11:34:25] /i rock stone
[27/07/2011 11:34:26] /i rock stone
[27/07/2011 11:36:15] /i lure ball
[27/07/2011 11:36:29] /i moon ball
[27/07/2011 11:36:32] /i moon ball
[27/07/2011 11:36:33] /i moon ball
[27/07/2011 11:36:33] /i moon ball
[27/07/2011 11:36:36] /i moon ball
[27/07/2011 11:36:40] /i fast ball
[27/07/2011 11:36:50] /i super ball
[27/07/2011 11:37:14] /i moonball
[27/07/2011 11:37:25] /i rock stone
[06/08/2011 15:53:29] /t
[06/08/2011 15:53:35] /goto Blent
[06/08/2011 15:53:38] /goto Blent
[06/08/2011 15:53:50] /s cyndaquil
[06/08/2011 15:54:58] /i revive
[06/08/2011 15:56:19] /r
[06/08/2011 15:57:42] /s scyther
[06/08/2011 15:57:49] /s scyther
[06/08/2011 15:57:54] /s scyther
[06/08/2011 15:59:42] /n nurse
[06/08/2011 15:59:55] /r
[06/08/2011 16:00:52] /s shiny blastoise
[06/08/2011 16:01:08] /r
[06/08/2011 16:01:36] /s elder charizard
[06/08/2011 16:01:42] /s shiny charizard
[06/08/2011 16:02:15] /r
[06/08/2011 16:02:36] /s feraligatr
[06/08/2011 16:03:01] /r
[14/12/2011 21:39:29] /m tyranitar
[14/12/2011 21:40:22] /i moonball
[14/12/2011 21:41:43] /i heavy ball
