[18/06/2011 22:23:49] /m charizard
[18/06/2011 22:24:33] /m mewtwo
[18/06/2011 22:25:57] /m moltres
[18/06/2011 22:27:26] /s moltres
[18/06/2011 22:28:00] /s mewtwo
[18/06/2011 22:28:10] /s gengar
[18/06/2011 22:28:50] /s gengar
[18/06/2011 22:28:57] /s gengar
[18/06/2011 22:29:19] /i masterball
[18/06/2011 22:30:47] /s mewtwo
[18/06/2011 22:31:04] /s mew
[18/06/2011 22:31:50] /s mew
[18/06/2011 22:31:55] /s mew
[19/06/2011 13:21:49] /m lugia
[19/06/2011 13:22:53] /s hoho
[19/06/2011 13:23:04] /s ho-oh
[19/06/2011 13:23:44] /m lugia
[19/06/2011 13:24:38] /s ho-oh
[19/06/2011 13:26:09] /s ho-oh
[19/06/2011 13:26:42] /r
[19/06/2011 13:27:14] /s cindaquil
[19/06/2011 13:28:20] /s cyndaquil
[19/06/2011 13:29:53] /s entei
[19/06/2011 13:30:10] /s quilava
[19/06/2011 13:31:32] /i firestone
[19/06/2011 13:33:28] /s squartle
[19/06/2011 13:33:35] /s charmander
[19/06/2011 13:33:59] /i box4
[19/06/2011 13:34:10] /i box
[19/06/2011 13:34:19] /i box4
[19/06/2011 13:34:32] /i 6884
[19/06/2011 13:34:46] /r
[19/06/2011 13:34:48] /r
[19/06/2011 13:34:50] /r
[19/06/2011 13:34:54] /r
[19/06/2011 13:34:56] /r
[19/06/2011 13:37:03] /s ho-oh
[19/06/2011 13:40:15] /s ho-oh
[19/06/2011 13:40:51] /r
[20/06/2011 00:09:28] /m ho-oh
[20/06/2011 00:10:14] /s ho-oh
[20/06/2011 00:11:47] /r
[20/06/2011 00:12:32] /r
[20/06/2011 00:12:50] /r
[20/06/2011 00:12:51] /r
[20/06/2011 00:12:53] /r
[20/06/2011 00:12:56] /r
[20/06/2011 00:13:01] /r
[20/06/2011 00:15:00] /m entei
[20/06/2011 00:15:15] /m suicun
[20/06/2011 00:15:26] /m raikou
[20/06/2011 00:18:56] /town
[20/06/2011 00:19:05] /town 1
[20/06/2011 00:21:43] /r
[20/06/2011 00:25:13] /s zapidos
[20/06/2011 00:25:21] /s articuno
[20/06/2011 00:28:07] /r
[20/06/2011 00:28:22] /s articuno
[20/06/2011 00:28:48] /s articuno
[20/06/2011 00:29:19] /s moltres
[20/06/2011 00:29:36] /r
[20/06/2011 00:30:04] /s elder charizard
[20/06/2011 00:30:28] /s moltres
[20/06/2011 00:31:05] /s articuno
[20/06/2011 00:31:15] /s articuno
[20/06/2011 00:32:07] /i waterstone
[20/06/2011 00:33:52] /i ultraball
[20/06/2011 00:34:03] /i ultra ball
[20/06/2011 00:34:17] /s mewtwo
[20/06/2011 00:34:38] /s articuno
[20/06/2011 00:35:09] /i water stone
[20/06/2011 00:36:15] /s shiny alakazan
[20/06/2011 00:36:19] /s shiny alakazan
[23/12/2011 15:30:38] /s squirtle
[23/12/2011 15:30:40] /i heavyball
[23/12/2011 15:30:43] /i moonball
[23/12/2011 15:30:53] /i fast ball
[23/12/2011 15:31:13] /i lure ball
[23/12/2011 15:31:20] /m chikorita
[23/12/2011 15:31:23] /m bulbasaur
[23/12/2011 15:31:38] /r
[23/12/2011 15:32:33] /i revive
[23/12/2011 15:32:57] /r
[23/12/2011 15:33:01] /m squirtle
[23/12/2011 15:34:09] /i charmander
[23/12/2011 15:34:13] /m charmander
