[20/06/2011 20:43:18] /clean
[20/06/2011 20:43:31] /s gligar
[20/06/2011 20:43:53] /m ampharos
[20/06/2011 20:44:16] /s totodile
[20/06/2011 20:45:15] /s phampy
[20/06/2011 20:45:19] /s phanpy
[20/06/2011 20:45:38] /s miltank
[20/06/2011 20:45:47] /s gengar
[20/06/2011 20:45:59] /clean
[20/06/2011 20:46:03] /s bayleef
[20/06/2011 20:48:29] /m azumarill
[20/06/2011 20:48:35] /m azulmarill
[20/06/2011 20:48:40] /m azumaril
[20/06/2011 20:49:01] /m azumarill
[20/06/2011 20:49:37] /m bayleef
[20/06/2011 20:49:43] /s azumarill
[20/06/2011 20:49:53] /i 3018
[20/06/2011 20:50:08] /i ultra ball
[20/06/2011 20:50:36] /i 3016
[20/06/2011 20:50:42] /i 3017
[20/06/2011 21:02:11] /i 6008
[20/06/2011 21:04:22] /i 6008
[20/06/2011 21:11:09] /m squirtle
[20/06/2011 21:11:13] /s bayleef
[21/06/2011 09:16:39] /s chikorita
[21/06/2011 09:16:48] /m bellossom
[21/06/2011 09:17:12] /s ariados
[21/06/2011 09:17:53] /s charmander
[21/06/2011 09:18:05] /s mewtwo
[21/06/2011 09:25:26] /i 8990
[21/06/2011 09:44:07] /r
[21/06/2011 09:44:25] /m bayleef
[21/06/2011 09:44:29] /s charmander
[21/06/2011 09:44:41] /s charizard
[21/06/2011 09:44:48] /s charizard
[21/06/2011 09:45:06] /r
[21/06/2011 09:45:39] /i 8845
