[18/06/2011 15:14:29] /i rare candy
[18/06/2011 15:14:29] /i rare candy
[18/06/2011 15:14:39] /s mew
[18/06/2011 15:14:44] /m ratatta
[18/06/2011 15:14:47] /m rattata
[18/06/2011 15:14:48] /m rattata
[18/06/2011 15:14:49] /m rattata
[18/06/2011 15:14:49] /m rattata
[18/06/2011 15:14:49] /m rattata
[18/06/2011 15:15:05] /m beedril
[18/06/2011 15:15:07] /m beedrill
[18/06/2011 15:15:49] /addskill
[18/06/2011 15:15:53] /addskill 10
[18/06/2011 15:15:59] /addskill Manolo
[18/06/2011 15:16:01] /addskill Manolo 10
[18/06/2011 15:16:02] /addskill Manolo 10
[18/06/2011 15:17:25] /newtype 420
[18/06/2011 15:17:27] /newtype 423
[18/06/2011 15:17:34] /newtype 523
[18/06/2011 15:17:35] /newtype 524
[18/06/2011 15:17:37] /newtype 525
[18/06/2011 15:17:38] /newtype 526
[18/06/2011 15:18:26] /a 2
[18/06/2011 15:18:29] /a 2
[18/06/2011 15:18:30] /a 2
[18/06/2011 15:18:36] /a 15
[18/06/2011 15:18:38] /a 15
[18/06/2011 15:18:39] /a 15
[18/06/2011 15:18:41] /a 15
[18/06/2011 15:18:43] /a 15
[18/06/2011 15:18:44] /a 15
[18/06/2011 15:18:45] /a 15
[18/06/2011 15:18:46] /a 15
[18/06/2011 15:18:46] /a 15
[18/06/2011 15:18:47] /a 15
[18/06/2011 15:18:48] /a 15
[18/06/2011 15:18:50] /a 15
[18/06/2011 15:18:51] /a 15
[18/06/2011 15:18:52] /a 15
[18/06/2011 15:18:53] /a 15
[18/06/2011 15:18:54] /a 15
[18/06/2011 15:18:55] /a 15
[18/06/2011 15:18:55] /a 15
[18/06/2011 15:18:56] /a 15
[18/06/2011 15:18:56] /a 15
[18/06/2011 15:18:57] /a 15
[18/06/2011 15:18:57] /a 15
[18/06/2011 15:18:58] /a 15
[18/06/2011 15:18:59] /a 15
[18/06/2011 15:18:59] /a 15
[18/06/2011 15:19:00] /a 15
[18/06/2011 15:19:00] /a 15
[18/06/2011 15:19:01] /a 15
[18/06/2011 15:19:03] /a 15
[18/06/2011 15:19:03] /a 15
[18/06/2011 15:19:03] /a 15
[18/06/2011 15:19:04] /a 15
[18/06/2011 15:19:04] /a 15
[18/06/2011 15:19:05] /a 15
[18/06/2011 15:19:05] /a 15
[18/06/2011 15:19:10] /a 50
[18/06/2011 15:19:14] /r
[18/06/2011 15:19:18] /a 1
[18/06/2011 15:19:24] /s zapdos
[18/06/2011 15:19:32] /a 50
[18/06/2011 15:19:34] /a 50
[18/06/2011 15:19:47] /a 5
[18/06/2011 15:19:48] /a 5
[18/06/2011 15:19:48] /a 5
[18/06/2011 15:19:49] /a 5
[18/06/2011 15:19:49] /a 5
[18/06/2011 15:19:50] /a 5
[18/06/2011 15:19:51] /a 5
[18/06/2011 15:19:54] /a 5
[18/06/2011 15:19:55] /a 5
[18/06/2011 15:19:55] /a 5
[18/06/2011 15:19:57] /a 5
[18/06/2011 15:20:00] /a 5
[18/06/2011 15:20:01] /a 5
[18/06/2011 15:20:01] /a 5
[18/06/2011 15:20:06] /a 5
[18/06/2011 15:20:18] /a 5
[18/06/2011 15:20:26] /a 5
[18/06/2011 15:20:26] /a 5
[18/06/2011 15:20:27] /a 5
[18/06/2011 15:20:27] /a 5
[18/06/2011 15:20:28] /a 5
[18/06/2011 15:20:30] /a 5
[18/06/2011 15:20:37] /a 5
[18/06/2011 15:20:44] /a 5
[18/06/2011 15:20:48] /a 5
[18/06/2011 15:20:56] /a 5
[18/06/2011 15:20:59] /a 5
[18/06/2011 15:21:05] /a 5
[18/06/2011 15:21:06] /a 5
[18/06/2011 15:21:07] /a 5
[18/06/2011 15:21:08] /a 5
[18/06/2011 15:21:10] /a 5
[18/06/2011 15:21:26] /a 5
[18/06/2011 15:21:27] /a 5
[18/06/2011 15:21:28] /a 5
[18/06/2011 15:21:29] /a 5
[18/06/2011 15:21:30] /a 5
[18/06/2011 15:21:31] /a 5
[18/06/2011 15:21:32] /a 5
[18/06/2011 15:21:32] /a 5
[18/06/2011 15:21:33] /a 5
[18/06/2011 15:21:34] /a 5
[18/06/2011 15:21:35] /a 5
[18/06/2011 15:21:35] /a 5
[18/06/2011 15:21:36] /a 5
[18/06/2011 15:21:37] /a 5
[18/06/2011 15:21:38] /a 5
[18/06/2011 15:21:40] /a 5
[18/06/2011 15:21:40] /a 5
[18/06/2011 15:21:41] /a 5
[18/06/2011 15:21:42] /a 5
[18/06/2011 15:21:42] /a 5
[18/06/2011 15:21:44] /a 5
[18/06/2011 15:21:45] /a 5
[18/06/2011 15:22:12] /a 5
[18/06/2011 15:22:13] /a 5
[18/06/2011 15:22:19] /a 5
[18/06/2011 15:22:20] /a 5
[18/06/2011 15:22:27] /a 5
[18/06/2011 15:22:28] /a 5
[18/06/2011 15:22:28] /a 5
[18/06/2011 15:22:29] /a 5
[18/06/2011 15:22:30] /a 5
[18/06/2011 15:22:30] /a 5
[18/06/2011 15:22:31] /a 5
[18/06/2011 15:22:32] /a 5
[18/06/2011 15:22:33] /a 5
[18/06/2011 15:22:34] /a 5
[18/06/2011 15:22:35] /a 5
[18/06/2011 15:22:36] /a 5
[18/06/2011 15:22:37] /a 5
[18/06/2011 15:22:37] /a 5
[18/06/2011 15:22:42] /a 5
[18/06/2011 15:22:42] /a 5
[18/06/2011 15:22:44] /a 5
[18/06/2011 15:22:45] /a 5
[18/06/2011 15:22:46] /a 5
[18/06/2011 15:22:54] /c Blent
[18/06/2011 15:23:11] /c Blent
[18/06/2011 15:23:12] /a 5
[18/06/2011 15:23:17] /a 5
[18/06/2011 15:23:23] /goto Blent
[18/06/2011 15:23:58] /goto Blent
[18/06/2011 15:24:09] /c Blent
[18/06/2011 15:24:22] /a 5
[18/06/2011 15:24:23] /c Blent
[18/06/2011 15:25:28] /c Blent
[18/06/2011 15:25:39] /c Jotte
[18/06/2011 15:26:15] /r
[18/06/2011 15:26:23] /r
[18/06/2011 15:26:25] /r
[18/06/2011 15:26:26] /r
[18/06/2011 15:26:34] /r
[18/06/2011 15:26:38] /r
[18/06/2011 15:26:44] /r
[18/06/2011 15:26:53] /i 1385
[18/06/2011 15:26:55] /i 1385
[18/06/2011 15:27:11] /r
[18/06/2011 15:27:13] /r
[18/06/2011 15:27:16] /r
[18/06/2011 15:27:38] /s crystal onix
[18/06/2011 15:28:11] /s crystal onix
[18/06/2011 15:28:19] /r
[18/06/2011 15:28:22] /r
[18/06/2011 15:28:33] /c Jotte
[18/06/2011 15:28:35] /r
[18/06/2011 15:28:38] /r
[18/06/2011 15:28:40] /r
[18/06/2011 15:28:41] /r
[18/06/2011 15:29:13] /r
[18/06/2011 15:29:15] /r
[18/06/2011 15:29:36] /t
[18/06/2011 15:29:56] /a 1000
[18/06/2011 15:29:58] /a 100
[18/06/2011 15:29:59] /a 100
[18/06/2011 15:29:59] /a 100
[18/06/2011 15:30:03] /a 100
[18/06/2011 15:30:04] /a 100
[18/06/2011 15:30:04] /a 100
[18/06/2011 15:30:07] /a 10
[18/06/2011 15:30:09] /a 10
[18/06/2011 15:30:36] /i maluco stone
[18/06/2011 15:30:41] /i crystal stone
[18/06/2011 15:31:44] /r
[18/06/2011 15:31:46] /r
[18/06/2011 15:31:59] /s elite hitmonlee
[18/06/2011 15:32:14] /c Blent
[18/06/2011 15:32:22] /r
[18/06/2011 15:32:30] /s elite hitmonchan
[18/06/2011 15:32:42] /r
[18/06/2011 15:32:45] /c Blent
[18/06/2011 15:32:46] /c Blent
[18/06/2011 15:32:52] /s Elite Hitmonlee
[18/06/2011 15:33:00] /r
[18/06/2011 15:33:04] /c Blent
[18/06/2011 15:33:19] /s Elite Hitmonchan
[18/06/2011 15:33:25] /r
[18/06/2011 15:33:30] /s Shiny Tentacruel
[18/06/2011 15:33:38] /s Shiny Farfetch'd
[18/06/2011 15:33:43] /s Shiny Tentacool
[18/06/2011 15:33:50] /s Shiny Venomoth
[18/06/2011 15:33:56] /s Elder Charizard
[18/06/2011 15:34:02] /s Shiny Venusaur
[18/06/2011 15:34:06] /s Shiny Blastoise
[18/06/2011 15:34:10] /s Shiny Charizard
[18/06/2011 15:34:31] /s Elite Hitmonchan
[18/06/2011 15:34:37] /m shiny charizard
[18/06/2011 15:34:37] /m shiny charizard
[18/06/2011 15:34:38] /m shiny charizard
[18/06/2011 15:34:39] /m shiny charizard
[18/06/2011 15:34:57] /i master ball
[18/06/2011 15:35:26] /goto Blent wa
[18/06/2011 15:36:03] /m mwe
[18/06/2011 15:36:08] /s Elite hitmonchan
[18/06/2011 15:36:17] /goto Blent wa
[18/06/2011 15:37:00] /s Elite Hitmonlee
[18/06/2011 15:38:36] /m crystal onix
[18/06/2011 15:39:09] /goto blent wa
[18/06/2011 15:39:13] /goto blent wa
[18/06/2011 15:39:13] /goto blent wa
[18/06/2011 15:39:14] /goto blent wa
[18/06/2011 15:39:15] /goto blent wa
[18/06/2011 15:39:15] /goto blent wa
[18/06/2011 15:39:16] /goto blent wa
[18/06/2011 15:39:17] /goto blent wa
[18/06/2011 15:39:18] /goto blent wa
[18/06/2011 15:39:19] /goto blent wa
[18/06/2011 15:39:19] /goto blent wa
[18/06/2011 15:39:20] /goto blent wa
[18/06/2011 15:39:21] /goto blent wa
[18/06/2011 15:39:22] /goto blent wa
[18/06/2011 15:39:23] /goto blent wa
[18/06/2011 15:39:24] /goto blent wa
[18/06/2011 15:39:25] /goto blent wa
[18/06/2011 15:39:26] /goto blent wa
[18/06/2011 15:39:27] /goto blent wa
[18/06/2011 15:39:28] /goto blent wa
[18/06/2011 15:39:28] /goto blent wa
[18/06/2011 15:39:30] /goto blent wa
[18/06/2011 15:39:30] /goto blent wa
[18/06/2011 15:39:31] /goto blent wa
[18/06/2011 15:39:32] /goto blent wa
[18/06/2011 15:39:33] /goto blent wa
[18/06/2011 15:39:34] /goto blent wa
[18/06/2011 15:39:35] /goto blent wa
[18/06/2011 15:39:36] /goto blent wa
[18/06/2011 15:39:51] /goto blent wa
[18/06/2011 15:39:52] /goto blent wa
[18/06/2011 15:39:53] /goto blent wa
[18/06/2011 15:39:54] /goto blent wa
[18/06/2011 15:39:55] /goto blent wa
[18/06/2011 15:39:55] /goto blent wa
[18/06/2011 15:39:57] /goto blent wa
[18/06/2011 15:39:58] /goto blent wa
[18/06/2011 15:39:59] /goto blent wa
[18/06/2011 15:40:00] /goto blent wa
[18/06/2011 15:40:01] /goto blent wa
[18/06/2011 15:40:02] /goto blent wa
[18/06/2011 15:40:04] /goto blent wa
[18/06/2011 15:40:05] /goto blent wa
[18/06/2011 15:40:06] /goto blent wa
[18/06/2011 15:40:07] /goto blent wa
[18/06/2011 15:40:08] /goto blent wa
[18/06/2011 15:40:09] /goto blent wa
[18/06/2011 15:40:10] /goto blent wa
[18/06/2011 15:40:11] /goto blent wa
[18/06/2011 15:40:12] /goto blent wa
[18/06/2011 15:40:12] /goto blent wa
[18/06/2011 15:40:13] /goto blent wa
[18/06/2011 15:40:14] /goto blent wa
[18/06/2011 15:40:15] /goto blent wa
[18/06/2011 15:40:16] /goto blent wa
[18/06/2011 15:40:17] /goto blent wa
[18/06/2011 15:40:18] /goto blent wa
[18/06/2011 15:40:19] /goto blent wa
[18/06/2011 15:40:19] /goto blent wa
[18/06/2011 15:40:20] /goto blent wa
[18/06/2011 15:40:21] /goto blent wa
[18/06/2011 15:40:21] /goto blent wa
[18/06/2011 15:40:27] /goto blent wa
[18/06/2011 15:40:34] /goto blent wa
[18/06/2011 15:40:36] /goto blent wa
[18/06/2011 15:40:36] /goto blent wa
[18/06/2011 15:40:37] /goto blent wa
[18/06/2011 15:40:43] /goto blent wa
[18/06/2011 15:40:44] /goto blent wa
[18/06/2011 15:40:49] /goto blent wa
[18/06/2011 15:40:50] /goto blent wa
[18/06/2011 15:40:51] /goto blent wa
[18/06/2011 15:40:52] /goto blent wa
[18/06/2011 15:40:52] /goto blent wa
[18/06/2011 15:40:53] /goto blent wa
[18/06/2011 15:40:54] /goto blent wa
[18/06/2011 15:40:55] /goto blent wa
[18/06/2011 15:41:09] /goto blent wa
[18/06/2011 15:41:10] /goto blent wa
[18/06/2011 15:41:10] /goto blent wa
[18/06/2011 15:41:10] /goto blent wa
[18/06/2011 15:41:10] /goto blent wa
[18/06/2011 15:41:10] /goto blent wa
[18/06/2011 15:41:10] /goto blent wa
[18/06/2011 15:41:10] /goto blent wa
[18/06/2011 15:41:10] /goto blent wa
[18/06/2011 15:41:10] /goto blent wa
[18/06/2011 15:41:10] /goto blent wa
[18/06/2011 15:41:10] /goto blent wa
[18/06/2011 15:41:10] /goto blent wa
[18/06/2011 15:41:10] /goto blent wa
[18/06/2011 15:41:10] /goto blent wa
[18/06/2011 15:41:10] /goto blent wa
[18/06/2011 15:41:10] /goto blent wa
[18/06/2011 15:41:10] /goto blent wa
[18/06/2011 15:41:10] /goto blent wa
[18/06/2011 15:41:10] /goto blent wa
[18/06/2011 15:41:10] /goto blent wa
[18/06/2011 15:41:10] /goto blent wa
[18/06/2011 15:41:10] /goto blent wa
[18/06/2011 15:41:10] /goto blent wa
[18/06/2011 15:41:11] /goto blent wa
[18/06/2011 15:41:11] /goto blent wa
[18/06/2011 15:41:11] /goto blent wa
[18/06/2011 15:41:11] /goto blent wa
[18/06/2011 15:41:11] /goto blent wa
[18/06/2011 15:41:11] /goto blent wa
[18/06/2011 15:41:11] /goto blent wa
[18/06/2011 15:41:11] /goto blent wa
[18/06/2011 15:41:11] /goto blent wa
[18/06/2011 15:41:11] /goto blent wa
[18/06/2011 15:41:11] /goto blent wa
[18/06/2011 15:41:11] /goto blent wa
[18/06/2011 15:41:11] /goto blent wa
[18/06/2011 15:41:11] /goto blent wa
[18/06/2011 15:41:11] /goto blent wa
[18/06/2011 15:41:11] /goto blent wa
[18/06/2011 15:41:11] /goto blent wa
[18/06/2011 15:41:11] /goto blent wa
[18/06/2011 15:41:11] /goto blent wa
[18/06/2011 15:41:11] /goto blent wa
[18/06/2011 15:41:11] /goto blent wa
[18/06/2011 15:41:11] /goto blent wa
[18/06/2011 15:41:11] /goto blent wa
[18/06/2011 15:41:11] /goto blent wa
[18/06/2011 15:41:11] /goto blent wa
[18/06/2011 15:41:11] /goto blent wa
[18/06/2011 15:41:11] /goto blent wa
[18/06/2011 15:41:12] /goto blent wa
[18/06/2011 15:41:12] /goto blent wa
[18/06/2011 15:41:12] /goto blent wa
[18/06/2011 15:41:12] /goto blent wa
[18/06/2011 15:41:12] /goto blent wa
[18/06/2011 15:41:12] /goto blent wa
[18/06/2011 15:41:12] /goto blent wa
[18/06/2011 15:41:12] /goto blent wa
[18/06/2011 15:41:12] /goto blent wa
[18/06/2011 15:41:12] /goto blent wa
[18/06/2011 15:41:12] /goto blent wa
[18/06/2011 15:41:12] /goto blent wa
[18/06/2011 15:41:12] /goto blent wa
[18/06/2011 15:41:12] /goto blent wa
[18/06/2011 15:41:12] /goto blent wa
[18/06/2011 15:41:12] /goto blent wa
[18/06/2011 15:41:12] /goto blent wa
[18/06/2011 15:41:12] /goto blent wa
[18/06/2011 15:41:12] /goto blent wa
[18/06/2011 15:41:12] /goto blent wa
[18/06/2011 15:41:12] /goto blent wa
[18/06/2011 15:41:12] /goto blent wa
[18/06/2011 15:41:12] /goto blent wa
[18/06/2011 15:41:12] /goto blent wa
[18/06/2011 15:41:12] /goto blent wa
[18/06/2011 15:41:12] /goto blent wa
[18/06/2011 15:41:13] /goto blent wa
[18/06/2011 15:41:13] /goto blent wa
[18/06/2011 15:41:13] /goto blent wa
[18/06/2011 15:41:13] /goto blent wa
[18/06/2011 15:41:13] /goto blent wa
[18/06/2011 15:41:13] /goto blent wa
[18/06/2011 15:41:13] /goto blent wa
[18/06/2011 15:41:13] /goto blent wa
[18/06/2011 15:41:13] /goto blent wa
[18/06/2011 15:41:13] /goto blent wa
[18/06/2011 15:41:13] /goto blent wa
[18/06/2011 15:41:13] /goto blent wa
[18/06/2011 15:41:13] /goto blent wa
[18/06/2011 15:41:13] /goto blent wa
[18/06/2011 15:41:13] /goto blent wa
[18/06/2011 15:41:13] /goto blent wa
[18/06/2011 15:41:13] /goto blent wa
[18/06/2011 15:41:13] /goto blent wa
[18/06/2011 15:41:13] /goto blent wa
[18/06/2011 15:41:13] /goto blent wa
[18/06/2011 15:41:13] /goto blent wa
[18/06/2011 15:41:13] /goto blent wa
[18/06/2011 15:41:13] /goto blent wa
[18/06/2011 15:41:13] /goto blent wa
[18/06/2011 15:41:13] /goto blent wa
[18/06/2011 15:41:13] /goto blent wa
[18/06/2011 15:41:13] /goto blent wa
[18/06/2011 15:41:13] /goto blent wa
[18/06/2011 15:41:14] /goto blent wa
[18/06/2011 15:41:14] /goto blent wa
[18/06/2011 15:41:14] /goto blent wa
[18/06/2011 15:41:14] /goto blent wa
[18/06/2011 15:41:14] /goto blent wa
[18/06/2011 15:41:14] /goto blent wa
[18/06/2011 15:41:14] /goto blent wa
[18/06/2011 15:41:14] /goto blent wa
[18/06/2011 15:41:14] /goto blent wa
[18/06/2011 15:41:14] /goto blent wa
[18/06/2011 15:41:14] /goto blent wa
[18/06/2011 15:41:14] /goto blent wa
[18/06/2011 15:41:14] /goto blent wa
[18/06/2011 15:41:14] /goto blent wa
[18/06/2011 15:41:14] /goto blent wa
[18/06/2011 15:41:14] /goto blent wa
[18/06/2011 15:41:14] /goto blent wa
[18/06/2011 15:41:14] /goto blent wa
[18/06/2011 15:41:14] /goto blent wa
[18/06/2011 15:41:14] /goto blent wa
[18/06/2011 15:41:14] /goto blent wa
[18/06/2011 15:41:14] /goto blent wa
[18/06/2011 15:41:14] /goto blent wa
[18/06/2011 15:41:14] /goto blent wa
[18/06/2011 15:41:15] /goto blent wa
[18/06/2011 15:41:15] /goto blent wa
[18/06/2011 15:41:15] /goto blent wa
[18/06/2011 15:41:15] /goto blent wa
[18/06/2011 15:41:15] /goto blent wa
[18/06/2011 15:41:15] /goto blent wa
[18/06/2011 15:41:15] /goto blent wa
[18/06/2011 15:41:15] /goto blent wa
[18/06/2011 15:41:15] /goto blent wa
[18/06/2011 15:41:15] /goto blent wa
[18/06/2011 15:41:15] /goto blent wa
[18/06/2011 15:41:15] /goto blent wa
[18/06/2011 15:41:15] /goto blent wa
[18/06/2011 15:41:15] /goto blent wa
[18/06/2011 15:41:15] /goto blent wa
[18/06/2011 15:41:15] /goto blent wa
[18/06/2011 15:41:15] /goto blent wa
[18/06/2011 15:41:15] /goto blent wa
[18/06/2011 15:41:15] /goto blent wa
[18/06/2011 15:41:15] /goto blent wa
[18/06/2011 15:41:15] /goto blent wa
[18/06/2011 15:41:15] /goto blent wa
[18/06/2011 15:41:15] /goto blent wa
[18/06/2011 15:41:15] /goto blent wa
[18/06/2011 15:41:15] /goto blent wa
[18/06/2011 15:41:15] /goto blent wa
[18/06/2011 15:41:16] /goto blent wa
[18/06/2011 15:41:16] /goto blent wa
[18/06/2011 15:41:16] /goto blent wa
[18/06/2011 15:41:16] /goto blent wa
[18/06/2011 15:41:16] /goto blent wa
[18/06/2011 15:41:16] /goto blent wa
[18/06/2011 15:41:16] /goto blent wa
[18/06/2011 15:41:16] /goto blent wa
[18/06/2011 15:41:16] /goto blent wa
[18/06/2011 15:41:16] /goto blent wa
[18/06/2011 15:41:16] /goto blent wa
[18/06/2011 15:41:16] /goto blent wa
[18/06/2011 15:41:16] /goto blent wa
[18/06/2011 15:41:16] /goto blent wa
[18/06/2011 15:41:16] /goto blent wa
[18/06/2011 15:41:16] /goto blent wa
[18/06/2011 15:41:16] /goto blent wa
[18/06/2011 15:41:16] /goto blent wa
[18/06/2011 15:41:16] /goto blent wa
[18/06/2011 15:41:16] /goto blent wa
[18/06/2011 15:41:16] /goto blent wa
[18/06/2011 15:41:16] /goto blent wa
[18/06/2011 15:41:16] /goto blent wa
[18/06/2011 15:41:16] /goto blent wa
[18/06/2011 15:41:16] /goto blent wa
[18/06/2011 15:41:16] /goto blent wa
[18/06/2011 15:41:16] /goto blent wa
[18/06/2011 15:41:16] /goto blent wa
[18/06/2011 15:41:16] /goto blent wa
[18/06/2011 15:41:17] /goto blent wa
[18/06/2011 15:41:17] /goto blent wa
[18/06/2011 15:41:17] /goto blent wa
[18/06/2011 15:41:17] /goto blent wa
[18/06/2011 15:41:17] /goto blent wa
[18/06/2011 15:41:17] /goto blent wa
[18/06/2011 15:41:17] /goto blent wa
[18/06/2011 15:41:17] /goto blent wa
[18/06/2011 15:41:17] /goto blent wa
[18/06/2011 15:41:17] /goto blent wa
[18/06/2011 15:41:17] /goto blent wa
[18/06/2011 15:41:17] /goto blent wa
[18/06/2011 15:41:17] /goto blent wa
[18/06/2011 15:41:17] /goto blent wa
[18/06/2011 15:41:17] /goto blent wa
[18/06/2011 15:41:17] /goto blent wa
[18/06/2011 15:41:17] /goto blent wa
[18/06/2011 15:41:17] /goto blent wa
[18/06/2011 15:41:17] /goto blent wa
[18/06/2011 15:41:17] /goto blent wa
[18/06/2011 15:41:17] /goto blent wa
[18/06/2011 15:41:17] /goto blent wa
[18/06/2011 15:41:17] /goto blent wa
[18/06/2011 15:41:17] /goto blent wa
[18/06/2011 15:41:17] /goto blent wa
[18/06/2011 15:41:17] /goto blent wa
[18/06/2011 15:41:17] /goto blent wa
[18/06/2011 15:41:17] /goto blent wa
[18/06/2011 15:41:18] /goto blent wa
[18/06/2011 15:41:18] /goto blent wa
[18/06/2011 15:41:18] /goto blent wa
[18/06/2011 15:41:18] /goto blent wa
[18/06/2011 15:41:18] /goto blent wa
[18/06/2011 15:41:18] /goto blent wa
[18/06/2011 15:41:18] /goto blent wa
[18/06/2011 15:41:18] /goto blent wa
[18/06/2011 15:41:18] /goto blent wa
[18/06/2011 15:41:18] /goto blent wa
[18/06/2011 15:41:18] /goto blent wa
[18/06/2011 15:41:18] /goto blent wa
[18/06/2011 15:41:18] /goto blent wa
[18/06/2011 15:41:18] /goto blent wa
[18/06/2011 15:41:18] /goto blent wa
[18/06/2011 15:41:22] /goto blent wa
[18/06/2011 15:41:22] /goto blent wa
[18/06/2011 15:41:22] /goto blent wa
[18/06/2011 15:41:22] /goto blent wa
[18/06/2011 15:41:22] /goto blent wa
[18/06/2011 15:41:22] /goto blent wa
[18/06/2011 15:41:22] /goto blent wa
[18/06/2011 15:41:23] /goto blent wa
[18/06/2011 15:41:23] /goto blent wa
[18/06/2011 15:41:23] /goto blent wa
[18/06/2011 15:41:23] /goto blent wa
[18/06/2011 15:41:23] /goto blent wa
[18/06/2011 15:41:23] /goto blent wa
[18/06/2011 15:41:23] /goto blent wa
[18/06/2011 15:41:23] /goto blent wa
[18/06/2011 15:41:23] /goto blent wa
[18/06/2011 15:41:23] /goto blent wa
[18/06/2011 15:41:23] /goto blent wa
[18/06/2011 15:41:23] /goto blent wa
[18/06/2011 15:41:23] /goto blent wa
[18/06/2011 15:41:23] /goto blent wa
[18/06/2011 15:41:23] /goto blent wa
[18/06/2011 15:41:23] /goto blent wa
[18/06/2011 15:41:23] /goto blent wa
[18/06/2011 15:41:23] /goto blent wa
[18/06/2011 15:41:23] /goto blent wa
[18/06/2011 15:41:23] /goto blent wa
[18/06/2011 15:41:23] /goto blent wa
[18/06/2011 15:41:23] /goto blent wa
[18/06/2011 15:41:23] /goto blent wa
[18/06/2011 15:41:23] /goto blent wa
[18/06/2011 15:41:23] /goto blent wa
[18/06/2011 15:41:23] /goto blent wa
[18/06/2011 15:41:23] /goto blent wa
[18/06/2011 15:41:23] /goto blent wa
[18/06/2011 15:41:24] /goto blent wa
[18/06/2011 15:41:24] /goto blent wa
[18/06/2011 15:41:24] /goto blent wa
[18/06/2011 15:41:24] /goto blent wa
[18/06/2011 15:41:24] /goto blent wa
[18/06/2011 15:41:24] /goto blent wa
[18/06/2011 15:41:24] /goto blent wa
[18/06/2011 15:41:24] /goto blent wa
[18/06/2011 15:41:24] /goto blent wa
[18/06/2011 15:41:24] /goto blent wa
[18/06/2011 15:41:24] /goto blent wa
[18/06/2011 15:41:24] /goto blent wa
[18/06/2011 15:41:24] /goto blent wa
[18/06/2011 15:41:24] /goto blent wa
[18/06/2011 15:41:24] /goto blent wa
[18/06/2011 15:41:24] /goto blent wa
[18/06/2011 15:41:24] /goto blent wa
[18/06/2011 15:41:24] /goto blent wa
[18/06/2011 15:41:24] /goto blent wa
[18/06/2011 15:41:24] /goto blent wa
[18/06/2011 15:41:24] /goto blent wa
[18/06/2011 15:41:24] /goto blent wa
[18/06/2011 15:41:24] /goto blent wa
[18/06/2011 15:41:24] /goto blent wa
[18/06/2011 15:41:24] /goto blent wa
[18/06/2011 15:41:24] /goto blent wa
[18/06/2011 15:41:24] /goto blent wa
[18/06/2011 15:41:24] /goto blent wa
[18/06/2011 15:41:25] /goto blent wa
[18/06/2011 15:41:25] /goto blent wa
[18/06/2011 15:41:25] /goto blent wa
[18/06/2011 15:41:25] /goto blent wa
[18/06/2011 15:41:25] /goto blent wa
[18/06/2011 15:41:25] /goto blent wa
[18/06/2011 15:41:25] /goto blent wa
[18/06/2011 15:41:25] /goto blent wa
[18/06/2011 15:41:25] /goto blent wa
[18/06/2011 15:41:25] /goto blent wa
[18/06/2011 15:41:27] /goto blent wa
[18/06/2011 15:41:28] /goto blent wa
[18/06/2011 15:41:28] /goto blent wa
[18/06/2011 15:41:28] /goto blent wa
[18/06/2011 15:41:28] /goto blent wa
[18/06/2011 15:41:28] /goto blent wa
[18/06/2011 15:41:28] /goto blent wa
[18/06/2011 15:41:28] /goto blent wa
[18/06/2011 15:41:28] /goto blent wa
[18/06/2011 15:41:28] /goto blent wa
[18/06/2011 15:41:28] /goto blent wa
[18/06/2011 15:41:28] /goto blent wa
[18/06/2011 15:41:28] /goto blent wa
[18/06/2011 15:41:28] /goto blent wa
[18/06/2011 15:41:28] /goto blent wa
[18/06/2011 15:41:28] /goto blent wa
[18/06/2011 15:41:28] /goto blent wa
[18/06/2011 15:41:28] /goto blent wa
[18/06/2011 15:41:28] /goto blent wa
[18/06/2011 15:41:28] /goto blent wa
[18/06/2011 15:41:28] /goto blent wa
[18/06/2011 15:41:28] /goto blent wa
[18/06/2011 15:41:28] /goto blent wa
[18/06/2011 15:41:29] /goto blent wa
[18/06/2011 15:41:29] /goto blent wa
[18/06/2011 15:41:29] /goto blent wa
[18/06/2011 15:41:29] /goto blent wa
[18/06/2011 15:41:29] /goto blent wa
[18/06/2011 15:41:29] /goto blent wa
[18/06/2011 15:41:29] /goto blent wa
[18/06/2011 15:41:29] /goto blent wa
[18/06/2011 15:41:29] /goto blent wa
[18/06/2011 15:41:29] /goto blent wa
[18/06/2011 15:41:29] /goto blent wa
[18/06/2011 15:41:29] /goto blent wa
[18/06/2011 15:41:29] /goto blent wa
[18/06/2011 15:41:29] /goto blent wa
[18/06/2011 15:41:29] /goto blent wa
[18/06/2011 15:41:29] /goto blent wa
[18/06/2011 15:41:29] /goto blent wa
[18/06/2011 15:41:29] /goto blent wa
[18/06/2011 15:41:29] /goto blent wa
[18/06/2011 15:41:29] /goto blent wa
[18/06/2011 15:41:29] /goto blent wa
[18/06/2011 15:41:29] /goto blent wa
[18/06/2011 15:41:29] /goto blent wa
[18/06/2011 15:41:29] /goto blent wa
[18/06/2011 15:41:29] /goto blent wa
[18/06/2011 15:41:29] /goto blent wa
[18/06/2011 15:41:29] /goto blent wa
[18/06/2011 15:41:29] /goto blent wa
[18/06/2011 15:41:30] /goto blent wa
[18/06/2011 15:41:30] /goto blent wa
[18/06/2011 15:41:30] /goto blent wa
[18/06/2011 15:41:30] /goto blent wa
[18/06/2011 15:41:30] /goto blent wa
[18/06/2011 15:41:30] /goto blent wa
[18/06/2011 15:41:30] /goto blent wa
[18/06/2011 15:41:30] /goto blent wa
[18/06/2011 15:41:30] /goto blent wa
[18/06/2011 15:41:30] /goto blent wa
[18/06/2011 15:41:30] /goto blent wa
[18/06/2011 15:41:30] /goto blent wa
[18/06/2011 15:41:30] /goto blent wa
[18/06/2011 15:41:30] /goto blent wa
[18/06/2011 15:41:30] /goto blent wa
[18/06/2011 15:41:30] /goto blent wa
[18/06/2011 15:41:30] /goto blent wa
[18/06/2011 15:41:30] /goto blent wa
[18/06/2011 15:41:30] /goto blent wa
[18/06/2011 15:41:30] /goto blent wa
[18/06/2011 15:41:30] /goto blent wa
[18/06/2011 15:41:30] /goto blent wa
[18/06/2011 15:41:30] /goto blent wa
[18/06/2011 15:41:30] /goto blent wa
[18/06/2011 15:41:30] /goto blent wa
[18/06/2011 15:41:30] /goto blent wa
[18/06/2011 15:41:30] /goto blent wa
[18/06/2011 15:41:30] /goto blent wa
[18/06/2011 15:41:30] /goto blent wa
[18/06/2011 15:41:31] /goto blent wa
[18/06/2011 15:41:31] /goto blent wa
[18/06/2011 15:41:31] /goto blent wa
[18/06/2011 15:41:31] /goto blent wa
[18/06/2011 15:41:31] /goto blent wa
[18/06/2011 15:41:31] /goto blent wa
[18/06/2011 15:41:31] /goto blent wa
[18/06/2011 15:41:31] /goto blent wa
[18/06/2011 15:41:31] /goto blent wa
[18/06/2011 15:41:31] /goto blent wa
[18/06/2011 15:41:31] /goto blent wa
[18/06/2011 15:41:31] /goto blent wa
[18/06/2011 15:41:31] /goto blent wa
[18/06/2011 15:41:31] /goto blent wa
[18/06/2011 15:41:31] /goto blent wa
[18/06/2011 15:41:31] /goto blent wa
[18/06/2011 15:41:31] /goto blent wa
[18/06/2011 15:41:31] /goto blent wa
[18/06/2011 15:41:31] /goto blent wa
[18/06/2011 15:41:31] /goto blent wa
[18/06/2011 15:41:31] /goto blent wa
[18/06/2011 15:41:31] /goto blent wa
[18/06/2011 15:41:31] /goto blent wa
[18/06/2011 15:41:31] /goto blent wa
[18/06/2011 15:41:31] /goto blent wa
[18/06/2011 15:41:31] /goto blent wa
[18/06/2011 15:41:31] /goto blent wa
[18/06/2011 15:41:32] /goto blent wa
[18/06/2011 15:41:32] /goto blent wa
[18/06/2011 15:41:32] /goto blent wa
[18/06/2011 15:41:32] /goto blent wa
[18/06/2011 15:41:32] /goto blent wa
[18/06/2011 15:41:32] /goto blent wa
[18/06/2011 15:41:32] /goto blent wa
[18/06/2011 15:41:32] /goto blent wa
[18/06/2011 15:41:32] /goto blent wa
[18/06/2011 15:41:32] /goto blent wa
[18/06/2011 15:41:32] /goto blent wa
[18/06/2011 15:41:32] /goto blent wa
[18/06/2011 15:41:32] /goto blent wa
[18/06/2011 15:41:32] /goto blent wa
[18/06/2011 15:41:32] /goto blent wa
[18/06/2011 15:41:32] /goto blent wa
[18/06/2011 15:41:32] /goto blent wa
[18/06/2011 15:41:32] /goto blent wa
[18/06/2011 15:41:32] /goto blent wa
[18/06/2011 15:41:32] /goto blent wa
[18/06/2011 15:41:32] /goto blent wa
[18/06/2011 15:41:37] /goto blent wa
[18/06/2011 15:41:37] /goto blent wa
[18/06/2011 15:41:37] /goto blent wa
[18/06/2011 15:41:37] /goto blent wa
[18/06/2011 15:41:37] /goto blent wa
[18/06/2011 15:41:37] /goto blent wa
[18/06/2011 15:41:37] /goto blent wa
[18/06/2011 15:41:37] /goto blent wa
[18/06/2011 15:41:37] /goto blent wa
[18/06/2011 15:41:37] /goto blent wa
[18/06/2011 15:41:38] /goto blent wa
[18/06/2011 15:41:38] /goto blent wa
[18/06/2011 15:41:38] /goto blent wa
[18/06/2011 15:41:38] /goto blent wa
[18/06/2011 15:41:38] /goto blent wa
[18/06/2011 15:41:38] /goto blent wa
[18/06/2011 15:41:38] /goto blent wa
[18/06/2011 15:41:38] /goto blent wa
[18/06/2011 15:41:38] /goto blent wa
[18/06/2011 15:41:38] /goto blent wa
[18/06/2011 15:41:38] /goto blent wa
[18/06/2011 15:41:38] /goto blent wa
[18/06/2011 15:41:38] /goto blent wa
[18/06/2011 15:41:38] /goto blent wa
[18/06/2011 15:41:38] /goto blent wa
[18/06/2011 15:41:38] /goto blent wa
[18/06/2011 15:41:38] /goto blent wa
[18/06/2011 15:41:38] /goto blent wa
[18/06/2011 15:41:38] /goto blent wa
[18/06/2011 15:41:38] /goto blent wa
[18/06/2011 15:41:38] /goto blent wa
[18/06/2011 15:41:38] /goto blent wa
[18/06/2011 15:41:38] /goto blent wa
[18/06/2011 15:41:38] /goto blent wa
[18/06/2011 15:41:38] /goto blent wa
[18/06/2011 15:41:38] /goto blent wa
[18/06/2011 15:41:38] /goto blent wa
[18/06/2011 15:41:38] /goto blent wa
[18/06/2011 15:41:38] /goto blent wa
[18/06/2011 15:41:38] /goto blent wa
[18/06/2011 15:41:38] /goto blent wa
[18/06/2011 15:41:38] /goto blent wa
[18/06/2011 15:41:39] /goto blent wa
[18/06/2011 15:41:39] /goto blent wa
[18/06/2011 15:41:39] /goto blent wa
[18/06/2011 15:41:39] /goto blent wa
[18/06/2011 15:41:39] /goto blent wa
[18/06/2011 15:41:39] /goto blent wa
[18/06/2011 15:41:39] /goto blent wa
[18/06/2011 15:41:39] /goto blent wa
[18/06/2011 15:41:39] /goto blent wa
[18/06/2011 15:41:39] /goto blent wa
[18/06/2011 15:41:39] /goto blent wa
[18/06/2011 15:41:39] /goto blent wa
[18/06/2011 15:41:39] /goto blent wa
[18/06/2011 15:41:39] /goto blent wa
[18/06/2011 15:41:39] /goto blent wa
[18/06/2011 15:41:39] /goto blent wa
[18/06/2011 15:41:39] /goto blent wa
[18/06/2011 15:41:39] /goto blent wa
[18/06/2011 15:41:39] /goto blent wa
[18/06/2011 15:41:39] /goto blent wa
[18/06/2011 15:41:39] /goto blent wa
[18/06/2011 15:41:39] /goto blent wa
[18/06/2011 15:41:39] /goto blent wa
[18/06/2011 15:41:39] /goto blent wa
[18/06/2011 15:41:39] /goto blent wa
[18/06/2011 15:41:39] /goto blent wa
[18/06/2011 15:41:39] /goto blent wa
[18/06/2011 15:41:40] /goto blent wa
[18/06/2011 15:41:40] /goto blent wa
[18/06/2011 15:41:40] /goto blent wa
[18/06/2011 15:41:40] /goto blent wa
[18/06/2011 15:41:40] /goto blent wa
[18/06/2011 15:41:40] /goto blent wa
[18/06/2011 15:41:40] /goto blent wa
[18/06/2011 15:41:40] /goto blent wa
[18/06/2011 15:41:40] /goto blent wa
[18/06/2011 15:41:40] /goto blent wa
[18/06/2011 15:41:40] /goto blent wa
[18/06/2011 15:41:40] /goto blent wa
[18/06/2011 15:41:40] /goto blent wa
[18/06/2011 15:41:40] /goto blent wa
[18/06/2011 15:41:40] /goto blent wa
[18/06/2011 15:41:40] /goto blent wa
[18/06/2011 15:41:40] /goto blent wa
[18/06/2011 15:41:40] /goto blent wa
[18/06/2011 15:41:40] /goto blent wa
[18/06/2011 15:41:40] /goto blent wa
[18/06/2011 15:41:40] /goto blent wa
[18/06/2011 15:41:40] /goto blent wa
[18/06/2011 15:41:40] /goto blent wa
[18/06/2011 15:41:40] /goto blent wa
[18/06/2011 15:41:40] /goto blent wa
[18/06/2011 15:41:40] /goto blent wa
[18/06/2011 15:41:40] /goto blent wa
[18/06/2011 15:41:40] /goto blent wa
[18/06/2011 15:41:40] /goto blent wa
[18/06/2011 15:41:41] /goto blent wa
[18/06/2011 15:41:41] /goto blent wa
[18/06/2011 15:41:41] /goto blent wa
[18/06/2011 15:41:41] /goto blent wa
[18/06/2011 15:41:41] /goto blent wa
[18/06/2011 15:41:41] /goto blent wa
[18/06/2011 15:41:41] /goto blent wa
[18/06/2011 15:41:41] /goto blent wa
[18/06/2011 15:41:41] /goto blent wa
[18/06/2011 15:41:41] /goto blent wa
[18/06/2011 15:41:41] /goto blent wa
[18/06/2011 15:41:41] /goto blent wa
[18/06/2011 15:41:41] /goto blent wa
[18/06/2011 15:41:41] /goto blent wa
[18/06/2011 15:41:41] /goto blent wa
[18/06/2011 15:41:41] /goto blent wa
[18/06/2011 15:41:41] /goto blent wa
[18/06/2011 15:41:41] /goto blent wa
[18/06/2011 15:41:41] /goto blent wa
[18/06/2011 15:41:41] /goto blent wa
[18/06/2011 15:41:41] /goto blent wa
[18/06/2011 15:41:41] /goto blent wa
[18/06/2011 15:41:41] /goto blent wa
[18/06/2011 15:41:41] /goto blent wa
[18/06/2011 15:41:41] /goto blent wa
[18/06/2011 15:41:41] /goto blent wa
[18/06/2011 15:41:41] /goto blent wa
[18/06/2011 15:41:41] /goto blent wa
[18/06/2011 15:41:41] /goto blent wa
[18/06/2011 15:41:42] /goto blent wa
[18/06/2011 15:41:42] /goto blent wa
[18/06/2011 15:41:42] /goto blent wa
[18/06/2011 15:41:42] /goto blent wa
[18/06/2011 15:41:42] /goto blent wa
[18/06/2011 15:41:42] /goto blent wa
[18/06/2011 15:41:42] /goto blent wa
[18/06/2011 15:41:42] /goto blent wa
[18/06/2011 15:41:42] /goto blent wa
[18/06/2011 15:41:42] /goto blent wa
[18/06/2011 15:41:42] /goto blent wa
[18/06/2011 15:41:42] /goto blent wa
[18/06/2011 15:41:42] /goto blent wa
[18/06/2011 15:41:42] /goto blent wa
[18/06/2011 15:41:42] /goto blent wa
[18/06/2011 15:41:42] /goto blent wa
[18/06/2011 15:41:42] /goto blent wa
[18/06/2011 15:41:42] /goto blent wa
[18/06/2011 15:41:42] /goto blent wa
[18/06/2011 15:41:42] /goto blent wa
[18/06/2011 15:41:42] /goto blent wa
[18/06/2011 15:41:42] /goto blent wa
[18/06/2011 15:41:42] /goto blent wa
[18/06/2011 15:41:42] /goto blent wa
[18/06/2011 15:41:42] /goto blent wa
[18/06/2011 15:41:42] /goto blent wa
[18/06/2011 15:41:42] /goto blent wa
[18/06/2011 15:41:43] /goto blent wa
[18/06/2011 15:41:43] /goto blent wa
[18/06/2011 15:41:43] /goto blent wa
[18/06/2011 15:41:43] /goto blent wa
[18/06/2011 15:41:43] /goto blent wa
[18/06/2011 15:41:43] /goto blent wa
[18/06/2011 15:41:43] /goto blent wa
[18/06/2011 15:41:43] /goto blent wa
[18/06/2011 15:41:43] /goto blent wa
[18/06/2011 15:41:43] /goto blent wa
[18/06/2011 15:41:43] /goto blent wa
[18/06/2011 15:41:43] /goto blent wa
[18/06/2011 15:41:43] /goto blent wa
[18/06/2011 15:41:43] /goto blent wa
[18/06/2011 15:41:43] /goto blent wa
[18/06/2011 15:41:43] /goto blent wa
[18/06/2011 15:41:43] /goto blent wa
[18/06/2011 15:41:43] /goto blent wa
[18/06/2011 15:41:43] /goto blent wa
[18/06/2011 15:41:43] /goto blent wa
[18/06/2011 15:41:43] /goto blent wa
[18/06/2011 15:41:43] /goto blent wa
[18/06/2011 15:41:43] /goto blent wa
[18/06/2011 15:41:43] /goto blent wa
[18/06/2011 15:41:43] /goto blent wa
[18/06/2011 15:41:43] /goto blent wa
[18/06/2011 15:41:43] /goto blent wa
[18/06/2011 15:41:44] /goto blent wa
[18/06/2011 15:41:44] /goto blent wa
[18/06/2011 15:41:44] /goto blent wa
[18/06/2011 15:41:44] /goto blent wa
[18/06/2011 15:41:44] /goto blent wa
[18/06/2011 15:41:44] /goto blent wa
[18/06/2011 15:41:44] /goto blent wa
[18/06/2011 15:41:44] /goto blent wa
[18/06/2011 15:41:44] /goto blent wa
[18/06/2011 15:41:44] /goto blent wa
[18/06/2011 15:41:44] /goto blent wa
[18/06/2011 15:41:44] /goto blent wa
[18/06/2011 15:41:44] /goto blent wa
[18/06/2011 15:41:44] /goto blent wa
[18/06/2011 15:41:44] /goto blent wa
[18/06/2011 15:41:44] /goto blent wa
[18/06/2011 15:41:44] /goto blent wa
[18/06/2011 15:41:44] /goto blent wa
[18/06/2011 15:41:44] /goto blent wa
[18/06/2011 15:41:44] /goto blent wa
[18/06/2011 15:41:44] /goto blent wa
[18/06/2011 15:41:44] /goto blent wa
[18/06/2011 15:41:44] /goto blent wa
[18/06/2011 15:41:55] /goto blent wa
[18/06/2011 15:41:57] /goto blent wa
[18/06/2011 15:41:58] /goto blent wa
[18/06/2011 15:41:58] /goto blent wa
[18/06/2011 15:41:59] /goto blent wa
[18/06/2011 15:41:59] /goto blent wa
[18/06/2011 15:41:59] /goto blent wa
[18/06/2011 15:41:59] /goto blent wa
[18/06/2011 15:41:59] /goto blent wa
[18/06/2011 15:41:59] /goto blent wa
[18/06/2011 15:41:59] /goto blent wa
[18/06/2011 15:41:59] /goto blent wa
[18/06/2011 15:41:59] /goto blent wa
[18/06/2011 15:41:59] /goto blent wa
[18/06/2011 15:41:59] /goto blent wa
[18/06/2011 15:41:59] /goto blent wa
[18/06/2011 15:41:59] /goto blent wa
[18/06/2011 15:41:59] /goto blent wa
[18/06/2011 15:41:59] /goto blent wa
[18/06/2011 15:41:59] /goto blent wa
[18/06/2011 15:41:59] /goto blent wa
[18/06/2011 15:41:59] /goto blent wa
[18/06/2011 15:41:59] /goto blent wa
[18/06/2011 15:41:59] /goto blent wa
[18/06/2011 15:41:59] /goto blent wa
[18/06/2011 15:41:59] /goto blent wa
[18/06/2011 15:41:59] /goto blent wa
[18/06/2011 15:41:59] /goto blent wa
[18/06/2011 15:41:59] /goto blent wa
[18/06/2011 15:41:59] /goto blent wa
[18/06/2011 15:41:59] /goto blent wa
[18/06/2011 15:41:59] /goto blent wa
[18/06/2011 15:41:59] /goto blent wa
[18/06/2011 15:42:00] /goto blent wa
[18/06/2011 15:42:00] /goto blent wa
[18/06/2011 15:42:00] /goto blent wa
[18/06/2011 15:42:00] /goto blent wa
[18/06/2011 15:42:00] /goto blent wa
[18/06/2011 15:42:00] /goto blent wa
[18/06/2011 15:42:00] /goto blent wa
[18/06/2011 15:42:00] /goto blent wa
[18/06/2011 15:42:00] /goto blent wa
[18/06/2011 15:42:00] /goto blent wa
[18/06/2011 15:42:00] /goto blent wa
[18/06/2011 15:42:00] /goto blent wa
[18/06/2011 15:42:00] /goto blent wa
[18/06/2011 15:42:00] /goto blent wa
[18/06/2011 15:42:00] /goto blent wa
[18/06/2011 15:42:00] /goto blent wa
[18/06/2011 15:42:00] /goto blent wa
[18/06/2011 15:42:00] /goto blent wa
[18/06/2011 15:42:00] /goto blent wa
[18/06/2011 15:42:00] /goto blent wa
[18/06/2011 15:42:00] /goto blent wa
[18/06/2011 15:42:00] /goto blent wa
[18/06/2011 15:42:00] /goto blent wa
[18/06/2011 15:42:00] /goto blent wa
[18/06/2011 15:42:00] /goto blent wa
[18/06/2011 15:42:00] /goto blent wa
[18/06/2011 15:42:00] /goto blent wa
[18/06/2011 15:42:01] /goto blent wa
[18/06/2011 15:42:01] /goto blent wa
[18/06/2011 15:42:01] /goto blent wa
[18/06/2011 15:42:01] /goto blent wa
[18/06/2011 15:42:01] /goto blent wa
[18/06/2011 15:42:01] /goto blent wa
[18/06/2011 15:42:01] /goto blent wa
[18/06/2011 15:42:01] /goto blent wa
[18/06/2011 15:42:01] /goto blent wa
[18/06/2011 15:42:01] /goto blent wa
[18/06/2011 15:42:01] /goto blent wa
[18/06/2011 15:42:01] /goto blent wa
[18/06/2011 15:42:01] /goto blent wa
[18/06/2011 15:42:01] /goto blent wa
[18/06/2011 15:42:01] /goto blent wa
[18/06/2011 15:42:01] /goto blent wa
[18/06/2011 15:42:01] /goto blent wa
[18/06/2011 15:42:01] /goto blent wa
[18/06/2011 15:42:01] /goto blent wa
[18/06/2011 15:42:01] /goto blent wa
[18/06/2011 15:42:01] /goto blent wa
[18/06/2011 15:42:01] /goto blent wa
[18/06/2011 15:42:01] /goto blent wa
[18/06/2011 15:42:01] /goto blent wa
[18/06/2011 15:42:01] /goto blent wa
[18/06/2011 15:42:01] /goto blent wa
[18/06/2011 15:42:01] /goto blent wa
[18/06/2011 15:42:01] /goto blent wa
[18/06/2011 15:42:01] /goto blent wa
[18/06/2011 15:42:02] /goto blent wa
[18/06/2011 15:42:02] /goto blent wa
[18/06/2011 15:42:02] /goto blent wa
[18/06/2011 15:42:02] /goto blent wa
[18/06/2011 15:42:02] /goto blent wa
[18/06/2011 15:42:02] /goto blent wa
[18/06/2011 15:42:02] /goto blent wa
[18/06/2011 15:42:02] /goto blent wa
[18/06/2011 15:42:02] /goto blent wa
[18/06/2011 15:42:02] /goto blent wa
[18/06/2011 15:42:02] /goto blent wa
[18/06/2011 15:42:02] /goto blent wa
[18/06/2011 15:42:02] /goto blent wa
[18/06/2011 15:42:02] /goto blent wa
[18/06/2011 15:42:02] /goto blent wa
[18/06/2011 15:42:02] /goto blent wa
[18/06/2011 15:42:02] /goto blent wa
[18/06/2011 15:42:02] /goto blent wa
[18/06/2011 15:42:02] /goto blent wa
[18/06/2011 15:42:02] /goto blent wa
[18/06/2011 15:42:02] /goto blent wa
[18/06/2011 15:42:02] /goto blent wa
[18/06/2011 15:42:02] /goto blent wa
[18/06/2011 15:42:02] /goto blent wa
[18/06/2011 15:42:02] /goto blent wa
[18/06/2011 15:42:02] /goto blent wa
[18/06/2011 15:42:02] /goto blent wa
[18/06/2011 15:42:03] /goto blent wa
[18/06/2011 15:42:03] /goto blent wa
[18/06/2011 15:42:03] /goto blent wa
[18/06/2011 15:42:03] /goto blent wa
[18/06/2011 15:42:03] /goto blent wa
[18/06/2011 15:42:03] /goto blent wa
[18/06/2011 15:42:03] /goto blent wa
[18/06/2011 15:42:03] /goto blent wa
[18/06/2011 15:42:03] /goto blent wa
[18/06/2011 15:42:03] /goto blent wa
[18/06/2011 15:42:03] /goto blent wa
[18/06/2011 15:42:03] /goto blent wa
[18/06/2011 15:42:03] /goto blent wa
[18/06/2011 15:42:03] /goto blent wa
[18/06/2011 15:42:03] /goto blent wa
[18/06/2011 15:42:03] /goto blent wa
[18/06/2011 15:42:03] /goto blent wa
[18/06/2011 15:42:03] /goto blent wa
[18/06/2011 15:42:03] /goto blent wa
[18/06/2011 15:42:03] /goto blent wa
[18/06/2011 15:42:03] /goto blent wa
[18/06/2011 15:42:03] /goto blent wa
[18/06/2011 15:42:03] /goto blent wa
[18/06/2011 15:42:03] /goto blent wa
[18/06/2011 15:42:03] /goto blent wa
[18/06/2011 15:42:03] /goto blent wa
[18/06/2011 15:42:03] /goto blent wa
[18/06/2011 15:42:03] /goto blent wa
[18/06/2011 15:42:03] /goto blent wa
[18/06/2011 15:42:04] /goto blent wa
[18/06/2011 15:42:04] /goto blent wa
[18/06/2011 15:42:04] /goto blent wa
[18/06/2011 15:42:04] /goto blent wa
[18/06/2011 15:42:04] /goto blent wa
[18/06/2011 15:42:04] /goto blent wa
[18/06/2011 15:42:04] /goto blent wa
[18/06/2011 15:42:04] /goto blent wa
[18/06/2011 15:42:04] /goto blent wa
[18/06/2011 15:42:04] /goto blent wa
[18/06/2011 15:42:04] /goto blent wa
[18/06/2011 15:42:04] /goto blent wa
[18/06/2011 15:42:04] /goto blent wa
[18/06/2011 15:42:04] /goto blent wa
[18/06/2011 15:42:04] /goto blent wa
[18/06/2011 15:42:04] /goto blent wa
[18/06/2011 15:42:04] /goto blent wa
[18/06/2011 15:42:04] /goto blent wa
[18/06/2011 15:42:04] /goto blent wa
[18/06/2011 15:42:04] /goto blent wa
[18/06/2011 15:42:04] /goto blent wa
[18/06/2011 15:42:04] /goto blent wa
[18/06/2011 15:42:04] /goto blent wa
[18/06/2011 15:42:04] /goto blent wa
[18/06/2011 15:42:04] /goto blent wa
[18/06/2011 15:42:04] /goto blent wa
[18/06/2011 15:42:04] /goto blent wa
[18/06/2011 15:42:04] /goto blent wa
[18/06/2011 15:42:05] /goto blent wa
[18/06/2011 15:42:05] /goto blent wa
[18/06/2011 15:42:05] /goto blent wa
[18/06/2011 15:42:05] /goto blent wa
[18/06/2011 15:42:05] /goto blent wa
[18/06/2011 15:42:05] /goto blent wa
[18/06/2011 15:42:05] /goto blent wa
[18/06/2011 15:42:05] /goto blent wa
[18/06/2011 15:42:05] /goto blent wa
[18/06/2011 15:42:05] /goto blent wa
[18/06/2011 15:42:05] /goto blent wa
[18/06/2011 15:42:05] /goto blent wa
[18/06/2011 15:42:05] /goto blent wa
[18/06/2011 15:42:05] /goto blent wa
[18/06/2011 15:42:05] /goto blent wa
[18/06/2011 15:42:05] /goto blent wa
[18/06/2011 15:42:05] /goto blent wa
[18/06/2011 15:42:05] /goto blent wa
[18/06/2011 15:42:05] /goto blent wa
[18/06/2011 15:42:05] /goto blent wa
[18/06/2011 15:42:05] /goto blent wa
[18/06/2011 15:42:05] /goto blent wa
[18/06/2011 15:42:05] /goto blent wa
[18/06/2011 15:42:06] /goto blent wa
[18/06/2011 15:42:06] /goto blent wa
[18/06/2011 15:42:06] /goto blent wa
[18/06/2011 15:42:06] /goto blent wa
[18/06/2011 15:42:06] /goto blent wa
[18/06/2011 15:42:06] /goto blent wa
[18/06/2011 15:42:06] /goto blent wa
[18/06/2011 15:42:06] /goto blent wa
[18/06/2011 15:42:06] /goto blent wa
[18/06/2011 15:42:06] /goto blent wa
[18/06/2011 15:42:06] /goto blent wa
[18/06/2011 15:42:06] /goto blent wa
[18/06/2011 15:42:06] /goto blent wa
[18/06/2011 15:42:06] /goto blent wa
[18/06/2011 15:42:06] /goto blent wa
[18/06/2011 15:42:06] /goto blent wa
[18/06/2011 15:42:06] /goto blent wa
[18/06/2011 15:42:06] /goto blent wa
[18/06/2011 15:42:06] /goto blent wa
[18/06/2011 15:42:06] /goto blent wa
[18/06/2011 15:42:06] /goto blent wa
[18/06/2011 15:42:06] /goto blent wa
[18/06/2011 15:42:06] /goto blent wa
[18/06/2011 15:42:06] /goto blent wa
[18/06/2011 15:42:06] /goto blent wa
[18/06/2011 15:42:06] /goto blent wa
[18/06/2011 15:42:06] /goto blent wa
[18/06/2011 15:42:06] /goto blent wa
[18/06/2011 15:42:06] /goto blent wa
[18/06/2011 15:42:07] /goto blent wa
[18/06/2011 15:42:07] /goto blent wa
[18/06/2011 15:42:07] /goto blent wa
[18/06/2011 15:42:07] /goto blent wa
[18/06/2011 15:42:07] /goto blent wa
[18/06/2011 15:42:07] /goto blent wa
[18/06/2011 15:42:07] /goto blent wa
[18/06/2011 15:42:07] /goto blent wa
[18/06/2011 15:42:07] /goto blent wa
[18/06/2011 15:42:07] /goto blent wa
[18/06/2011 15:42:07] /goto blent wa
[18/06/2011 15:42:07] /goto blent wa
[18/06/2011 15:42:07] /goto blent wa
[18/06/2011 15:42:07] /goto blent wa
[18/06/2011 15:42:07] /goto blent wa
[18/06/2011 15:42:07] /goto blent wa
[18/06/2011 15:42:07] /goto blent wa
[18/06/2011 15:42:07] /goto blent wa
[18/06/2011 15:42:07] /goto blent wa
[18/06/2011 15:42:07] /goto blent wa
[18/06/2011 15:42:07] /goto blent wa
[18/06/2011 15:42:07] /goto blent wa
[18/06/2011 15:42:07] /goto blent wa
[18/06/2011 15:42:07] /goto blent wa
[18/06/2011 15:42:07] /goto blent wa
[18/06/2011 15:42:07] /goto blent wa
[18/06/2011 15:42:08] /goto blent wa
[18/06/2011 15:42:08] /goto blent wa
[18/06/2011 15:42:08] /goto blent wa
[18/06/2011 15:42:08] /goto blent wa
[18/06/2011 15:42:08] /goto blent wa
[18/06/2011 15:42:08] /goto blent wa
[18/06/2011 15:42:08] /goto blent wa
[18/06/2011 15:42:08] /goto blent wa
[18/06/2011 15:42:08] /goto blent wa
[18/06/2011 15:42:08] /goto blent wa
[18/06/2011 15:42:08] /goto blent wa
[18/06/2011 15:42:08] /goto blent wa
[18/06/2011 15:42:08] /goto blent wa
[18/06/2011 15:42:08] /goto blent wa
[18/06/2011 15:42:08] /goto blent wa
[18/06/2011 15:42:08] /goto blent wa
[18/06/2011 15:42:08] /goto blent wa
[18/06/2011 15:42:08] /goto blent wa
[18/06/2011 15:42:08] /goto blent wa
[18/06/2011 15:42:08] /goto blent wa
[18/06/2011 15:42:08] /goto blent wa
[18/06/2011 15:42:08] /goto blent wa
[18/06/2011 15:42:08] /goto blent wa
[18/06/2011 15:42:08] /goto blent wa
[18/06/2011 15:42:08] /goto blent wa
[18/06/2011 15:42:08] /goto blent wa
[18/06/2011 15:42:09] /goto blent wa
[18/06/2011 15:42:09] /goto blent wa
[18/06/2011 15:42:09] /goto blent wa
[18/06/2011 15:42:09] /goto blent wa
[18/06/2011 15:42:09] /goto blent wa
[18/06/2011 15:42:09] /goto blent wa
[18/06/2011 15:42:09] /goto blent wa
[18/06/2011 15:42:09] /goto blent wa
[18/06/2011 15:42:09] /goto blent wa
[18/06/2011 15:42:09] /goto blent wa
[18/06/2011 15:42:09] /goto blent wa
[18/06/2011 15:42:09] /goto blent wa
[18/06/2011 15:42:09] /goto blent wa
[18/06/2011 15:42:09] /goto blent wa
[18/06/2011 15:42:09] /goto blent wa
[18/06/2011 15:42:09] /goto blent wa
[18/06/2011 15:42:09] /goto blent wa
[18/06/2011 15:42:09] /goto blent wa
[18/06/2011 15:42:09] /goto blent wa
[18/06/2011 15:42:09] /goto blent wa
[18/06/2011 15:42:09] /goto blent wa
[18/06/2011 15:42:09] /goto blent wa
[18/06/2011 15:42:09] /goto blent wa
[18/06/2011 15:42:09] /goto blent wa
[18/06/2011 15:42:09] /goto blent wa
[18/06/2011 15:42:09] /goto blent wa
[18/06/2011 15:42:09] /goto blent wa
[18/06/2011 15:42:09] /goto blent wa
[18/06/2011 15:42:09] /goto blent wa
[18/06/2011 15:42:10] /goto blent wa
[18/06/2011 15:42:10] /goto blent wa
[18/06/2011 15:42:10] /goto blent wa
[18/06/2011 15:42:10] /goto blent wa
[18/06/2011 15:42:10] /goto blent wa
[18/06/2011 15:42:10] /goto blent wa
[18/06/2011 15:42:10] /goto blent wa
[18/06/2011 15:42:10] /goto blent wa
[18/06/2011 15:42:10] /goto blent wa
[18/06/2011 15:42:10] /goto blent wa
[18/06/2011 15:42:10] /goto blent wa
[18/06/2011 15:42:10] /goto blent wa
[18/06/2011 15:42:10] /goto blent wa
[18/06/2011 15:42:10] /goto blent wa
[18/06/2011 15:42:10] /goto blent wa
[18/06/2011 15:42:10] /goto blent wa
[18/06/2011 15:42:10] /goto blent wa
[18/06/2011 15:42:10] /goto blent wa
[18/06/2011 15:42:10] /goto blent wa
[18/06/2011 15:42:10] /goto blent wa
[18/06/2011 15:42:10] /goto blent wa
[18/06/2011 15:42:10] /goto blent wa
[18/06/2011 15:42:10] /goto blent wa
[18/06/2011 15:42:10] /goto blent wa
[18/06/2011 15:42:10] /goto blent wa
[18/06/2011 15:42:10] /goto blent wa
[18/06/2011 15:42:10] /goto blent wa
[18/06/2011 15:42:11] /goto blent wa
[18/06/2011 15:42:11] /goto blent wa
[18/06/2011 15:42:11] /goto blent wa
[18/06/2011 15:42:11] /goto blent wa
[18/06/2011 15:42:11] /goto blent wa
[18/06/2011 15:42:11] /goto blent wa
[18/06/2011 15:42:11] /goto blent wa
[18/06/2011 15:42:11] /goto blent wa
[18/06/2011 15:42:11] /goto blent wa
[18/06/2011 15:42:11] /goto blent wa
[18/06/2011 15:42:11] /goto blent wa
[18/06/2011 15:42:11] /goto blent wa
[18/06/2011 15:42:11] /goto blent wa
[18/06/2011 15:42:11] /goto blent wa
[18/06/2011 15:42:11] /goto blent wa
[18/06/2011 15:42:11] /goto blent wa
[18/06/2011 15:42:11] /goto blent wa
[18/06/2011 15:42:11] /goto blent wa
[18/06/2011 15:42:11] /goto blent wa
[18/06/2011 15:42:11] /goto blent wa
[18/06/2011 15:42:11] /goto blent wa
[18/06/2011 15:42:11] /goto blent wa
[18/06/2011 15:42:11] /goto blent wa
[18/06/2011 15:42:11] /goto blent wa
[18/06/2011 15:42:11] /goto blent wa
[18/06/2011 15:42:11] /goto blent wa
[18/06/2011 15:42:11] /goto blent wa
[18/06/2011 15:42:12] /goto blent wa
[18/06/2011 15:42:12] /goto blent wa
[18/06/2011 15:42:12] /goto blent wa
[18/06/2011 15:42:12] /goto blent wa
[18/06/2011 15:42:12] /goto blent wa
[18/06/2011 15:42:12] /goto blent wa
[18/06/2011 15:42:12] /goto blent wa
[18/06/2011 15:42:12] /goto blent wa
[18/06/2011 15:42:12] /goto blent wa
[18/06/2011 15:42:12] /goto blent wa
[18/06/2011 15:42:12] /goto blent wa
[18/06/2011 15:42:12] /goto blent wa
[18/06/2011 15:42:12] /goto blent wa
[18/06/2011 15:42:12] /goto blent wa
[18/06/2011 15:42:12] /goto blent wa
[18/06/2011 15:42:12] /goto blent wa
[18/06/2011 15:42:12] /goto blent wa
[18/06/2011 15:42:12] /goto blent wa
[18/06/2011 15:42:12] /goto blent wa
[18/06/2011 15:42:12] /goto blent wa
[18/06/2011 15:42:12] /goto blent wa
[18/06/2011 15:42:12] /goto blent wa
[18/06/2011 15:42:12] /goto blent wa
[18/06/2011 15:42:12] /goto blent wa
[18/06/2011 15:42:12] /goto blent wa
[18/06/2011 15:42:12] /goto blent wa
[18/06/2011 15:42:12] /goto blent wa
[18/06/2011 15:42:12] /goto blent wa
[18/06/2011 15:42:12] /goto blent wa
[18/06/2011 15:42:13] /goto blent wa
[18/06/2011 15:42:13] /goto blent wa
[18/06/2011 15:42:13] /goto blent wa
[18/06/2011 15:42:13] /goto blent wa
[18/06/2011 15:42:13] /goto blent wa
[18/06/2011 15:42:13] /goto blent wa
[18/06/2011 15:42:13] /goto blent wa
[18/06/2011 15:42:13] /goto blent wa
[18/06/2011 15:42:13] /goto blent wa
[18/06/2011 15:42:13] /goto blent wa
[18/06/2011 15:42:13] /goto blent wa
[18/06/2011 15:42:13] /goto blent wa
[18/06/2011 15:42:13] /goto blent wa
[18/06/2011 15:42:13] /goto blent wa
[18/06/2011 15:42:13] /goto blent wa
[18/06/2011 15:42:13] /goto blent wa
[18/06/2011 15:42:13] /goto blent wa
[18/06/2011 15:42:13] /goto blent wa
[18/06/2011 15:42:13] /goto blent wa
[18/06/2011 15:42:13] /goto blent wa
[18/06/2011 15:42:13] /goto blent wa
[18/06/2011 15:42:13] /goto blent wa
[18/06/2011 15:42:13] /goto blent wa
[18/06/2011 15:42:13] /goto blent wa
[18/06/2011 15:42:13] /goto blent wa
[18/06/2011 15:42:13] /goto blent wa
[18/06/2011 15:42:13] /goto blent wa
[18/06/2011 15:42:14] /goto blent wa
[18/06/2011 15:42:14] /goto blent wa
[18/06/2011 15:42:14] /goto blent wa
[18/06/2011 15:42:14] /goto blent wa
[18/06/2011 15:42:14] /goto blent wa
[18/06/2011 15:42:14] /goto blent wa
[18/06/2011 15:42:14] /goto blent wa
[18/06/2011 15:42:14] /goto blent wa
[18/06/2011 15:42:14] /goto blent wa
[18/06/2011 15:42:14] /goto blent wa
[18/06/2011 15:42:14] /goto blent wa
[18/06/2011 15:42:14] /goto blent wa
[18/06/2011 15:42:14] /goto blent wa
[18/06/2011 15:42:14] /goto blent wa
[18/06/2011 15:42:14] /goto blent wa
[18/06/2011 15:42:14] /goto blent wa
[18/06/2011 15:42:14] /goto blent wa
[18/06/2011 15:42:14] /goto blent wa
[18/06/2011 15:42:14] /goto blent wa
[18/06/2011 15:42:14] /goto blent wa
[18/06/2011 15:42:14] /goto blent wa
[18/06/2011 15:42:14] /goto blent wa
[18/06/2011 15:42:14] /goto blent wa
[18/06/2011 15:42:14] /goto blent wa
[18/06/2011 15:42:14] /goto blent wa
[18/06/2011 15:42:14] /goto blent wa
[18/06/2011 15:42:14] /goto blent wa
[18/06/2011 15:42:14] /goto blent wa
[18/06/2011 15:42:15] /goto blent wa
[18/06/2011 15:42:15] /goto blent wa
[18/06/2011 15:42:15] /goto blent wa
[18/06/2011 15:42:15] /goto blent wa
[18/06/2011 15:42:15] /goto blent wa
[18/06/2011 15:42:15] /goto blent wa
[18/06/2011 15:42:15] /goto blent wa
[18/06/2011 15:42:15] /goto blent wa
[18/06/2011 15:42:15] /goto blent wa
[18/06/2011 15:42:15] /goto blent wa
[18/06/2011 15:42:15] /goto blent wa
[18/06/2011 15:42:15] /goto blent wa
[18/06/2011 15:42:15] /goto blent wa
[18/06/2011 15:42:15] /goto blent wa
[18/06/2011 15:42:15] /goto blent wa
[18/06/2011 15:42:15] /goto blent wa
[18/06/2011 15:42:15] /goto blent wa
[18/06/2011 15:42:15] /goto blent wa
[18/06/2011 15:42:15] /goto blent wa
[18/06/2011 15:42:15] /goto blent wa
[18/06/2011 15:42:15] /goto blent wa
[18/06/2011 15:42:15] /goto blent wa
[18/06/2011 15:42:15] /goto blent wa
[18/06/2011 15:42:15] /goto blent wa
[18/06/2011 15:42:15] /goto blent wa
[18/06/2011 15:42:15] /goto blent wa
[18/06/2011 15:42:15] /goto blent wa
[18/06/2011 15:42:15] /goto blent wa
[18/06/2011 15:42:15] /goto blent wa
[18/06/2011 15:42:16] /goto blent wa
[18/06/2011 15:42:16] /goto blent wa
[18/06/2011 15:42:16] /goto blent wa
[18/06/2011 15:42:16] /goto blent wa
[18/06/2011 15:42:16] /goto blent wa
[18/06/2011 15:42:16] /goto blent wa
[18/06/2011 15:42:16] /goto blent wa
[18/06/2011 15:42:16] /goto blent wa
[18/06/2011 15:42:16] /goto blent wa
[18/06/2011 15:42:16] /goto blent wa
[18/06/2011 15:42:16] /goto blent wa
[18/06/2011 15:42:16] /goto blent wa
[18/06/2011 15:42:16] /goto blent wa
[18/06/2011 15:42:19] /goto blent wa
[18/06/2011 15:42:19] /goto blent wa
[18/06/2011 15:42:19] /goto blent wa
[18/06/2011 15:42:19] /goto blent wa
[18/06/2011 15:42:19] /goto blent wa
[18/06/2011 15:42:19] /goto blent wa
[18/06/2011 15:42:19] /goto blent wa
[18/06/2011 15:42:19] /goto blent wa
[18/06/2011 15:42:19] /goto blent wa
[18/06/2011 15:42:19] /goto blent wa
[18/06/2011 15:42:19] /goto blent wa
[18/06/2011 15:42:20] /goto blent wa
[18/06/2011 15:42:20] /goto blent wa
[18/06/2011 15:42:20] /goto blent wa
[18/06/2011 15:42:20] /goto blent wa
[18/06/2011 15:42:20] /goto blent wa
[18/06/2011 15:42:20] /goto blent wa
[18/06/2011 15:42:20] /goto blent wa
[18/06/2011 15:42:20] /goto blent wa
[18/06/2011 15:42:20] /goto blent wa
[18/06/2011 15:42:20] /goto blent wa
[18/06/2011 15:42:20] /goto blent wa
[18/06/2011 15:42:20] /goto blent wa
[18/06/2011 15:42:20] /goto blent wa
[18/06/2011 15:42:20] /goto blent wa
[18/06/2011 15:42:20] /goto blent wa
[18/06/2011 15:42:20] /goto blent wa
[18/06/2011 15:42:20] /goto blent wa
[18/06/2011 15:42:20] /goto blent wa
[18/06/2011 15:42:20] /goto blent wa
[18/06/2011 15:42:20] /goto blent wa
[18/06/2011 15:42:20] /goto blent wa
[18/06/2011 15:42:20] /goto blent wa
[18/06/2011 15:42:20] /goto blent wa
[18/06/2011 15:42:20] /goto blent wa
[18/06/2011 15:42:20] /goto blent wa
[18/06/2011 15:42:20] /goto blent wa
[18/06/2011 15:42:20] /goto blent wa
[18/06/2011 15:42:21] /goto blent wa
[18/06/2011 15:42:21] /goto blent wa
[18/06/2011 15:42:21] /goto blent wa
[18/06/2011 15:42:21] /goto blent wa
[18/06/2011 15:42:21] /goto blent wa
[18/06/2011 15:42:21] /goto blent wa
[18/06/2011 15:42:21] /goto blent wa
[18/06/2011 15:42:21] /goto blent wa
[18/06/2011 15:42:21] /goto blent wa
[18/06/2011 15:42:21] /goto blent wa
[18/06/2011 15:42:21] /goto blent wa
[18/06/2011 15:42:21] /goto blent wa
[18/06/2011 15:42:21] /goto blent wa
[18/06/2011 15:42:21] /goto blent wa
[18/06/2011 15:42:21] /goto blent wa
[18/06/2011 15:42:21] /goto blent wa
[18/06/2011 15:42:21] /goto blent wa
[18/06/2011 15:42:21] /goto blent wa
[18/06/2011 15:42:21] /goto blent wa
[18/06/2011 15:42:21] /goto blent wa
[18/06/2011 15:42:21] /goto blent wa
[18/06/2011 15:42:21] /goto blent wa
[18/06/2011 15:42:21] /goto blent wa
[18/06/2011 15:42:21] /goto blent wa
[18/06/2011 15:42:21] /goto blent wa
[18/06/2011 15:42:21] /goto blent wa
[18/06/2011 15:42:21] /goto blent wa
[18/06/2011 15:42:21] /goto blent wa
[18/06/2011 15:42:21] /goto blent wa
[18/06/2011 15:42:22] /goto blent wa
[18/06/2011 15:42:22] /goto blent wa
[18/06/2011 15:42:22] /goto blent wa
[18/06/2011 15:42:22] /goto blent wa
[18/06/2011 15:42:22] /goto blent wa
[18/06/2011 15:42:23] /goto blent wa
[18/06/2011 15:42:24] /goto blent wa
[18/06/2011 15:42:30] /goto blent wa
[18/06/2011 15:42:32] /goto blent wa
[18/06/2011 15:42:36] /goto blent wa
[18/06/2011 15:42:36] /goto blent wa
[18/06/2011 15:42:36] /goto blent wa
[18/06/2011 15:42:36] /goto blent wa
[18/06/2011 15:42:36] /goto blent wa
[18/06/2011 15:42:36] /goto blent wa
[18/06/2011 15:42:36] /goto blent wa
[18/06/2011 15:42:36] /goto blent wa
[18/06/2011 15:42:37] /goto blent wa
[18/06/2011 15:42:37] /goto blent wa
[18/06/2011 15:42:37] /goto blent wa
[18/06/2011 15:42:37] /goto blent wa
[18/06/2011 15:42:37] /goto blent wa
[18/06/2011 15:42:37] /goto blent wa
[18/06/2011 15:42:37] /goto blent wa
[18/06/2011 15:42:37] /goto blent wa
[18/06/2011 15:42:37] /goto blent wa
[18/06/2011 15:42:37] /goto blent wa
[18/06/2011 15:42:37] /goto blent wa
[18/06/2011 15:42:37] /goto blent wa
[18/06/2011 15:42:37] /goto blent wa
[18/06/2011 15:42:37] /goto blent wa
[18/06/2011 15:42:37] /goto blent wa
[18/06/2011 15:42:37] /goto blent wa
[18/06/2011 15:42:37] /goto blent wa
[18/06/2011 15:42:37] /goto blent wa
[18/06/2011 15:42:37] /goto blent wa
[18/06/2011 15:42:37] /goto blent wa
[18/06/2011 15:42:37] /goto blent wa
[18/06/2011 15:42:37] /goto blent wa
[18/06/2011 15:42:37] /goto blent wa
[18/06/2011 15:42:37] /goto blent wa
[18/06/2011 15:42:37] /goto blent wa
[18/06/2011 15:42:37] /goto blent wa
[18/06/2011 15:42:37] /goto blent wa
[18/06/2011 15:42:37] /goto blent wa
[18/06/2011 15:42:38] /goto blent wa
[18/06/2011 15:42:38] /goto blent wa
[18/06/2011 15:42:38] /goto blent wa
[18/06/2011 15:42:38] /goto blent wa
[18/06/2011 15:42:38] /goto blent wa
[18/06/2011 15:42:38] /goto blent wa
[18/06/2011 15:42:38] /goto blent wa
[18/06/2011 15:42:38] /goto blent wa
[18/06/2011 15:42:38] /goto blent wa
[18/06/2011 15:42:38] /goto blent wa
[18/06/2011 15:42:38] /goto blent wa
[18/06/2011 15:42:38] /goto blent wa
[18/06/2011 15:42:38] /goto blent wa
[18/06/2011 15:42:38] /goto blent wa
[18/06/2011 15:42:38] /goto blent wa
[18/06/2011 15:42:38] /goto blent wa
[18/06/2011 15:42:38] /goto blent wa
[18/06/2011 15:42:38] /goto blent wa
[18/06/2011 15:42:38] /goto blent wa
[18/06/2011 15:42:38] /goto blent wa
[18/06/2011 15:42:38] /goto blent wa
[18/06/2011 15:42:38] /goto blent wa
[18/06/2011 15:42:38] /goto blent wa
[18/06/2011 15:42:38] /goto blent wa
[18/06/2011 15:42:38] /goto blent wa
[18/06/2011 15:42:38] /goto blent wa
[18/06/2011 15:42:38] /goto blent wa
[18/06/2011 15:42:38] /goto blent wa
[18/06/2011 15:42:39] /goto blent wa
[18/06/2011 15:42:39] /goto blent wa
[18/06/2011 15:42:39] /goto blent wa
[18/06/2011 15:42:39] /goto blent wa
[18/06/2011 15:42:39] /goto blent wa
[18/06/2011 15:42:39] /goto blent wa
[18/06/2011 15:42:39] /goto blent wa
[18/06/2011 15:42:39] /goto blent wa
[18/06/2011 15:42:39] /goto blent wa
[18/06/2011 15:42:39] /goto blent wa
[18/06/2011 15:42:39] /goto blent wa
[18/06/2011 15:42:39] /goto blent wa
[18/06/2011 15:42:39] /goto blent wa
[18/06/2011 15:42:39] /goto blent wa
[18/06/2011 15:42:39] /goto blent wa
[18/06/2011 15:42:39] /goto blent wa
[18/06/2011 15:42:39] /goto blent wa
[18/06/2011 15:42:39] /goto blent wa
[18/06/2011 15:42:39] /goto blent wa
[18/06/2011 15:42:39] /goto blent wa
[18/06/2011 15:42:39] /goto blent wa
[18/06/2011 15:42:39] /goto blent wa
[18/06/2011 15:42:39] /goto blent wa
[18/06/2011 15:42:39] /goto blent wa
[18/06/2011 15:42:39] /goto blent wa
[18/06/2011 15:42:39] /goto blent wa
[18/06/2011 15:42:39] /goto blent wa
[18/06/2011 15:42:39] /goto blent wa
[18/06/2011 15:42:39] /goto blent wa
[18/06/2011 15:42:40] /goto blent wa
[18/06/2011 15:42:40] /goto blent wa
[18/06/2011 15:42:40] /goto blent wa
[18/06/2011 15:42:40] /goto blent wa
[18/06/2011 15:42:40] /goto blent wa
[18/06/2011 15:42:40] /goto blent wa
[18/06/2011 15:42:40] /goto blent wa
[18/06/2011 15:42:40] /goto blent wa
[18/06/2011 15:42:40] /goto blent wa
[18/06/2011 15:42:40] /goto blent wa
[18/06/2011 15:42:40] /goto blent wa
[18/06/2011 15:42:40] /goto blent wa
[18/06/2011 15:42:40] /goto blent wa
[18/06/2011 15:42:40] /goto blent wa
[18/06/2011 15:42:40] /goto blent wa
[18/06/2011 15:42:40] /goto blent wa
[18/06/2011 15:42:40] /goto blent wa
[18/06/2011 15:42:40] /goto blent wa
[18/06/2011 15:42:40] /goto blent wa
[18/06/2011 15:42:40] /goto blent wa
[18/06/2011 15:42:40] /goto blent wa
[18/06/2011 15:42:40] /goto blent wa
[18/06/2011 15:42:40] /goto blent wa
[18/06/2011 15:42:40] /goto blent wa
[18/06/2011 15:42:40] /goto blent wa
[18/06/2011 15:42:40] /goto blent wa
[18/06/2011 15:42:40] /goto blent wa
[18/06/2011 15:42:41] /goto blent wa
[18/06/2011 15:42:41] /goto blent wa
[18/06/2011 15:42:41] /goto blent wa
[18/06/2011 15:42:41] /goto blent wa
[18/06/2011 15:42:41] /goto blent wa
[18/06/2011 15:42:41] /goto blent wa
[18/06/2011 15:42:41] /goto blent wa
[18/06/2011 15:42:41] /goto blent wa
[18/06/2011 15:42:41] /goto blent wa
[18/06/2011 15:42:41] /goto blent wa
[18/06/2011 15:42:41] /goto blent wa
[18/06/2011 15:42:41] /goto blent wa
[18/06/2011 15:42:41] /goto blent wa
[18/06/2011 15:42:41] /goto blent wa
[18/06/2011 15:42:41] /goto blent wa
[18/06/2011 15:42:41] /goto blent wa
[18/06/2011 15:42:41] /goto blent wa
[18/06/2011 15:42:41] /goto blent wa
[18/06/2011 15:42:41] /goto blent wa
[18/06/2011 15:42:41] /goto blent wa
[18/06/2011 15:42:41] /goto blent wa
[18/06/2011 15:42:43] /goto blent wa
[18/06/2011 15:42:43] /goto blent wa
[18/06/2011 15:42:44] /goto blent wa
[18/06/2011 15:42:44] /goto blent wa
[18/06/2011 15:42:44] /goto blent wa
[18/06/2011 15:42:44] /goto blent wa
[18/06/2011 15:42:44] /goto blent wa
[18/06/2011 15:42:44] /goto blent wa
[18/06/2011 15:42:44] /goto blent wa
[18/06/2011 15:42:44] /goto blent wa
[18/06/2011 15:42:44] /goto blent wa
[18/06/2011 15:42:44] /goto blent wa
[18/06/2011 15:42:44] /goto blent wa
[18/06/2011 15:42:44] /goto blent wa
[18/06/2011 15:42:44] /goto blent wa
[18/06/2011 15:42:44] /goto blent wa
[18/06/2011 15:42:44] /goto blent wa
[18/06/2011 15:42:44] /goto blent wa
[18/06/2011 15:42:44] /goto blent wa
[18/06/2011 15:42:44] /goto blent wa
[18/06/2011 15:42:44] /goto blent wa
[18/06/2011 15:42:44] /goto blent wa
[18/06/2011 15:42:44] /goto blent wa
[18/06/2011 15:42:44] /goto blent wa
[18/06/2011 15:42:44] /goto blent wa
[18/06/2011 15:42:44] /goto blent wa
[18/06/2011 15:42:44] /goto blent wa
[18/06/2011 15:42:44] /goto blent wa
[18/06/2011 15:42:44] /goto blent wa
[18/06/2011 15:42:44] /goto blent wa
[18/06/2011 15:42:44] /goto blent wa
[18/06/2011 15:42:44] /goto blent wa
[18/06/2011 15:42:45] /goto blent wa
[18/06/2011 15:42:45] /goto blent wa
[18/06/2011 15:42:45] /goto blent wa
[18/06/2011 15:42:45] /goto blent wa
[18/06/2011 15:42:45] /goto blent wa
[18/06/2011 15:42:45] /goto blent wa
[18/06/2011 15:42:45] /goto blent wa
[18/06/2011 15:42:45] /goto blent wa
[18/06/2011 15:42:45] /goto blent wa
[18/06/2011 15:42:45] /goto blent wa
[18/06/2011 15:42:45] /goto blent wa
[18/06/2011 15:42:45] /goto blent wa
[18/06/2011 15:42:45] /goto blent wa
[18/06/2011 15:42:45] /goto blent wa
[18/06/2011 15:42:45] /goto blent wa
[18/06/2011 15:42:45] /goto blent wa
[18/06/2011 15:42:45] /goto blent wa
[18/06/2011 15:42:45] /goto blent wa
[18/06/2011 15:42:45] /goto blent wa
[18/06/2011 15:42:45] /goto blent wa
[18/06/2011 15:42:45] /goto blent wa
[18/06/2011 15:42:45] /goto blent wa
[18/06/2011 15:42:45] /goto blent wa
[18/06/2011 15:42:45] /goto blent wa
[18/06/2011 15:42:45] /goto blent wa
[18/06/2011 15:42:45] /goto blent wa
[18/06/2011 15:42:46] /goto blent wa
[18/06/2011 15:42:46] /goto blent wa
[18/06/2011 15:42:46] /goto blent wa
[18/06/2011 15:42:46] /goto blent wa
[18/06/2011 15:42:46] /goto blent wa
[18/06/2011 15:42:46] /goto blent wa
[18/06/2011 15:42:46] /goto blent wa
[18/06/2011 15:42:46] /goto blent wa
[18/06/2011 15:42:46] /goto blent wa
[18/06/2011 15:42:46] /goto blent wa
[18/06/2011 15:42:46] /goto blent wa
[18/06/2011 15:42:46] /goto blent wa
[18/06/2011 15:42:46] /goto blent wa
[18/06/2011 15:42:46] /goto blent wa
[18/06/2011 15:42:46] /goto blent wa
[18/06/2011 15:42:46] /goto blent wa
[18/06/2011 15:42:46] /goto blent wa
[18/06/2011 15:42:46] /goto blent wa
[18/06/2011 15:42:46] /goto blent wa
[18/06/2011 15:42:46] /goto blent wa
[18/06/2011 15:42:46] /goto blent wa
[18/06/2011 15:42:46] /goto blent wa
[18/06/2011 15:42:46] /goto blent wa
[18/06/2011 15:42:47] /goto blent wa
[18/06/2011 15:42:47] /goto blent wa
[18/06/2011 15:42:47] /goto blent wa
[18/06/2011 15:42:47] /goto blent wa
[18/06/2011 15:42:47] /goto blent wa
[18/06/2011 15:42:47] /goto blent wa
[18/06/2011 15:42:47] /goto blent wa
[18/06/2011 15:42:47] /goto blent wa
[18/06/2011 15:42:47] /goto blent wa
[18/06/2011 15:42:47] /goto blent wa
[18/06/2011 15:42:47] /goto blent wa
[18/06/2011 15:42:47] /goto blent wa
[18/06/2011 15:42:47] /goto blent wa
[18/06/2011 15:42:47] /goto blent wa
[18/06/2011 15:42:47] /goto blent wa
[18/06/2011 15:42:47] /goto blent wa
[18/06/2011 15:42:47] /goto blent wa
[18/06/2011 15:42:47] /goto blent wa
[18/06/2011 15:42:47] /goto blent wa
[18/06/2011 15:42:47] /goto blent wa
[18/06/2011 15:42:47] /goto blent wa
[18/06/2011 15:42:47] /goto blent wa
[18/06/2011 15:42:47] /goto blent wa
[18/06/2011 15:42:47] /goto blent wa
[18/06/2011 15:42:47] /goto blent wa
[18/06/2011 15:42:47] /goto blent wa
[18/06/2011 15:42:50] /goto blent wa
[18/06/2011 15:42:50] /goto blent wa
[18/06/2011 15:42:50] /goto blent wa
[18/06/2011 15:42:50] /goto blent wa
[18/06/2011 15:42:50] /goto blent wa
[18/06/2011 15:42:50] /goto blent wa
[18/06/2011 15:42:50] /goto blent wa
[18/06/2011 15:42:50] /goto blent wa
[18/06/2011 15:42:50] /goto blent wa
[18/06/2011 15:42:50] /goto blent wa
[18/06/2011 15:42:50] /goto blent wa
[18/06/2011 15:42:50] /goto blent wa
[18/06/2011 15:42:50] /goto blent wa
[18/06/2011 15:42:50] /goto blent wa
[18/06/2011 15:42:50] /goto blent wa
[18/06/2011 15:42:50] /goto blent wa
[18/06/2011 15:42:50] /goto blent wa
[18/06/2011 15:42:50] /goto blent wa
[18/06/2011 15:42:50] /goto blent wa
[18/06/2011 15:42:50] /goto blent wa
[18/06/2011 15:42:50] /goto blent wa
[18/06/2011 15:42:50] /goto blent wa
[18/06/2011 15:42:50] /goto blent wa
[18/06/2011 15:42:50] /goto blent wa
[18/06/2011 15:42:50] /goto blent wa
[18/06/2011 15:42:50] /goto blent wa
[18/06/2011 15:42:50] /goto blent wa
[18/06/2011 15:42:50] /goto blent wa
[18/06/2011 15:42:50] /goto blent wa
[18/06/2011 15:42:50] /goto blent wa
[18/06/2011 15:42:50] /goto blent wa
[18/06/2011 15:42:50] /goto blent wa
[18/06/2011 15:42:50] /goto blent wa
[18/06/2011 15:42:50] /goto blent wa
[18/06/2011 15:42:50] /goto blent wa
[18/06/2011 15:42:50] /goto blent wa
[18/06/2011 15:42:50] /goto blent wa
[18/06/2011 15:42:50] /goto blent wa
[18/06/2011 15:42:50] /goto blent wa
[18/06/2011 15:42:50] /goto blent wa
[18/06/2011 15:42:50] /goto blent wa
[18/06/2011 15:42:50] /goto blent wa
[18/06/2011 21:35:29] /goto blent wa
[18/06/2011 21:39:36] /goto blent wa
[18/06/2011 21:39:42] /goto jottte
[18/06/2011 21:39:48] /a 4
[18/06/2011 21:39:56] /m zapdos
[18/06/2011 21:40:15] /a 2
[18/06/2011 21:40:19] /m articuno
[18/06/2011 21:40:31] /newtype 52-
[18/06/2011 21:40:34] /newtype 520
[18/06/2011 21:40:44] /newtype 521
[18/06/2011 21:40:49] /newtype 522
[18/06/2011 21:40:51] /newtype 523
[18/06/2011 21:40:53] /newtype 524
[18/06/2011 21:41:00] /newtype 526
[18/06/2011 21:41:02] /newtype 524
[18/06/2011 21:41:03] /newtype 525
[18/06/2011 21:41:09] /newtype 527
[18/06/2011 21:41:15] /newtype 528
[18/06/2011 21:41:18] /newtype 529
[18/06/2011 21:41:23] /newtype 500
[18/06/2011 21:41:58] /newtype 501
[18/06/2011 21:42:01] /newtype 502
[18/06/2011 21:42:03] /newtype 503
[18/06/2011 21:42:05] /newtype 504
[18/06/2011 21:42:09] /newtype 505
[18/06/2011 21:42:13] /newtype 506
[18/06/2011 21:42:18] /newtype 507
[18/06/2011 21:42:22] /newtype 508
[18/06/2011 21:42:23] /newtype 509
[18/06/2011 21:42:26] /newtype 510
[18/06/2011 21:42:27] /newtype 511
[18/06/2011 21:42:28] /newtype 51
[18/06/2011 21:42:32] /newtype 512
[18/06/2011 21:42:34] /newtype 513
[18/06/2011 21:42:35] /newtype 514
[18/06/2011 21:42:36] /newtype 515
[18/06/2011 21:42:39] /newtype 516
[18/06/2011 21:42:39] /newtype 517
[18/06/2011 21:42:40] /newtype 518
[18/06/2011 21:42:42] /newtype 519
[18/06/2011 21:42:46] /newtype 490
[18/06/2011 21:42:48] /newtype 491
[18/06/2011 21:42:51] /newtype 492
[18/06/2011 21:42:53] /newtype 493
[18/06/2011 21:42:54] /newtype 494
[18/06/2011 21:42:55] /newtype 495
[18/06/2011 21:42:57] /newtype 496
[18/06/2011 21:42:58] /newtype 497
[18/06/2011 21:42:59] /newtype 498
[18/06/2011 21:43:02] /newtype 499
[18/06/2011 21:43:18] /newtype 480
[18/06/2011 21:43:21] /newtype 481
[18/06/2011 21:43:22] /newtype 482
[18/06/2011 21:43:24] /newtype 483
[18/06/2011 21:43:27] /newtype 484
[18/06/2011 21:43:29] /newtype 485
[18/06/2011 21:43:30] /newtype 486
[18/06/2011 21:43:34] /newtype 487
[18/06/2011 21:43:37] /newtype 488
[18/06/2011 21:43:39] /newtype 489
[18/06/2011 21:43:42] /newtype 485
[18/06/2011 21:43:43] /newtype 486
[18/06/2011 21:44:34] /s primal dialga
[18/06/2011 21:44:39] /s capeta s
[18/06/2011 21:44:52] /m monstrao ss
[18/06/2011 21:44:55] /m monstrao s
[18/06/2011 21:45:00] /m capeta s
[18/06/2011 21:45:01] /m capeta ss
[18/06/2011 21:45:18] /s elite hitmonchan
[18/06/2011 21:45:35] /r
[18/06/2011 21:45:37] /r
[18/06/2011 21:45:55] /i ultra potion
[18/06/2011 21:46:06] /goto blent
[18/06/2011 21:46:06] /goto blent
[18/06/2011 21:46:07] /goto blent
[18/06/2011 21:46:08] /goto blent
[18/06/2011 21:46:08] /goto blent
[18/06/2011 21:46:18] /s Elite hitmonchan
[18/06/2011 21:46:25] /r
[18/06/2011 21:46:28] /r
[18/06/2011 21:46:29] /r
[18/06/2011 21:46:32] /r
[18/06/2011 21:46:34] /r
[18/06/2011 21:46:35] /r
[18/06/2011 21:46:36] /r
[18/06/2011 21:46:37] /r
[18/06/2011 21:46:40] /r
[18/06/2011 21:46:48] /s elite hitmonchan
[18/06/2011 21:47:01] /m articuno
[18/06/2011 21:47:14] /m capeta s
[18/06/2011 21:47:32] /i revive
[18/06/2011 21:47:42] /m chanseu
[18/06/2011 21:47:44] /m chansey
[18/06/2011 21:48:06] /i ultra ball
[18/06/2011 21:48:18] /m chansey
[18/06/2011 21:48:35] /i 6010
[18/06/2011 21:48:36] /i 6010
[18/06/2011 21:48:36] /i 6010
[18/06/2011 21:48:36] /i 6010
[18/06/2011 21:48:37] /i 6010
[18/06/2011 21:48:37] /i 6010
[18/06/2011 21:48:38] /i 6010
[18/06/2011 21:48:38] /i 6010
[18/06/2011 21:48:39] /i 6010
[18/06/2011 21:48:39] /i 6010
[18/06/2011 21:48:40] /i 6010
[18/06/2011 21:48:55] /i 6010
[18/06/2011 21:48:55] /i 6010
[18/06/2011 21:48:55] /i 6010
[18/06/2011 21:48:56] /i 6010
[18/06/2011 21:48:56] /i 6010
[18/06/2011 21:48:57] /i 6010
[18/06/2011 21:48:57] /i 6010
[18/06/2011 21:48:58] /i 6010
[18/06/2011 21:48:58] /i 6010
[18/06/2011 21:48:58] /i 6010
[18/06/2011 21:48:59] /i 6010
[18/06/2011 21:48:59] /i 6010
[18/06/2011 21:49:00] /i 6010
[18/06/2011 21:49:00] /i 6010
[18/06/2011 21:49:00] /i 6010
[18/06/2011 21:49:01] /i 6010
[18/06/2011 21:49:01] /i 6010
[18/06/2011 21:49:03] /i 6010
[18/06/2011 21:49:03] /i 6010
[18/06/2011 21:49:03] /i 6010
[18/06/2011 21:49:45] /m shiny tentacruel
[18/06/2011 21:49:57] /m shiny blastoise
[18/06/2011 21:50:07] /m shiny venusaur
[18/06/2011 21:50:22] /m shiny charizard
[18/06/2011 21:50:33] /m crystal onix s
[18/06/2011 21:50:40] /m crystal onix
[18/06/2011 21:50:49] /m elite hitmonlee
[18/06/2011 21:50:56] /m crystal onix
[18/06/2011 21:51:08] /m Lagarios
[18/06/2011 21:51:14] /m shiny muk
[18/06/2011 21:51:28] /m shiny farfetch
[18/06/2011 21:51:45] /m elite farfetch'd
[18/06/2011 21:52:00] /m shiny farfetchd
[18/06/2011 21:52:23] /m shiny vaporeon
[18/06/2011 21:52:27] /m shiny gyarados
[30/06/2011 20:11:09] /goto Blent
[30/06/2011 20:11:14] /goto Hart
[30/06/2011 20:12:11] /s entei
[30/06/2011 20:12:17] /r
[30/06/2011 20:12:21] /r
[30/06/2011 20:12:35] /s raikou
[30/06/2011 20:12:42] /r
[30/06/2011 20:12:48] /s suicune
[30/06/2011 20:12:51] /r
[30/06/2011 20:12:53] /r
[30/06/2011 20:12:57] /s pichu
[30/06/2011 20:13:02] /r
[30/06/2011 20:13:06] /s ampharos
[30/06/2011 20:13:14] /s blissey
[30/06/2011 20:13:22] /c Hart
[30/06/2011 20:13:31] /s aipom
[30/06/2011 20:13:36] /s lucario
[30/06/2011 20:13:44] /s chinchou
[30/06/2011 20:14:03] /s espeon
[30/06/2011 20:14:10] /s umbreon
[30/06/2011 20:14:14] /s steelix
[30/06/2011 20:14:43] /s entei
[30/06/2011 20:14:47] /s suicune
[30/06/2011 20:15:27] /i saffari ball
[30/06/2011 20:16:28] /s raikou
[30/06/2011 20:16:36] /s elite hitmonlee
[30/06/2011 20:16:50] /i ball
[30/06/2011 20:16:52] /i ball
[30/06/2011 20:17:11] /s scizor
[30/06/2011 20:17:19] /s smoochun
[30/06/2011 20:17:28] /m entei
[30/06/2011 20:18:19] /r
[30/06/2011 20:18:23] /r
[30/06/2011 20:18:24] /r
[30/06/2011 20:18:27] /r
[30/06/2011 20:18:31] /r
[30/06/2011 20:18:35] /r
[30/06/2011 20:18:37] /r
[30/06/2011 20:18:39] /r
[30/06/2011 20:18:40] /r
[30/06/2011 20:18:41] /r
[30/06/2011 20:18:42] /r
[30/06/2011 20:18:43] /r
[30/06/2011 20:18:50] /r
[30/06/2011 20:18:52] /r
[30/06/2011 20:18:54] /r
[30/06/2011 20:18:55] /r
[30/06/2011 20:18:56] /r
[30/06/2011 20:18:57] /r
[30/06/2011 20:18:58] /r
[30/06/2011 20:18:58] /r
[30/06/2011 20:18:59] /r
[30/06/2011 20:19:00] /r
[30/06/2011 20:19:04] /r
[30/06/2011 20:19:08] /r
[30/06/2011 20:19:09] /r
[30/06/2011 20:19:09] /r
[30/06/2011 20:19:10] /r
[30/06/2011 20:19:11] /r
[30/06/2011 20:19:13] /r
[30/06/2011 20:19:14] /r
[30/06/2011 20:19:15] /r
[30/06/2011 20:19:15] /r
[30/06/2011 20:19:16] /r
[30/06/2011 20:19:17] /r
[30/06/2011 20:19:18] /r
[30/06/2011 20:19:20] /r
[30/06/2011 20:19:21] /r
[30/06/2011 20:19:23] /r
[30/06/2011 20:19:25] /r
[30/06/2011 20:19:28] /r
[30/06/2011 20:19:29] /r
[30/06/2011 20:19:33] /r
[30/06/2011 20:19:34] /r
[30/06/2011 20:19:36] /r
[30/06/2011 20:19:39] /r
[30/06/2011 20:19:41] /r
[30/06/2011 20:19:42] /r
[30/06/2011 20:19:45] /r
[30/06/2011 20:19:49] /r
[30/06/2011 20:19:50] /r
[30/06/2011 20:19:51] /r
[30/06/2011 20:19:52] /r
[30/06/2011 20:19:54] /r
[30/06/2011 20:19:59] /i bed
[30/06/2011 20:20:06] /i bed
[30/06/2011 20:20:06] /i bed
[30/06/2011 20:20:07] /i bed
[30/06/2011 20:20:08] /i bed
[30/06/2011 20:20:09] /i bed
[30/06/2011 20:20:10] /i bed
[30/06/2011 20:20:11] /i bed
[30/06/2011 20:20:12] /i bed
[30/06/2011 20:20:13] /i bed
[30/06/2011 20:20:14] /i bed
[30/06/2011 20:20:15] /i bed
[30/06/2011 20:20:15] /i bed
[30/06/2011 20:20:16] /i bed
[30/06/2011 20:20:17] /i bed
[30/06/2011 20:20:18] /i bed
[30/06/2011 20:20:19] /i bed
[30/06/2011 20:20:20] /i bed
[30/06/2011 20:20:21] /i bed
[30/06/2011 20:20:22] /i bed
[30/06/2011 20:20:24] /i bed
[30/06/2011 20:20:31] /c Hart
[30/06/2011 20:20:42] /i bed s
[30/06/2011 20:20:44] /i bed 1
[30/06/2011 20:20:45] /i bed 2
[30/06/2011 20:20:51] /i tapestry
[30/06/2011 20:20:52] /i tapestry
[30/06/2011 20:20:53] /i tapestry
[30/06/2011 20:20:54] /i tapestry
[30/06/2011 20:20:55] /i tapestry
[30/06/2011 20:20:56] /i tapestry
[30/06/2011 20:20:57] /i tapestry
[30/06/2011 20:20:58] /i tapestry
[30/06/2011 20:20:59] /i tapestry
[30/06/2011 20:21:00] /i tapestry
[30/06/2011 20:21:01] /i tapestry
[30/06/2011 20:21:06] /i tapestry
[30/06/2011 20:21:07] /i tapestry
[30/06/2011 20:21:07] /i tapestry
[30/06/2011 20:21:17] /i helmet
[30/06/2011 20:21:22] /i window
[30/06/2011 20:21:23] /i window
[30/06/2011 20:21:24] /i window
[30/06/2011 20:21:25] /i window
[30/06/2011 20:21:26] /i window
[30/06/2011 20:21:27] /i window
[30/06/2011 20:21:28] /i window
[30/06/2011 20:21:29] /i window
[30/06/2011 20:21:29] /i window
[30/06/2011 20:21:31] /i window
[30/06/2011 20:21:32] /i window
[30/06/2011 20:21:33] /i window
[30/06/2011 20:21:33] /i window
[30/06/2011 20:21:34] /i window
[30/06/2011 20:21:40] /i window
[30/06/2011 20:21:41] /i window
[30/06/2011 20:21:41] /i window
[30/06/2011 20:21:43] /i window
[30/06/2011 20:21:43] /i window
[30/06/2011 20:21:49] /a 2
[30/06/2011 20:21:53] /i door
[30/06/2011 20:21:57] /i floor
[30/06/2011 20:22:01] /i stone
[30/06/2011 20:22:02] /i stone
[30/06/2011 20:22:03] /i stone
[30/06/2011 20:22:03] /i stone
[30/06/2011 20:22:04] /i stone
[30/06/2011 20:22:06] /i stone
[30/06/2011 20:22:07] /i stone
[30/06/2011 20:22:08] /i stone
[30/06/2011 20:22:09] /r
[30/06/2011 20:22:10] /i stone
[30/06/2011 20:22:11] /i stone
[30/06/2011 20:22:12] /i stone
[30/06/2011 20:22:13] /i stone
[30/06/2011 20:22:14] /i stone
[30/06/2011 20:22:14] /i stone
[30/06/2011 20:22:15] /i stone
[30/06/2011 20:22:16] /i stone
[30/06/2011 20:22:17] /i stone
[30/06/2011 20:22:18] /i stone
[30/06/2011 20:22:19] /i stone
[30/06/2011 20:22:19] /i stone
[30/06/2011 20:22:20] /i stone
[30/06/2011 20:22:21] /i stone
[30/06/2011 20:22:22] /i stone
[30/06/2011 20:22:23] /i stone
[30/06/2011 20:22:24] /i stone
[30/06/2011 20:22:25] /i stone
[30/06/2011 20:22:25] /i stone
[30/06/2011 20:22:43] /i snow
[30/06/2011 20:22:43] /i snow
[30/06/2011 20:22:44] /i snow
[30/06/2011 20:22:45] /i snow
[30/06/2011 20:22:46] /i snow
[30/06/2011 20:22:47] /i snow
[30/06/2011 20:22:50] /i snow
[30/06/2011 20:22:51] /i snow
[30/06/2011 20:22:53] /i stone
[30/06/2011 20:22:54] /i stone
[30/06/2011 20:22:55] /i snow
[30/06/2011 20:22:57] /i snow
[30/06/2011 20:22:59] /r
[30/06/2011 20:23:02] /r
[30/06/2011 20:23:03] /i snow
[30/06/2011 20:23:04] /i snow
[30/06/2011 20:23:05] /i snow
[30/06/2011 20:23:06] /i snow
[30/06/2011 20:23:07] /i snow
[30/06/2011 20:23:08] /i snow
[30/06/2011 20:23:08] /i snow
[30/06/2011 20:23:09] /i snow
[30/06/2011 20:23:11] /i snow
[30/06/2011 20:23:12] /i snow
[30/06/2011 20:23:13] /i snow
[30/06/2011 20:23:14] /i snow
[30/06/2011 20:23:17] /i snow
[30/06/2011 20:23:18] /i snow
[30/06/2011 20:23:19] /i snow
[30/06/2011 20:23:20] /i snow
[30/06/2011 20:23:22] /i snow
[30/06/2011 20:23:23] /i snow
[30/06/2011 20:23:26] /i ice
[30/06/2011 20:23:28] /i ice
[30/06/2011 20:23:29] /i ice
[30/06/2011 20:23:30] /i ice
[30/06/2011 20:23:33] /s entei
[30/06/2011 20:23:37] /r
[30/06/2011 20:23:38] /r
[30/06/2011 20:23:39] /r
[30/06/2011 20:23:55] /a 4
[30/06/2011 20:24:07] /a 2
[30/06/2011 20:24:23] /goto Blent
[30/06/2011 20:24:24] /goto Blent
[30/06/2011 20:24:25] /goto Blent
[30/06/2011 20:24:26] /goto Blent
[30/06/2011 20:24:26] /goto Blent
[30/06/2011 20:24:27] /goto Blent
[30/06/2011 20:24:28] /goto Blent
[30/06/2011 20:24:28] /goto Blent
[30/06/2011 20:24:29] /goto Blent
[30/06/2011 20:24:30] /goto Blent
[30/06/2011 20:24:33] /r
[30/06/2011 20:24:38] /r
[30/06/2011 20:24:49] /r
[30/06/2011 20:24:57] /i tapestry
[30/06/2011 20:25:01] /i window
[30/06/2011 20:25:04] /i stone
[30/06/2011 20:25:06] /i stone
[30/06/2011 20:25:11] /i rock
[30/06/2011 20:25:14] /r
[30/06/2011 20:25:17] /i water
[30/06/2011 20:25:18] /i water
[30/06/2011 20:25:19] /i water
[30/06/2011 20:25:20] /i water
[30/06/2011 20:25:20] /i water
[30/06/2011 20:25:21] /i water
[30/06/2011 20:25:22] /i water
[30/06/2011 20:25:23] /i water
[30/06/2011 20:25:23] /i water
[30/06/2011 20:25:24] /i water
[30/06/2011 20:25:25] /i water
[30/06/2011 20:25:25] /i water
[30/06/2011 20:25:26] /i water
[30/06/2011 20:25:27] /i water
[30/06/2011 20:25:28] /i water
[30/06/2011 20:25:28] /i water
[30/06/2011 20:25:29] /i water
[30/06/2011 20:25:30] /i water
[30/06/2011 20:25:31] /i water
[30/06/2011 20:25:32] /i water
[30/06/2011 20:25:32] /i water
[30/06/2011 20:25:33] /i water
[30/06/2011 20:25:34] /i water
[30/06/2011 20:25:35] /i water
[30/06/2011 20:25:35] /i water
[30/06/2011 20:25:36] /i water
[30/06/2011 20:25:38] /i water
[30/06/2011 20:25:39] /i water
[30/06/2011 20:25:40] /r
[30/06/2011 20:25:42] /i water
[30/06/2011 20:25:43] /i water
[30/06/2011 20:25:43] /i water
[30/06/2011 20:25:44] /i water
[30/06/2011 20:25:45] /i water
[30/06/2011 20:25:51] /i snow
[30/06/2011 20:25:53] /i snow
[30/06/2011 20:25:54] /i snow
[30/06/2011 20:25:55] /i snow
[30/06/2011 20:25:56] /i snow
[30/06/2011 20:25:56] /i snow
[30/06/2011 20:25:57] /i snow
[30/06/2011 20:25:58] /i snow
[30/06/2011 20:25:59] /i snow
[30/06/2011 20:25:59] /i snow
[30/06/2011 20:26:00] /i snow
[30/06/2011 20:26:01] /i snow
[30/06/2011 20:26:02] /i snow
[30/06/2011 20:26:03] /i snow
[30/06/2011 20:26:04] /i snow
[30/06/2011 20:26:04] /i snow
[30/06/2011 20:26:06] /i snow
[30/06/2011 20:26:07] /i snow
[30/06/2011 20:26:08] /i snow
[30/06/2011 20:26:09] /i snow
[30/06/2011 20:26:09] /i snow
[30/06/2011 20:26:10] /i snow
[30/06/2011 20:26:11] /i snow
[30/06/2011 20:26:12] /i snow
[30/06/2011 20:26:13] /i snow
[30/06/2011 20:26:14] /i snow
[30/06/2011 20:26:17] /i ice
[30/06/2011 20:26:18] /i ice
[30/06/2011 20:26:19] /i ice
[30/06/2011 20:26:21] /i ice
[30/06/2011 20:26:22] /i ice
[30/06/2011 20:26:23] /i ice
[30/06/2011 20:26:23] /i ice
[30/06/2011 20:26:24] /i ice
[30/06/2011 20:26:25] /i ice
[30/06/2011 20:26:26] /i ice
[30/06/2011 20:26:27] /i ice
[30/06/2011 20:26:28] /i ice
[30/06/2011 20:26:28] /i ice
[30/06/2011 20:26:29] /i ice
[30/06/2011 20:26:30] /i ice
[30/06/2011 20:26:31] /i ice
[30/06/2011 20:26:32] /i ice
[30/06/2011 20:26:33] /i ice
[30/06/2011 20:26:34] /i ice
[30/06/2011 20:26:34] /i ice
[30/06/2011 20:26:35] /i ice
[30/06/2011 20:26:36] /i ice
[30/06/2011 20:26:37] /i ice
[30/06/2011 20:26:38] /i ice
[30/06/2011 20:26:38] /i ice
[30/06/2011 20:26:39] /i ice
[30/06/2011 20:26:40] /i ice
[30/06/2011 20:26:41] /i ice
[30/06/2011 20:26:41] /i ice
[30/06/2011 20:26:44] /s chinchow
[30/06/2011 20:26:47] /s chinchou
[30/06/2011 20:26:52] /i ice
[30/06/2011 20:26:52] /i ice
[30/06/2011 20:26:53] /i ice
[30/06/2011 20:26:54] /i ice
[30/06/2011 20:26:55] /i ice
[30/06/2011 20:27:00] /m articuno
[30/06/2011 20:27:21] /i fire
[30/06/2011 20:27:23] /i fire
[30/06/2011 20:27:24] /i fire
[30/06/2011 20:27:25] /i fire
[30/06/2011 20:27:25] /i fire
[30/06/2011 20:27:26] /i fire
[30/06/2011 20:27:27] /i fire
[30/06/2011 20:27:27] /i fire
[30/06/2011 20:27:28] /i fire
[30/06/2011 20:27:29] /i fire
[30/06/2011 20:27:30] /i fire
[30/06/2011 20:27:31] /i fire
[30/06/2011 20:27:33] /i fire
[30/06/2011 20:27:34] /i fire
[30/06/2011 20:27:34] /i fire
[30/06/2011 20:27:35] /i fire
[30/06/2011 20:27:36] /i fire
[30/06/2011 20:27:37] /i fire
[30/06/2011 20:27:37] /i fire
[30/06/2011 20:27:38] /i fire
[30/06/2011 20:27:39] /i fire
[30/06/2011 20:27:39] /i fire
[30/06/2011 20:27:40] /i fire
[30/06/2011 20:27:41] /i fire
[30/06/2011 20:27:42] /i fire
[30/06/2011 20:27:42] /i fire
[30/06/2011 20:27:43] /i fire
[30/06/2011 20:27:44] /i fire
[30/06/2011 20:27:45] /i fire
[30/06/2011 20:27:46] /i fire
[30/06/2011 20:27:47] /i fire
[30/06/2011 20:27:51] /i 2831
[30/06/2011 20:27:58] /i 2832
[30/06/2011 20:28:08] /i 2835
[30/06/2011 20:28:25] /i 2835
[30/06/2011 20:28:34] /i 2839
[30/06/2011 20:28:41] /i 2840
[30/06/2011 20:28:48] /i 2843
[30/06/2011 20:28:54] /i 2844
[30/06/2011 20:29:07] /i 2846
[30/06/2011 20:29:09] /i 2847
[30/06/2011 20:29:12] /i 2849
[30/06/2011 20:29:29] /i 2849
[30/06/2011 20:29:35] /i 2848
[30/06/2011 20:29:49] /i 2853
[30/06/2011 20:30:00] /i 2857
[30/06/2011 20:30:08] /i 2860
[30/06/2011 20:30:10] /i 2862
[30/06/2011 20:30:12] /i 2864
[30/06/2011 20:30:14] /i 2866
[30/06/2011 20:30:25] /i 2867
[30/06/2011 20:30:26] /i 2868
[30/06/2011 20:30:30] /i 2871
[30/06/2011 20:30:32] /i 2872
[30/06/2011 20:30:33] /i 2874
[30/06/2011 20:30:36] /i 2873
[30/06/2011 20:30:47] /i 2876
[30/06/2011 20:30:48] /i 2877
[30/06/2011 20:30:50] /i 2878
[30/06/2011 20:31:01] /i 2881
[30/06/2011 20:31:02] /i 2882
[30/06/2011 20:31:03] /i 2883
[30/06/2011 20:31:12] /i 2886
[30/06/2011 20:31:15] /i 2886
[30/06/2011 20:31:17] /i 2886
[30/06/2011 20:31:18] /i 2886
[30/06/2011 20:31:19] /i 2886
[30/06/2011 20:31:44] /i 2889
[30/06/2011 20:32:13] /i 2893
[30/06/2011 20:32:21] /i 2897
[30/06/2011 20:32:30] /i 289788
[30/06/2011 20:32:33] /i 2899
[30/06/2011 20:32:39] /i 2902
[30/06/2011 20:32:53] /i 2905
[30/06/2011 20:32:57] /i 2906
[30/06/2011 20:33:02] /i 298
[30/06/2011 20:33:05] /i 2908
[30/06/2011 20:33:09] /i 2909
[30/06/2011 20:33:13] /i 2913
[30/06/2011 20:33:17] /i 2914
[30/06/2011 20:33:22] /i 2915
[30/06/2011 20:33:26] /i 2917
[30/06/2011 20:33:30] /i 2920
[30/06/2011 20:33:35] /i 2924
[30/06/2011 20:33:39] /i 2925
[30/06/2011 20:33:45] /i 2929
[30/06/2011 20:33:48] /i 2931
[30/06/2011 20:33:53] /i 2936
[30/06/2011 20:33:56] /i 2935
[30/06/2011 20:34:01] /i 2938
[30/06/2011 20:34:10] /r
[30/06/2011 20:34:14] /r
[30/06/2011 20:34:18] /i 2940
[30/06/2011 20:34:23] /i 2942
[30/06/2011 20:34:31] /i 2941
[30/06/2011 20:34:38] /clean
[30/06/2011 20:34:40] /clean
[30/06/2011 20:34:47] /i 245
[30/06/2011 20:34:52] /i 2945
[30/06/2011 20:34:57] /i 2946
[30/06/2011 20:35:00] /r
[30/06/2011 20:35:02] /r
[30/06/2011 20:35:03] /r
[30/06/2011 20:35:05] /r
[30/06/2011 20:35:06] /r
[30/06/2011 20:35:08] /r
[30/06/2011 20:35:11] /i magma
[30/06/2011 20:35:14] /i lava
[30/06/2011 20:35:15] /i lava
[30/06/2011 20:35:16] /i lava
[30/06/2011 20:35:17] /i lava
[30/06/2011 20:35:18] /i lava
[30/06/2011 20:35:18] /i lava
[30/06/2011 20:35:19] /i lava
[30/06/2011 20:35:20] /i lava
[30/06/2011 20:35:22] /i lava
[30/06/2011 20:35:22] /i lava
[30/06/2011 20:35:23] /i lava
[30/06/2011 20:35:24] /i lava
[30/06/2011 20:35:26] /a 1
[30/06/2011 20:35:28] /i lava
[30/06/2011 20:35:29] /i lava
[30/06/2011 20:35:31] /a 1
[30/06/2011 20:35:32] /a 1
[30/06/2011 20:35:34] /i lava
[30/06/2011 20:35:34] /i lava
[30/06/2011 20:35:35] /i lava
[30/06/2011 20:35:36] /i lava
[30/06/2011 20:35:37] /i lava
[30/06/2011 20:35:38] /i lava
[30/06/2011 20:35:38] /i lava
[30/06/2011 20:35:39] /i lava
[30/06/2011 20:35:40] /i lava
[30/06/2011 20:35:41] /i lava
[30/06/2011 20:35:42] /i lava
[30/06/2011 20:35:42] /i lava
[30/06/2011 20:35:43] /i lava
[30/06/2011 20:35:44] /i lava
[30/06/2011 20:35:45] /i lava
[30/06/2011 20:35:45] /i lava
[30/06/2011 20:35:46] /i lava
[30/06/2011 20:35:47] /i lava
[30/06/2011 20:35:48] /i lava
[30/06/2011 20:35:57] /m shiny gengar
[30/06/2011 20:35:57] /m shiny gengar
[30/06/2011 20:35:58] /m shiny gengar
[30/06/2011 20:35:59] /m shiny gengar
[30/06/2011 20:35:59] /m shiny gengar
[30/06/2011 20:36:00] /m shiny gengar
[30/06/2011 20:36:00] /m shiny gengar
[30/06/2011 20:36:06] /a 3
[30/06/2011 20:36:08] /m shiny gengar
[30/06/2011 20:36:08] /m shiny gengar
[30/06/2011 20:36:08] /m shiny gengar
[30/06/2011 20:36:09] /m shiny gengar
[30/06/2011 20:36:10] /m shiny gengar
[30/06/2011 20:36:10] /m shiny gengar
[30/06/2011 20:36:11] /m shiny gengar
[30/06/2011 20:36:12] /m shiny gengar
[30/06/2011 20:36:13] /m shiny gengar
[30/06/2011 20:36:14] /m shiny gengar
[30/06/2011 20:36:25] /m shiny gengar
[30/06/2011 20:36:26] /m shiny gengar
[30/06/2011 20:36:28] /m shiny gengar
[30/06/2011 20:36:29] /m shiny gengar
[30/06/2011 20:37:17] /m shiny alakazam
[30/06/2011 20:37:18] /m shiny alakazam
[30/06/2011 20:37:23] /m shiny blastoise
[30/06/2011 20:37:24] /m shiny blastoise
[30/06/2011 20:37:24] /m shiny blastoise
[30/06/2011 20:37:24] /m shiny blastoise
[30/06/2011 20:37:25] /m shiny blastoise
[30/06/2011 20:37:25] /m shiny blastoise
[30/06/2011 20:37:27] /m shiny blastoise
[30/06/2011 20:37:27] /m shiny blastoise
[30/06/2011 20:37:56] /m shiny blastoise
[30/06/2011 20:37:57] /m shiny blastoise
[30/06/2011 20:37:57] /m shiny blastoise
[30/06/2011 20:37:58] /m shiny blastoise
[30/06/2011 20:37:59] /m shiny blastoise
[30/06/2011 20:37:59] /m shiny blastoise
[30/06/2011 20:38:00] /m shiny blastoise
[30/06/2011 20:38:01] /m shiny blastoise
[30/06/2011 20:38:03] /a 5
[30/06/2011 20:38:06] /m shiny blastoise
[30/06/2011 20:38:10] /r
[30/06/2011 20:38:15] /m shiny venusaur
[30/06/2011 20:38:16] /m shiny venusaur
[30/06/2011 20:38:16] /m shiny venusaur
[30/06/2011 20:38:16] /m shiny venusaur
[30/06/2011 20:38:17] /m shiny venusaur
[30/06/2011 20:38:18] /m shiny venusaur
[30/06/2011 20:38:28] /m shiny venusaur
[30/06/2011 20:38:29] /m shiny venusaur
[30/06/2011 20:38:29] /m shiny venusaur
[30/06/2011 20:38:34] /a 4
[30/06/2011 20:38:37] /a 4
[30/06/2011 20:38:39] /a 1
[30/06/2011 20:38:41] /m shiny venusaur
[30/06/2011 20:38:49] /m shiny venusaur
[30/06/2011 20:39:17] /m shiny gyarados
[30/06/2011 20:39:18] /m shiny gyarados
[30/06/2011 20:39:19] /m shiny gyarados
[30/06/2011 20:39:20] /m shiny gyarados
[30/06/2011 20:39:20] /m shiny gyarados
[30/06/2011 20:39:37] /m shiny gyarados
[30/06/2011 20:39:38] /m shiny gyarados
[30/06/2011 20:39:38] /m shiny gyarados
[30/06/2011 20:39:41] /a 3
[30/06/2011 20:39:44] /a 3
[30/06/2011 20:39:45] /a 3
[30/06/2011 20:39:58] /m shiny gyarados
[30/06/2011 20:40:05] /m shiny gyarados
[30/06/2011 20:40:05] /m shiny gyarados
[30/06/2011 20:40:06] /m shiny gyarados
[30/06/2011 20:40:06] /m shiny gyarados
[30/06/2011 20:40:07] /m shiny gyarados
[30/06/2011 20:40:27] /m shiny gyarados
[30/06/2011 20:40:52] /m shiny pidgeot
[30/06/2011 20:41:01] /m shiny electabuzz
[30/06/2011 20:41:03] /m shiny electabuzz
[30/06/2011 20:41:03] /m shiny electabuzz
[30/06/2011 20:41:03] /m shiny electabuzz
[30/06/2011 20:41:04] /m shiny electabuzz
[30/06/2011 20:41:22] /m shiny electabuzz
[30/06/2011 20:41:24] /m shiny electabuzz
[30/06/2011 20:41:25] /m shiny electabuzz
[30/06/2011 20:41:25] /m shiny electabuzz
[30/06/2011 20:41:48] /a 3
[30/06/2011 20:41:48] /a 3
[30/06/2011 20:41:51] /m shiny electabuzz
[30/06/2011 20:41:51] /m shiny electabuzz
[30/06/2011 20:41:52] /m shiny electabuzz
[30/06/2011 20:42:11] /m shiny scyther
[30/06/2011 20:42:12] /m shiny scyther
[30/06/2011 20:42:12] /m shiny scyther
[30/06/2011 20:42:13] /m shiny scyther
[30/06/2011 20:42:22] /m shiny scyther
[30/06/2011 20:42:23] /m shiny scyther
[30/06/2011 20:42:49] /a 3
[30/06/2011 20:42:57] /m shiny scyther
[30/06/2011 20:43:00] /a 3
[30/06/2011 20:43:01] /a 3
[30/06/2011 20:43:05] /m shiny scyther
[30/06/2011 20:43:06] /m shiny scyther
[30/06/2011 20:43:37] /a 3
[30/06/2011 20:43:43] /m shiny scyther
[30/06/2011 20:43:53] /m shiny scyther
[30/06/2011 20:44:08] /m shiny muk
[30/06/2011 20:44:09] /m shiny muk
[30/06/2011 20:44:10] /m shiny muk
[30/06/2011 20:44:22] /m shiny muk
[30/06/2011 20:44:27] /m shiny muk
[30/06/2011 20:44:35] /m shiny muk
[30/06/2011 20:44:38] /a 3
[30/06/2011 20:44:41] /m shiny muk
[30/06/2011 20:44:47] /m shiny muk
[30/06/2011 20:44:53] /m shiny muk
[30/06/2011 20:44:59] /m shiny muk
[30/06/2011 20:45:01] /m shiny muk
[30/06/2011 20:45:02] /a 3
[30/06/2011 20:45:05] /m shiny muk
[30/06/2011 20:45:16] /a 3
[30/06/2011 20:45:17] /a 3
[30/06/2011 20:45:17] /a 3
[30/06/2011 20:45:19] /a 3
[30/06/2011 20:45:24] /a 3
[30/06/2011 20:45:27] /r
[30/06/2011 20:45:28] /r
[30/06/2011 20:45:29] /r
[30/06/2011 20:45:30] /r
[30/06/2011 20:45:31] /r
[30/06/2011 20:45:31] /r
[30/06/2011 20:45:32] /r
[30/06/2011 20:45:32] /r
[30/06/2011 20:45:34] /r
[30/06/2011 20:45:35] /r
[30/06/2011 20:45:43] /i ice
[30/06/2011 20:45:45] /i ice
[30/06/2011 20:45:48] /r
[30/06/2011 20:45:49] /r
[30/06/2011 20:45:49] /r
[30/06/2011 20:45:50] /r
[30/06/2011 20:45:51] /r
[30/06/2011 20:46:04] /a 1
[30/06/2011 20:46:06] /i ice
[30/06/2011 20:46:08] /a 1
[30/06/2011 20:46:09] /i ice
[30/06/2011 20:46:11] /a 1
[30/06/2011 20:46:12] /i ice
[30/06/2011 20:46:14] /a 1
[30/06/2011 20:46:15] /a 1
[30/06/2011 20:46:16] /i ice
[30/06/2011 20:46:18] /a 1
[30/06/2011 20:46:21] /i ice
[30/06/2011 20:46:22] /a 1
[30/06/2011 20:46:24] /a 1
[30/06/2011 20:46:26] /i ice
[30/06/2011 20:46:27] /a 1
[30/06/2011 20:46:28] /i ice
[30/06/2011 20:46:30] /a 1
[30/06/2011 20:46:31] /i ice
[30/06/2011 20:46:32] /a 1
[30/06/2011 20:46:34] /i ice
[30/06/2011 20:46:37] /a 1
[30/06/2011 20:46:38] /i ice
[30/06/2011 20:46:39] /a 1
[30/06/2011 20:46:41] /i ice
[30/06/2011 20:46:42] /a 1
[30/06/2011 20:46:43] /i ice
[30/06/2011 20:46:44] /a 1
[30/06/2011 20:46:46] /i ice
[30/06/2011 20:46:47] /a 1
[30/06/2011 20:46:48] /i ice
[30/06/2011 20:46:49] /a 1
[30/06/2011 20:46:51] /i ice
[30/06/2011 20:46:52] /a 1
[30/06/2011 20:46:53] /i ice
[30/06/2011 20:46:54] /a 1
[30/06/2011 20:46:55] /i ice
[30/06/2011 20:46:57] /a 1
[30/06/2011 20:46:58] /i ice
[30/06/2011 20:46:59] /a 1
[30/06/2011 20:47:01] /i ice
[30/06/2011 20:47:02] /a 1
[30/06/2011 20:47:03] /i ice
[30/06/2011 20:47:04] /a 1
[30/06/2011 20:47:05] /i ice
[30/06/2011 20:47:10] /a 8
[30/06/2011 20:47:16] /m politoed
[30/06/2011 20:47:19] /s entei
[30/06/2011 20:47:28] /r
