[02/02/2012 05:41:34] /CPoke
[02/02/2012 05:41:39] /CPoke Arcanine
[02/02/2012 05:42:40] /CPoke Arcanine
[02/02/2012 05:45:46] /a 10
[02/02/2012 05:45:47] /a 10
[02/02/2012 05:45:48] /a 10
[02/02/2012 05:45:48] /a 10
[02/02/2012 05:45:49] /a 10
[02/02/2012 05:54:11] /CPoke arcanine
[02/02/2012 05:55:24] /CPoke Arcanine
[02/02/2012 05:56:36] /CPoke Arcanine
[02/02/2012 05:57:25] /CPoke Arcanine
[02/02/2012 05:58:23] /CPoke Arcanine
[02/02/2012 05:58:51] /CPoke Arcanine
[02/02/2012 05:59:49] /CPoke Arcanine
[02/02/2012 06:00:22] /CPoke Arcanine
[02/02/2012 06:01:19] /CPoke Arcanine
[02/02/2012 06:02:11] /CPoke Arcanine
[02/02/2012 06:02:14] /CPoke Arcanine
[02/02/2012 06:02:19] /CPoke Arcanine
[02/02/2012 06:02:38] /CPoke Arcanine
[02/02/2012 06:06:55] /CPoke Arcanine
[02/02/2012 06:31:30] /a 150
[02/02/2012 06:31:39] /m articuno
[02/02/2012 06:32:04] /s arcanine
