[04/07/2011 10:25:26] /s bellsprout
[04/07/2011 10:25:30] /m squirtle
[04/07/2011 10:25:33] /m squirtle
[04/07/2011 10:25:37] /m bulbasaur
[04/07/2011 10:25:39] /s bulbasaur
[04/07/2011 10:25:43] /r
[04/07/2011 10:25:44] /r
[04/07/2011 10:25:52] /m bulbasaur
[04/07/2011 10:26:03] /m squirtle
[04/07/2011 10:26:13] /m bulbasaur
[04/07/2011 10:26:30] /m bellsprout
[04/07/2011 10:26:39] /m bellsprout
[04/07/2011 10:26:49] /i potion
[04/07/2011 10:26:52] /i super potion
[04/07/2011 10:26:58] /clean
[04/07/2011 10:27:02] /s poliwag
[04/07/2011 10:27:05] /r
[04/07/2011 10:27:07] /m poliwag
[04/07/2011 11:47:16] /s raichy
[04/07/2011 11:47:19] /s raichu
[04/07/2011 11:47:45] /m golem
[04/07/2011 11:48:40] /m golem s
[04/07/2011 11:48:53] /m golem s
[04/07/2011 11:49:21] /m golem
[04/07/2011 11:49:24] /m golem
[04/07/2011 11:49:25] /m golem
[04/07/2011 11:49:25] /m golem
[04/07/2011 11:49:25] /m golem
[04/07/2011 11:49:25] /m golem
[04/07/2011 11:49:26] /m golem
[04/07/2011 11:49:39] /m golem
[04/07/2011 11:49:39] /m golem
[04/07/2011 11:49:40] /m golem
[04/07/2011 11:49:40] /m golem
[04/07/2011 11:49:40] /m golem
[04/07/2011 11:49:53] /s raichy
[04/07/2011 11:49:55] /s raichu
[04/07/2011 11:50:09] /s raichu
[04/07/2011 11:54:27] /s raichu
[04/07/2011 11:54:29] /m golem s
[04/07/2011 11:56:02] /s raichy
[04/07/2011 11:56:03] /s raichu
[04/07/2011 11:56:06] /m golem s
[04/07/2011 11:56:57] /s raichu
[04/07/2011 11:56:59] /m golem s
[04/07/2011 11:57:22] /r
[04/07/2011 11:57:25] /r
[04/07/2011 11:57:28] /s hitmonlee
[04/07/2011 11:57:31] /m golem
[04/07/2011 11:59:35] /m seel
[04/07/2011 11:59:38] /s oddish
[04/07/2011 11:59:45] /r
[04/07/2011 11:59:48] /s oddish
[04/07/2011 12:00:00] /s oddish
[04/07/2011 12:00:04] /s seel
[04/07/2011 12:00:10] /r
[04/07/2011 12:00:11] /m seel
[04/07/2011 12:00:30] /s diglet
[04/07/2011 12:00:33] /s digglet
[04/07/2011 12:00:37] /s diglett
[04/07/2011 12:00:44] /s seel
[04/07/2011 12:00:49] /r
[04/07/2011 12:00:50] /m seel
[04/07/2011 12:01:11] /m  pidgeot
[04/07/2011 12:04:58] /m pidgeot s
[04/07/2011 12:05:02] /s caterpie
[04/07/2011 13:52:52] /s shiny pidgeot
[04/07/2011 13:53:05] /newtype 573
[04/07/2011 13:53:53] /m totodile
[04/07/2011 13:53:56] /m cyndaquil
[04/07/2011 13:54:01] /s lugia
[04/07/2011 13:55:00] /r
[04/07/2011 13:55:01] /r
[04/07/2011 13:58:38] /newtype 573
[04/07/2011 13:58:44] /s shiny pidgeot
[04/07/2011 13:58:55] /s shiny alakazam
[04/07/2011 13:59:41] /newtype 574
[04/07/2011 16:38:35] /s shiny alakazam
[05/07/2011 10:43:36] /i fast ball
[05/07/2011 10:43:49] /i poke ball
[05/07/2011 10:43:56] /clean
[05/07/2011 10:44:11] /i 2222
[05/07/2011 11:07:26] /i fast ball
[05/07/2011 11:07:47] /s chikorita
[05/07/2011 11:07:58] /m totodile
[05/07/2011 11:08:04] /r
[05/07/2011 11:08:07] /r
[05/07/2011 11:08:13] /m charmander
[05/07/2011 11:08:56] /i poke ball
[05/07/2011 11:10:10] /i 2222
[05/07/2011 11:19:09] /i fast ball
[05/07/2011 11:19:22] /i 2219
[05/07/2011 11:19:31] /i 2218
[05/07/2011 11:20:06] /i 2220
[05/07/2011 11:20:26] /i 2909
[05/07/2011 11:20:52] /i ultra ball
[05/07/2011 12:39:26] /m chikorita
[05/07/2011 12:39:31] /s charizard
[05/07/2011 12:39:46] /s charizard
[05/07/2011 12:41:08] /i 2219
[05/07/2011 12:41:24] /i 2240
[05/07/2011 12:43:15] /s charizard
[05/07/2011 12:43:37] /r
[05/07/2011 12:45:26] /t
[05/07/2011 12:45:51] /m caterpie
[05/07/2011 12:45:53] /m weedle
[05/07/2011 13:03:33] /m caterpie
[05/07/2011 13:05:55] /m weedle
[05/07/2011 16:40:01] /m caterpie
[05/07/2011 16:40:06] /m rattata
[05/07/2011 16:42:19] /n nurse
[05/07/2011 16:43:14] /i fast ball
[05/07/2011 16:43:43] /m pidgey
[05/07/2011 16:44:35] /clean
[05/07/2011 16:44:40] /i fast ball
[05/07/2011 16:44:45] /i 2906
[05/07/2011 16:45:05] /i 2909
