[30/06/2011 19:52:02] /i rarecandy
[30/06/2011 19:52:08] /i rare candy
[30/06/2011 19:53:50] /s shiny tentacruel
[30/06/2011 19:54:03] /m crystal onix
[30/06/2011 19:54:07] /s shiny onix
[30/06/2011 19:54:12] /s crystalonix
[30/06/2011 19:54:16] /s crystal onix
[30/06/2011 19:54:22] /s onix s
[30/06/2011 19:54:27] /s onixs
[30/06/2011 19:54:35] /r
[30/06/2011 19:54:38] /c Blent
[30/06/2011 19:55:13] /s elite hitmonchan
[30/06/2011 19:55:37] /s shiny blastoise
[30/06/2011 19:55:44] /r
[30/06/2011 19:55:46] /r
[30/06/2011 19:55:49] /r
[30/06/2011 19:55:50] /r
[30/06/2011 19:55:53] /goto Blent
[30/06/2011 19:56:12] /s elder charizard
[30/06/2011 19:56:20] /goto Blent
[30/06/2011 19:56:30] /goto Blent
[30/06/2011 19:56:31] /goto Blent
[30/06/2011 19:56:31] /goto Blent
[30/06/2011 19:56:32] /goto Blent
[30/06/2011 19:56:33] /goto Blent
[30/06/2011 19:56:33] /goto Blent
[30/06/2011 19:56:34] /goto Blent
[30/06/2011 19:56:34] /goto Blent
[30/06/2011 19:57:00] /goto Blent
[30/06/2011 19:57:10] /s Shiny charizard
[30/06/2011 19:57:19] /newtype 523
[30/06/2011 19:57:25] /goto Blent
[30/06/2011 19:58:08] /newtype 524
[30/06/2011 19:58:21] /newtype 525
[30/06/2011 19:58:45] /goto Blent
[30/06/2011 19:58:55] /goto Blent
[30/06/2011 19:59:00] /goto Blent
[30/06/2011 19:59:02] /s charizard
[30/06/2011 19:59:12] /goto Blent
[30/06/2011 19:59:16] /c Hart
[30/06/2011 20:00:09] /goto Blent
[30/06/2011 20:00:11] /goto Blent
[30/06/2011 20:00:59] /m charizard
[30/06/2011 20:01:07] /m elder charizard
[30/06/2011 20:01:12] /m shiny charizard
[30/06/2011 20:01:18] /m charizard s
[30/06/2011 20:01:23] /goto Blent
[30/06/2011 20:01:36] /goto Blent
[30/06/2011 20:01:40] /goto Blent
[30/06/2011 20:02:13] /goto Blent
[30/06/2011 20:03:10] /goto Blent
[30/06/2011 20:03:26] /goto Blent
[30/06/2011 20:03:27] /goto Blent
[30/06/2011 20:03:35] /s shiny venusaur
[30/06/2011 20:03:41] /goto Blent
[30/06/2011 20:05:09] /s shiny dragonite
[30/06/2011 20:05:22] /s dragonite
[30/06/2011 20:05:28] /goto Blent
[30/06/2011 20:05:33] /goto Blent
[30/06/2011 20:05:36] /goto Blent
[30/06/2011 20:05:49] /s shiny pidgeot
[30/06/2011 20:06:01] /s shiny muk
[30/06/2011 20:06:11] /r
[30/06/2011 20:06:15] /r
[30/06/2011 20:06:29] /s shiny farfetchd
[30/06/2011 20:06:33] /r
[30/06/2011 20:06:34] /r
[30/06/2011 20:06:39] /s shiny abra
[30/06/2011 20:06:55] /m dragonite
[30/06/2011 20:07:07] /s elite hitmonchan
[30/06/2011 20:07:35] /m mew
[30/06/2011 20:08:23] /r
[30/06/2011 20:08:24] /r
[30/06/2011 20:08:27] /goto Blent
