[27/07/2011 12:06:01] /n jones
[27/07/2011 12:06:09] /r
[27/07/2011 12:06:25] /n jonas
[27/07/2011 12:06:36] /m squirtle
[27/07/2011 12:06:37] /m squirtle
[27/07/2011 12:06:37] /m squirtle
[27/07/2011 12:06:38] /m squirtle
[27/07/2011 12:06:38] /m squirtle
[27/07/2011 12:06:38] /m squirtle
[27/07/2011 12:06:49] /n jaime
[27/07/2011 12:07:03] /m charmander
[27/07/2011 12:07:17] /m bulbasaur
[27/07/2011 12:07:23] /n martin
[27/07/2011 12:07:45] /m charmander
[27/07/2011 12:11:16] /n jones
[27/07/2011 12:11:19] /r
[27/07/2011 12:11:21] /r
[27/07/2011 12:11:24] /n martin
[27/07/2011 12:11:33] /s charizard
[27/07/2011 12:11:38] /m bulbasaur
[27/07/2011 12:12:03] /r
[27/07/2011 12:12:05] /r
[27/07/2011 12:47:38] /n jonas
[27/07/2011 12:47:42] /n jaime
[27/07/2011 12:47:47] /a 50
[27/07/2011 12:47:51] /a 20
[27/07/2011 12:47:57] /n martin
[27/07/2011 12:48:00] /s charizard
[27/07/2011 12:48:26] /m charmander
[27/07/2011 12:48:33] /m squirtle
[27/07/2011 12:48:38] /m bulbasaur
[27/07/2011 12:48:44] /m squirtle
[27/07/2011 12:49:34] /m bulbasaur s
[27/07/2011 12:49:37] /m bulbasaur s
[27/07/2011 12:49:40] /m bulbasaur s
[27/07/2011 12:49:46] /m bulbasaur s
[27/07/2011 12:50:15] /m charmander
[27/07/2011 12:50:21] /r
[27/07/2011 20:36:11] /s bulbasaur
[27/07/2011 20:36:25] /s charmander
[27/07/2011 20:36:34] /r
[27/07/2011 20:38:54] /r
[27/07/2011 20:38:59] /s wartortle
[27/07/2011 20:39:26] /r
[27/07/2011 20:39:40] /s blastoise
[27/07/2011 20:40:08] /s venusaur
[27/07/2011 20:40:15] /r
[27/07/2011 20:40:17] /r
[27/07/2011 20:40:47] /s mew
[27/07/2011 20:40:52] /r
[27/07/2011 20:40:57] /s kakuna
[27/07/2011 20:41:06] /r
[27/07/2011 20:41:33] /s charizard
[27/07/2011 20:41:59] /s kadabra
[27/07/2011 20:42:35] /s abra
[27/07/2011 20:42:44] /r
[27/07/2011 20:42:45] /r
[27/07/2011 20:42:47] /r
[27/07/2011 20:43:03] /s alakazam
[27/07/2011 20:43:18] /r
[27/07/2011 21:13:46] /s scyther
[27/07/2011 21:13:54] /r
[27/07/2011 21:13:56] /r
[27/07/2011 21:28:16] /n nurse
[27/07/2011 21:28:19] /r
[02/08/2011 10:25:00] /i ultraball
[02/08/2011 10:25:02] /i ultra ball
[02/08/2011 10:25:05] /m squirtle
[02/08/2011 10:25:07] /s venusaur
[02/08/2011 10:25:12] /m charmander s
[02/08/2011 10:25:12] /m charmander s
[02/08/2011 10:25:12] /m charmander s
[02/08/2011 10:25:14] /r
[02/08/2011 10:25:15] /r
[02/08/2011 10:25:17] /r
[02/08/2011 10:25:18] /r
[02/08/2011 10:25:38] /m weedle
[02/08/2011 10:25:40] /m charmander s
[02/08/2011 10:25:44] /r
[02/08/2011 10:25:53] /r
[02/08/2011 10:26:27] /i 2223
[02/08/2011 11:10:32] /m weedle
[02/08/2011 11:10:34] /i lure ball
[02/08/2011 11:10:39] /s squirtle
[02/08/2011 11:10:44] /m charmander s
[02/08/2011 11:10:44] /m charmander s
[02/08/2011 11:10:46] /r
[02/08/2011 11:10:48] /r
[02/08/2011 11:10:58] /r
[02/08/2011 11:11:00] /r
[02/08/2011 11:11:17] /m weedle
